E:\CUDAINTERGRATED\CUDA_TEST_PROJECT\CUDA_NEWEST20160115-4MM-SOLE-CORRELATION\BNAPLATFORM-WIN64-CUDA7.0-20160115\SRC\CUCORMAT-2MM\X64\RELEASE\CORMAT-2MM.OBJ
E:\CUDAINTERGRATED\CUDA_TEST_PROJECT\CUDA_NEWEST20160115-4MM-SOLE-CORRELATION\BNAPLATFORM-WIN64-CUDA7.0-20160115\SRC\CUCORMAT-2MM\X64\RELEASE\VC110.PDB
E:\CUDAINTERGRATED\CUDA_TEST_PROJECT\CUDA_NEWEST20160115-4MM-SOLE-CORRELATION\BNAPLATFORM-WIN64-CUDA7.0-20160115\SRC\X64\RELEASE\CUCORMAT-2MM.EXE
E:\CUDAINTERGRATED\CUDA_TEST_PROJECT\CUDA_NEWEST20160115-4MM-SOLE-CORRELATION\BNAPLATFORM-WIN64-CUDA7.0-20160115\SRC\X64\RELEASE\CUCORMAT-2MM.PDB
E:\cudaintergrated\cuda_test_project\cuda_newest20160115-4mm-sole-correlation\BNAPlatform-win64-cuda7.0-20160115\src\CuCorMat-2mm\x64\Release\CorMat-2mm.cu.cache
E:\cudaintergrated\cuda_test_project\cuda_newest20160115-4mm-sole-correlation\BNAPlatform-win64-cuda7.0-20160115\src\CuCorMat-2mm\x64\Release\CorMat-2mm.cu.obj
E:\cudaintergrated\cuda_test_project\cuda_newest20160115-4mm-sole-correlation\BNAPlatform-win64-cuda7.0-20160115\src\CuCorMat-2mm\x64\Release\CorMat-2mm.obj
E:\cudaintergrated\cuda_test_project\cuda_newest20160115-4mm-sole-correlation\BNAPlatform-win64-cuda7.0-20160115\src\CuCorMat-2mm\x64\Release\cl.command.1.tlog
E:\cudaintergrated\cuda_test_project\cuda_newest20160115-4mm-sole-correlation\BNAPlatform-win64-cuda7.0-20160115\src\CuCorMat-2mm\x64\Release\CL.read.1.tlog
E:\cudaintergrated\cuda_test_project\cuda_newest20160115-4mm-sole-correlation\BNAPlatform-win64-cuda7.0-20160115\src\CuCorMat-2mm\x64\Release\CL.write.1.tlog
E:\cudaintergrated\cuda_test_project\cuda_newest20160115-4mm-sole-correlation\BNAPlatform-win64-cuda7.0-20160115\src\CuCorMat-2mm\x64\Release\link-cvtres.read.1.tlog
E:\cudaintergrated\cuda_test_project\cuda_newest20160115-4mm-sole-correlation\BNAPlatform-win64-cuda7.0-20160115\src\CuCorMat-2mm\x64\Release\link-cvtres.write.1.tlog
E:\cudaintergrated\cuda_test_project\cuda_newest20160115-4mm-sole-correlation\BNAPlatform-win64-cuda7.0-20160115\src\CuCorMat-2mm\x64\Release\link-rc.read.1.tlog
E:\cudaintergrated\cuda_test_project\cuda_newest20160115-4mm-sole-correlation\BNAPlatform-win64-cuda7.0-20160115\src\CuCorMat-2mm\x64\Release\link-rc.write.1.tlog
E:\cudaintergrated\cuda_test_project\cuda_newest20160115-4mm-sole-correlation\BNAPlatform-win64-cuda7.0-20160115\src\CuCorMat-2mm\x64\Release\link.command.1.tlog
E:\cudaintergrated\cuda_test_project\cuda_newest20160115-4mm-sole-correlation\BNAPlatform-win64-cuda7.0-20160115\src\CuCorMat-2mm\x64\Release\link.read.1.tlog
E:\cudaintergrated\cuda_test_project\cuda_newest20160115-4mm-sole-correlation\BNAPlatform-win64-cuda7.0-20160115\src\CuCorMat-2mm\x64\Release\link.write.1.tlog
E:\cudaintergrated\cuda_test_project\cuda_newest20160115-4mm-sole-correlation\BNAPlatform-win64-cuda7.0-20160115\src\CuCorMat-2mm\x64\Release\vc110.pdb
E:\cudaintergrated\cuda_test_project\cuda_newest20160115-4mm-sole-correlation\BNAPlatform-win64-cuda7.0-20160115\src\x64\Release\CuCorMat-2mm.pdb
E:\cudaintergrated\cuda_test_project\cuda_newest20160115-4mm-sole-correlation\BNAPlatform-win64-cuda7.0-20160115\src\x64\Release\CuCorMat-2mm.exe
