E:\PROJECT\PROGRAM\CUDA_NEWEST20160331\CUDA_NEWEST20160331\BNAPLATFORM-WIN64-CUDA7.0-20160115\SRC\CORMAT\CUCORMAT\CUCORMAT\CUCORMAT\DEBUG\CORMAT.OBJ
E:\PROJECT\PROGRAM\CUDA_NEWEST20160331\CUDA_NEWEST20160331\BNAPLATFORM-WIN64-CUDA7.0-20160115\SRC\CORMAT\CUCORMAT\CUCORMAT\CUCORMAT\DEBUG\VC110.PDB
E:\PROJECT\PROGRAM\CUDA_NEWEST20160331\CUDA_NEWEST20160331\BNAPLATFORM-WIN64-CUDA7.0-20160115\SRC\CORMAT\CUCORMAT\CUCORMAT\CUCORMAT\DEBUG\CUCORMAT.RES
E:\project\program\cuda_newest20160331\cuda_newest20160331\BNAPlatform-win64-cuda7.0-20160115\src\CorMat\CUCorMat\CUCORMAT\CUCorMat\Debug\CorMat.cu.cache
E:\project\program\cuda_newest20160331\cuda_newest20160331\BNAPlatform-win64-cuda7.0-20160115\src\CorMat\CUCorMat\CUCORMAT\CUCorMat\Debug\CorMat.cu.obj
E:\project\program\cuda_newest20160331\cuda_newest20160331\BNAPlatform-win64-cuda7.0-20160115\src\CorMat\CUCorMat\CUCORMAT\CUCorMat\Debug\CorMat.obj
E:\project\program\cuda_newest20160331\cuda_newest20160331\BNAPlatform-win64-cuda7.0-20160115\src\CorMat\CUCorMat\CUCORMAT\CUCorMat\Debug\cl.command.1.tlog
E:\project\program\cuda_newest20160331\cuda_newest20160331\BNAPlatform-win64-cuda7.0-20160115\src\CorMat\CUCorMat\CUCORMAT\CUCorMat\Debug\CL.read.1.tlog
E:\project\program\cuda_newest20160331\cuda_newest20160331\BNAPlatform-win64-cuda7.0-20160115\src\CorMat\CUCorMat\CUCORMAT\CUCorMat\Debug\CL.write.1.tlog
E:\project\program\cuda_newest20160331\cuda_newest20160331\BNAPlatform-win64-cuda7.0-20160115\src\CorMat\CUCorMat\CUCORMAT\CUCorMat\Debug\link-cvtres.read.1.tlog
E:\project\program\cuda_newest20160331\cuda_newest20160331\BNAPlatform-win64-cuda7.0-20160115\src\CorMat\CUCorMat\CUCORMAT\CUCorMat\Debug\link-cvtres.write.1.tlog
E:\project\program\cuda_newest20160331\cuda_newest20160331\BNAPlatform-win64-cuda7.0-20160115\src\CorMat\CUCorMat\CUCORMAT\CUCorMat\Debug\link-rc.read.1.tlog
E:\project\program\cuda_newest20160331\cuda_newest20160331\BNAPlatform-win64-cuda7.0-20160115\src\CorMat\CUCorMat\CUCORMAT\CUCorMat\Debug\link-rc.write.1.tlog
E:\project\program\cuda_newest20160331\cuda_newest20160331\BNAPlatform-win64-cuda7.0-20160115\src\CorMat\CUCorMat\CUCORMAT\CUCorMat\Debug\link.command.1.tlog
E:\project\program\cuda_newest20160331\cuda_newest20160331\BNAPlatform-win64-cuda7.0-20160115\src\CorMat\CUCorMat\CUCORMAT\CUCorMat\Debug\link.read.1.tlog
E:\project\program\cuda_newest20160331\cuda_newest20160331\BNAPlatform-win64-cuda7.0-20160115\src\CorMat\CUCorMat\CUCORMAT\CUCorMat\Debug\link.write.1.tlog
E:\project\program\cuda_newest20160331\cuda_newest20160331\BNAPlatform-win64-cuda7.0-20160115\src\CorMat\CUCorMat\CUCORMAT\CUCorMat\Debug\rc.command.1.tlog
E:\project\program\cuda_newest20160331\cuda_newest20160331\BNAPlatform-win64-cuda7.0-20160115\src\CorMat\CUCorMat\CUCORMAT\CUCorMat\Debug\rc.read.1.tlog
E:\project\program\cuda_newest20160331\cuda_newest20160331\BNAPlatform-win64-cuda7.0-20160115\src\CorMat\CUCorMat\CUCORMAT\CUCorMat\Debug\rc.write.1.tlog
E:\project\program\cuda_newest20160331\cuda_newest20160331\BNAPlatform-win64-cuda7.0-20160115\src\CorMat\CUCorMat\CUCORMAT\CUCorMat\Debug\CUCorMat.res
E:\project\program\cuda_newest20160331\cuda_newest20160331\BNAPlatform-win64-cuda7.0-20160115\src\CorMat\CUCorMat\CUCORMAT\CUCorMat\Debug\vc110.idb
E:\project\program\cuda_newest20160331\cuda_newest20160331\BNAPlatform-win64-cuda7.0-20160115\src\CorMat\CUCorMat\CUCORMAT\CUCorMat\Debug\vc110.pdb
E:\project\program\cuda_newest20160331\cuda_newest20160331\BNAPlatform-win64-cuda7.0-20160115\src\Debug\CUCorMat.pdb
