E:\PROJECT\PROGRAM\CUDA_NEWEST20160331\CUDA_NEWEST20160331\BNAPLATFORM-WIN64-CUDA7.0-20160115\SRC\PC_CPU\PC_CPU\X64\DEBUG\MAIN.OBJ
E:\PROJECT\PROGRAM\CUDA_NEWEST20160331\CUDA_NEWEST20160331\BNAPLATFORM-WIN64-CUDA7.0-20160115\SRC\PC_CPU\PC_CPU\X64\DEBUG\VC110.PDB
E:\PROJECT\PROGRAM\CUDA_NEWEST20160331\CUDA_NEWEST20160331\BNAPLATFORM-WIN64-CUDA7.0-20160115\SRC\X64\DEBUG\PC_CPU.ILK
E:\PROJECT\PROGRAM\CUDA_NEWEST20160331\CUDA_NEWEST20160331\BNAPLATFORM-WIN64-CUDA7.0-20160115\SRC\X64\DEBUG\PC_CPU.EXE
E:\PROJECT\PROGRAM\CUDA_NEWEST20160331\CUDA_NEWEST20160331\BNAPLATFORM-WIN64-CUDA7.0-20160115\SRC\X64\DEBUG\PC_CPU.PDB
E:\project\program\cuda_newest20160331\cuda_newest20160331\BNAPlatform-win64-cuda7.0-20160115\src\PC_CPU\PC_CPU\x64\Debug\main.obj
E:\project\program\cuda_newest20160331\cuda_newest20160331\BNAPlatform-win64-cuda7.0-20160115\src\PC_CPU\PC_CPU\x64\Debug\cl.command.1.tlog
E:\project\program\cuda_newest20160331\cuda_newest20160331\BNAPlatform-win64-cuda7.0-20160115\src\PC_CPU\PC_CPU\x64\Debug\CL.read.1.tlog
E:\project\program\cuda_newest20160331\cuda_newest20160331\BNAPlatform-win64-cuda7.0-20160115\src\PC_CPU\PC_CPU\x64\Debug\CL.write.1.tlog
E:\project\program\cuda_newest20160331\cuda_newest20160331\BNAPlatform-win64-cuda7.0-20160115\src\PC_CPU\PC_CPU\x64\Debug\link-cvtres.read.1.tlog
E:\project\program\cuda_newest20160331\cuda_newest20160331\BNAPlatform-win64-cuda7.0-20160115\src\PC_CPU\PC_CPU\x64\Debug\link-cvtres.write.1.tlog
E:\project\program\cuda_newest20160331\cuda_newest20160331\BNAPlatform-win64-cuda7.0-20160115\src\PC_CPU\PC_CPU\x64\Debug\link-rc.read.1.tlog
E:\project\program\cuda_newest20160331\cuda_newest20160331\BNAPlatform-win64-cuda7.0-20160115\src\PC_CPU\PC_CPU\x64\Debug\link-rc.write.1.tlog
E:\project\program\cuda_newest20160331\cuda_newest20160331\BNAPlatform-win64-cuda7.0-20160115\src\PC_CPU\PC_CPU\x64\Debug\link.command.1.tlog
E:\project\program\cuda_newest20160331\cuda_newest20160331\BNAPlatform-win64-cuda7.0-20160115\src\PC_CPU\PC_CPU\x64\Debug\link.read.1.tlog
E:\project\program\cuda_newest20160331\cuda_newest20160331\BNAPlatform-win64-cuda7.0-20160115\src\PC_CPU\PC_CPU\x64\Debug\link.write.1.tlog
E:\project\program\cuda_newest20160331\cuda_newest20160331\BNAPlatform-win64-cuda7.0-20160115\src\PC_CPU\PC_CPU\x64\Debug\vc110.idb
E:\project\program\cuda_newest20160331\cuda_newest20160331\BNAPlatform-win64-cuda7.0-20160115\src\PC_CPU\PC_CPU\x64\Debug\vc110.pdb
E:\project\program\cuda_newest20160331\cuda_newest20160331\BNAPlatform-win64-cuda7.0-20160115\src\x64\Debug\PC_CPU.pdb
E:\project\program\cuda_newest20160331\cuda_newest20160331\BNAPlatform-win64-cuda7.0-20160115\src\x64\Debug\PC_CPU.exe
E:\project\program\cuda_newest20160331\cuda_newest20160331\BNAPlatform-win64-cuda7.0-20160115\src\x64\Debug\PC_CPU.ilk
