E:\CUDAINTERGRATED\CUDA_TEST_PROJECT\CUDA_NEWEST20160115-4MM-SOLE-CORRELATION\BNAPLATFORM-WEIGHTED-NETWORK-WIN64-CUDA7.0-20160115\SRC\LOUVAIN_MODULARITY\LOUVAIN_MODULARITY\X64\RELEASE\TIMER.OBJ
E:\CUDAINTERGRATED\CUDA_TEST_PROJECT\CUDA_NEWEST20160115-4MM-SOLE-CORRELATION\BNAPLATFORM-WEIGHTED-NETWORK-WIN64-CUDA7.0-20160115\SRC\LOUVAIN_MODULARITY\LOUVAIN_MODULARITY\X64\RELEASE\MASLOV.OBJ
E:\CUDAINTERGRATED\CUDA_TEST_PROJECT\CUDA_NEWEST20160115-4MM-SOLE-CORRELATION\BNAPLATFORM-WEIGHTED-NETWORK-WIN64-CUDA7.0-20160115\SRC\LOUVAIN_MODULARITY\LOUVAIN_MODULARITY\X64\RELEASE\L_MODULARITY_CPU.OBJ
E:\CUDAINTERGRATED\CUDA_TEST_PROJECT\CUDA_NEWEST20160115-4MM-SOLE-CORRELATION\BNAPLATFORM-WEIGHTED-NETWORK-WIN64-CUDA7.0-20160115\SRC\LOUVAIN_MODULARITY\LOUVAIN_MODULARITY\X64\RELEASE\VC110.PDB
E:\CUDAINTERGRATED\CUDA_TEST_PROJECT\CUDA_NEWEST20160115-4MM-SOLE-CORRELATION\BNAPLATFORM-WEIGHTED-NETWORK-WIN64-CUDA7.0-20160115\BIN\LOUVAIN_MODULARITY.EXE
E:\CUDAINTERGRATED\CUDA_TEST_PROJECT\CUDA_NEWEST20160115-4MM-SOLE-CORRELATION\BNAPLATFORM-WEIGHTED-NETWORK-WIN64-CUDA7.0-20160115\BIN\LOUVAIN_MODULARITY.PDB
E:\project\program\cuda_newest20160331\cuda_newest20160331\BNAPlatform-weighted-win64-cuda7.0-20160331\src\Louvain_Modularity\Louvain_Modularity\x64\Release\L_Modularity_CPU.obj
E:\project\program\cuda_newest20160331\cuda_newest20160331\BNAPlatform-weighted-win64-cuda7.0-20160331\src\Louvain_Modularity\Louvain_Modularity\x64\Release\Maslov.obj
E:\project\program\cuda_newest20160331\cuda_newest20160331\BNAPlatform-weighted-win64-cuda7.0-20160331\src\Louvain_Modularity\Louvain_Modularity\x64\Release\Timer.obj
E:\project\program\cuda_newest20160331\cuda_newest20160331\BNAPlatform-weighted-win64-cuda7.0-20160331\src\Louvain_Modularity\Louvain_Modularity\x64\Release\cl.command.1.tlog
E:\project\program\cuda_newest20160331\cuda_newest20160331\BNAPlatform-weighted-win64-cuda7.0-20160331\src\Louvain_Modularity\Louvain_Modularity\x64\Release\CL.read.1.tlog
E:\project\program\cuda_newest20160331\cuda_newest20160331\BNAPlatform-weighted-win64-cuda7.0-20160331\src\Louvain_Modularity\Louvain_Modularity\x64\Release\CL.write.1.tlog
E:\project\program\cuda_newest20160331\cuda_newest20160331\BNAPlatform-weighted-win64-cuda7.0-20160331\src\Louvain_Modularity\Louvain_Modularity\x64\Release\link-cvtres.read.1.tlog
E:\project\program\cuda_newest20160331\cuda_newest20160331\BNAPlatform-weighted-win64-cuda7.0-20160331\src\Louvain_Modularity\Louvain_Modularity\x64\Release\link-cvtres.write.1.tlog
E:\project\program\cuda_newest20160331\cuda_newest20160331\BNAPlatform-weighted-win64-cuda7.0-20160331\src\Louvain_Modularity\Louvain_Modularity\x64\Release\link-rc.read.1.tlog
E:\project\program\cuda_newest20160331\cuda_newest20160331\BNAPlatform-weighted-win64-cuda7.0-20160331\src\Louvain_Modularity\Louvain_Modularity\x64\Release\link-rc.write.1.tlog
E:\project\program\cuda_newest20160331\cuda_newest20160331\BNAPlatform-weighted-win64-cuda7.0-20160331\src\Louvain_Modularity\Louvain_Modularity\x64\Release\link.command.1.tlog
E:\project\program\cuda_newest20160331\cuda_newest20160331\BNAPlatform-weighted-win64-cuda7.0-20160331\src\Louvain_Modularity\Louvain_Modularity\x64\Release\link.read.1.tlog
E:\project\program\cuda_newest20160331\cuda_newest20160331\BNAPlatform-weighted-win64-cuda7.0-20160331\src\Louvain_Modularity\Louvain_Modularity\x64\Release\link.write.1.tlog
E:\project\program\cuda_newest20160331\cuda_newest20160331\BNAPlatform-weighted-win64-cuda7.0-20160331\src\Louvain_Modularity\Louvain_Modularity\x64\Release\vc110.pdb
E:\project\program\cuda_newest20160331\cuda_newest20160331\BNAPlatform-weighted-win64-cuda7.0-20160331\src\Louvain_Modularity\Louvain_Modularity\..\..\..\bin\Louvain_Modularity.exe
