E:\PROJECT\PROGRAM\CUDA_NEWEST20160331\CUDA_NEWEST20160331\BNAPLATFORM-WEIGHTED-WIN64-CUDA7.0-20160331\SRC\CUCORMAT-2MM - MULTISPA\X64\RELEASE\CORMAT-2MM--MULTISPA.OBJ
E:\PROJECT\PROGRAM\CUDA_NEWEST20160331\CUDA_NEWEST20160331\BNAPLATFORM-WEIGHTED-WIN64-CUDA7.0-20160331\SRC\CUCORMAT-2MM - MULTISPA\X64\RELEASE\PARALLEL-PROGRAMMING-MULTISPA.OBJ
E:\PROJECT\PROGRAM\CUDA_NEWEST20160331\CUDA_NEWEST20160331\BNAPLATFORM-WEIGHTED-WIN64-CUDA7.0-20160331\SRC\CUCORMAT-2MM - MULTISPA\X64\RELEASE\VC110.PDB
E:\PROJECT\PROGRAM\CUDA_NEWEST20160331\CUDA_NEWEST20160331\BNAPLATFORM-WEIGHTED-WIN64-CUDA7.0-20160331\SRC\X64\RELEASE\CUCORMAT-2MM-MULTISPA.EXE
E:\PROJECT\PROGRAM\CUDA_NEWEST20160331\CUDA_NEWEST20160331\BNAPLATFORM-WEIGHTED-WIN64-CUDA7.0-20160331\SRC\X64\RELEASE\CUCORMAT-2MM-MULTISPA.PDB
E:\project\program\cuda_newest20160331\cuda_newest20160331\BNAPlatform-weighted-win64-cuda7.0-20160331\src\CuCorMat-2mm - Multispa\x64\Release\CorMat-2mm-transition--Multispa.cu.cache
E:\project\program\cuda_newest20160331\cuda_newest20160331\BNAPlatform-weighted-win64-cuda7.0-20160331\src\CuCorMat-2mm - Multispa\x64\Release\finergranularity-Multispa.cu.cache
E:\project\program\cuda_newest20160331\cuda_newest20160331\BNAPlatform-weighted-win64-cuda7.0-20160331\src\CuCorMat-2mm - Multispa\x64\Release\CorMat-2mm--Multispa.obj
E:\project\program\cuda_newest20160331\cuda_newest20160331\BNAPlatform-weighted-win64-cuda7.0-20160331\src\CuCorMat-2mm - Multispa\x64\Release\CorMat-2mm-transition--Multispa.cu.obj
E:\project\program\cuda_newest20160331\cuda_newest20160331\BNAPlatform-weighted-win64-cuda7.0-20160331\src\CuCorMat-2mm - Multispa\x64\Release\finergranularity-Multispa.cu.obj
E:\project\program\cuda_newest20160331\cuda_newest20160331\BNAPlatform-weighted-win64-cuda7.0-20160331\src\CuCorMat-2mm - Multispa\x64\Release\parallel-programming-Multispa.obj
E:\project\program\cuda_newest20160331\cuda_newest20160331\BNAPlatform-weighted-win64-cuda7.0-20160331\src\CuCorMat-2mm - Multispa\x64\Release\cl.command.1.tlog
E:\project\program\cuda_newest20160331\cuda_newest20160331\BNAPlatform-weighted-win64-cuda7.0-20160331\src\CuCorMat-2mm - Multispa\x64\Release\CL.read.1.tlog
E:\project\program\cuda_newest20160331\cuda_newest20160331\BNAPlatform-weighted-win64-cuda7.0-20160331\src\CuCorMat-2mm - Multispa\x64\Release\CL.write.1.tlog
E:\project\program\cuda_newest20160331\cuda_newest20160331\BNAPlatform-weighted-win64-cuda7.0-20160331\src\CuCorMat-2mm - Multispa\x64\Release\link-cvtres.read.1.tlog
E:\project\program\cuda_newest20160331\cuda_newest20160331\BNAPlatform-weighted-win64-cuda7.0-20160331\src\CuCorMat-2mm - Multispa\x64\Release\link-cvtres.write.1.tlog
E:\project\program\cuda_newest20160331\cuda_newest20160331\BNAPlatform-weighted-win64-cuda7.0-20160331\src\CuCorMat-2mm - Multispa\x64\Release\link-rc.read.1.tlog
E:\project\program\cuda_newest20160331\cuda_newest20160331\BNAPlatform-weighted-win64-cuda7.0-20160331\src\CuCorMat-2mm - Multispa\x64\Release\link-rc.write.1.tlog
E:\project\program\cuda_newest20160331\cuda_newest20160331\BNAPlatform-weighted-win64-cuda7.0-20160331\src\CuCorMat-2mm - Multispa\x64\Release\link.command.1.tlog
E:\project\program\cuda_newest20160331\cuda_newest20160331\BNAPlatform-weighted-win64-cuda7.0-20160331\src\CuCorMat-2mm - Multispa\x64\Release\link.read.1.tlog
E:\project\program\cuda_newest20160331\cuda_newest20160331\BNAPlatform-weighted-win64-cuda7.0-20160331\src\CuCorMat-2mm - Multispa\x64\Release\link.write.1.tlog
E:\project\program\cuda_newest20160331\cuda_newest20160331\BNAPlatform-weighted-win64-cuda7.0-20160331\src\CuCorMat-2mm - Multispa\x64\Release\vc110.pdb
E:\project\program\cuda_newest20160331\cuda_newest20160331\BNAPlatform-weighted-win64-cuda7.0-20160331\src\x64\Release\CuCorMat-2mm-Multispa.pdb
E:\project\program\cuda_newest20160331\cuda_newest20160331\BNAPlatform-weighted-win64-cuda7.0-20160331\src\x64\Release\CuCorMat-2mm-Multispa.exe
