生成启动时间为 2016/3/16 11:10:25。
     1>项目“E:\cudaintergrated\cuda_test_project\cuda_newest20160115-4mm-sole-correlation\BNAPlatform-weighted-network-win64-cuda7.0-20160115\src\CuCorMat-2mm - spa - GPUhisto\CuCorMat-2mm-spa.vcxproj”在节点 2 上(Rebuild 个目标)。
     1>CudaClean:
         cmd.exe /C "C:\Users\Lerond\AppData\Local\Temp\tmpf0bf26c8aa754186a338e4b5274bada2.cmd"
         "C:\Program Files\NVIDIA GPU Computing Toolkit\CUDA\v7.0\bin\nvcc.exe" -ccbin "E:\Program Files (x86)\Microsoft Visual Studio 11.0\VC\bin\x86_amd64"  -I"C:\Program Files\NVIDIA GPU Computing Toolkit\CUDA\v7.0\include" -I"C:\Program Files\NVIDIA GPU Computing Toolkit\CUDA\v7.0\include" -I..\common -I"C:\Program Files\NVIDIA GPU Computing Toolkit\CUDA\v7.0\include"     --keep-dir x64\Release -maxrregcount=0  --machine 64 --compile      -DWIN32 -DWIN64 -DNDEBUG -D_CONSOLE -D_MBCS -Xcompiler "/EHsc /W3 /nologo /Od /Zi  /MD  " -o x64\Release\CorMat-2mm-spa-GPUhisto.cu.obj "E:\cudaintergrated\cuda_test_project\cuda_newest20160115-4mm-sole-correlation\BNAPlatform-weighted-network-win64-cuda7.0-20160115\src\CuCorMat-2mm - spa - GPUhisto\CorMat-2mm-spa-GPUhisto.cu" -clean
         
         E:\cudaintergrated\cuda_test_project\cuda_newest20160115-4mm-sole-correlation\BNAPlatform-weighted-network-win64-cuda7.0-20160115\src\CuCorMat-2mm - spa - GPUhisto>"C:\Program Files\NVIDIA GPU Computing Toolkit\CUDA\v7.0\bin\nvcc.exe" -ccbin "E:\Program Files (x86)\Microsoft Visual Studio 11.0\VC\bin\x86_amd64"  -I"C:\Program Files\NVIDIA GPU Computing Toolkit\CUDA\v7.0\include" -I"C:\Program Files\NVIDIA GPU Computing Toolkit\CUDA\v7.0\include" -I..\common -I"C:\Program Files\NVIDIA GPU Computing Toolkit\CUDA\v7.0\include"     --keep-dir x64\Release -maxrregcount=0  --machine 64 --compile      -DWIN32 -DWIN64 -DNDEBUG -D_CONSOLE -D_MBCS -Xcompiler "/EHsc /W3 /nologo /Od /Zi  /MD  " -o x64\Release\CorMat-2mm-spa-GPUhisto.cu.obj "E:\cudaintergrated\cuda_test_project\cuda_newest20160115-4mm-sole-correlation\BNAPlatform-weighted-network-win64-cuda7.0-20160115\src\CuCorMat-2mm - spa - GPUhisto\CorMat-2mm-spa-GPUhisto.cu" -clean 
         CorMat-2mm-spa-GPUhisto.cu
       CudaClean:
         cmd.exe /C "C:\Users\Lerond\AppData\Local\Temp\tmpfc11d450ee0641edbeb14c8fcadfc241.cmd"
         "C:\Program Files\NVIDIA GPU Computing Toolkit\CUDA\v7.0\bin\nvcc.exe" -ccbin "E:\Program Files (x86)\Microsoft Visual Studio 11.0\VC\bin\x86_amd64"  -I"C:\Program Files\NVIDIA GPU Computing Toolkit\CUDA\v7.0\include" -I"C:\Program Files\NVIDIA GPU Computing Toolkit\CUDA\v7.0\include" -I..\common -I"C:\Program Files\NVIDIA GPU Computing Toolkit\CUDA\v7.0\include"     --keep-dir x64\Release -maxrregcount=0  --machine 64 --compile      -DWIN32 -DWIN64 -DNDEBUG -D_CONSOLE -D_MBCS -Xcompiler "/EHsc /W3 /nologo /Od /Zi  /MD  " -o x64\Release\CorMat-2mm-transition-GPUhisto.cu.obj "E:\cudaintergrated\cuda_test_project\cuda_newest20160115-4mm-sole-correlation\BNAPlatform-weighted-network-win64-cuda7.0-20160115\src\CuCorMat-2mm - spa - GPUhisto\CorMat-2mm-transition-GPUhisto.cu" -clean
         
         E:\cudaintergrated\cuda_test_project\cuda_newest20160115-4mm-sole-correlation\BNAPlatform-weighted-network-win64-cuda7.0-20160115\src\CuCorMat-2mm - spa - GPUhisto>"C:\Program Files\NVIDIA GPU Computing Toolkit\CUDA\v7.0\bin\nvcc.exe" -ccbin "E:\Program Files (x86)\Microsoft Visual Studio 11.0\VC\bin\x86_amd64"  -I"C:\Program Files\NVIDIA GPU Computing Toolkit\CUDA\v7.0\include" -I"C:\Program Files\NVIDIA GPU Computing Toolkit\CUDA\v7.0\include" -I..\common -I"C:\Program Files\NVIDIA GPU Computing Toolkit\CUDA\v7.0\include"     --keep-dir x64\Release -maxrregcount=0  --machine 64 --compile      -DWIN32 -DWIN64 -DNDEBUG -D_CONSOLE -D_MBCS -Xcompiler "/EHsc /W3 /nologo /Od /Zi  /MD  " -o x64\Release\CorMat-2mm-transition-GPUhisto.cu.obj "E:\cudaintergrated\cuda_test_project\cuda_newest20160115-4mm-sole-correlation\BNAPlatform-weighted-network-win64-cuda7.0-20160115\src\CuCorMat-2mm - spa - GPUhisto\CorMat-2mm-transition-GPUhisto.cu" -clean 
         CorMat-2mm-transition-GPUhisto.cu
       InitializeBuildStatus:
         正在创建“x64\Release\CuCorMat-2mm-spa-GPUhisto.unsuccessfulbuild”，因为已指定“AlwaysCreate”。
       AddCudaCompileDeps:
         E:\Program Files (x86)\Microsoft Visual Studio 11.0\VC\bin\x86_amd64\cl.exe /E /nologo /showIncludes /TP /D__CUDACC__ /DWIN32 /DWIN64 /DNDEBUG /D_CONSOLE /D_MBCS /I"C:\Program Files\NVIDIA GPU Computing Toolkit\CUDA\v7.0\include" /I"C:\Program Files\NVIDIA GPU Computing Toolkit\CUDA\v7.0\include" /I..\common /I"C:\Program Files\NVIDIA GPU Computing Toolkit\CUDA\v7.0\bin" /I"C:\Program Files\NVIDIA GPU Computing Toolkit\CUDA\v7.0\include" /I. /FIcuda_runtime.h /c "E:\cudaintergrated\cuda_test_project\cuda_newest20160115-4mm-sole-correlation\BNAPlatform-weighted-network-win64-cuda7.0-20160115\src\CuCorMat-2mm - spa - GPUhisto\CorMat-2mm-spa-GPUhisto.cu" 
       AddCudaCompileDeps:
         E:\Program Files (x86)\Microsoft Visual Studio 11.0\VC\bin\x86_amd64\cl.exe /E /nologo /showIncludes /TP /D__CUDACC__ /DWIN32 /DWIN64 /DNDEBUG /D_CONSOLE /D_MBCS /I"C:\Program Files\NVIDIA GPU Computing Toolkit\CUDA\v7.0\include" /I"C:\Program Files\NVIDIA GPU Computing Toolkit\CUDA\v7.0\include" /I..\common /I"C:\Program Files\NVIDIA GPU Computing Toolkit\CUDA\v7.0\bin" /I"C:\Program Files\NVIDIA GPU Computing Toolkit\CUDA\v7.0\include" /I. /FIcuda_runtime.h /c "E:\cudaintergrated\cuda_test_project\cuda_newest20160115-4mm-sole-correlation\BNAPlatform-weighted-network-win64-cuda7.0-20160115\src\CuCorMat-2mm - spa - GPUhisto\CorMat-2mm-transition-GPUhisto.cu" 
       CudaBuild:
         Compiling CUDA source file CorMat-2mm-spa-GPUhisto.cu...
         cmd.exe /C "C:\Users\Lerond\AppData\Local\Temp\tmpd80e1d9e61b94e7c9ac0df1f13067d16.cmd"
         "C:\Program Files\NVIDIA GPU Computing Toolkit\CUDA\v7.0\bin\nvcc.exe" -gencode=arch=compute_20,code=\"sm_20,compute_20\" --use-local-env --cl-version 2012 -ccbin "E:\Program Files (x86)\Microsoft Visual Studio 11.0\VC\bin\x86_amd64"  -I"C:\Program Files\NVIDIA GPU Computing Toolkit\CUDA\v7.0\include" -I"C:\Program Files\NVIDIA GPU Computing Toolkit\CUDA\v7.0\include" -I..\common -I"C:\Program Files\NVIDIA GPU Computing Toolkit\CUDA\v7.0\include"     --keep-dir x64\Release -maxrregcount=0  --machine 64 --compile -cudart static     -DWIN32 -DWIN64 -DNDEBUG -D_CONSOLE -D_MBCS -Xcompiler "/EHsc /W3 /nologo /Od /Zi  /MD  " -o x64\Release\CorMat-2mm-spa-GPUhisto.cu.obj "E:\cudaintergrated\cuda_test_project\cuda_newest20160115-4mm-sole-correlation\BNAPlatform-weighted-network-win64-cuda7.0-20160115\src\CuCorMat-2mm - spa - GPUhisto\CorMat-2mm-spa-GPUhisto.cu"
         
         E:\cudaintergrated\cuda_test_project\cuda_newest20160115-4mm-sole-correlation\BNAPlatform-weighted-network-win64-cuda7.0-20160115\src\CuCorMat-2mm - spa - GPUhisto>"C:\Program Files\NVIDIA GPU Computing Toolkit\CUDA\v7.0\bin\nvcc.exe" -gencode=arch=compute_20,code=\"sm_20,compute_20\" --use-local-env --cl-version 2012 -ccbin "E:\Program Files (x86)\Microsoft Visual Studio 11.0\VC\bin\x86_amd64"  -I"C:\Program Files\NVIDIA GPU Computing Toolkit\CUDA\v7.0\include" -I"C:\Program Files\NVIDIA GPU Computing Toolkit\CUDA\v7.0\include" -I..\common -I"C:\Program Files\NVIDIA GPU Computing Toolkit\CUDA\v7.0\include"     --keep-dir x64\Release -maxrregcount=0  --machine 64 --compile -cudart static     -DWIN32 -DWIN64 -DNDEBUG -D_CONSOLE -D_MBCS -Xcompiler "/EHsc /W3 /nologo /Od /Zi  /MD  " -o x64\Release\CorMat-2mm-spa-GPUhisto.cu.obj "E:\cudaintergrated\cuda_test_project\cuda_newest20160115-4mm-sole-correlation\BNAPlatform-weighted-network-win64-cuda7.0-20160115\src\CuCorMat-2mm - spa - GPUhisto\CorMat-2mm-spa-GPUhisto.cu" 
     1>c:\program files\nvidia gpu computing toolkit\cuda\v7.0\include\math_functions.h : warning C4819: 该文件包含不能在当前代码页(936)中表示的字符。请将该文件保存为 Unicode 格式以防止数据丢失
     1>c:\program files\nvidia gpu computing toolkit\cuda\v7.0\include\math_functions.h(877): warning C4819: 该文件包含不能在当前代码页(936)中表示的字符。请将该文件保存为 Unicode 格式以防止数据丢失
     1>c:\program files\nvidia gpu computing toolkit\cuda\v7.0\include\math_functions.h(1850): warning C4819: 该文件包含不能在当前代码页(936)中表示的字符。请将该文件保存为 Unicode 格式以防止数据丢失
     1>c:\program files\nvidia gpu computing toolkit\cuda\v7.0\include\math_functions.h(2728): warning C4819: 该文件包含不能在当前代码页(936)中表示的字符。请将该文件保存为 Unicode 格式以防止数据丢失
     1>c:\program files\nvidia gpu computing toolkit\cuda\v7.0\include\math_functions.h(3651): warning C4819: 该文件包含不能在当前代码页(936)中表示的字符。请将该文件保存为 Unicode 格式以防止数据丢失
     1>c:\program files\nvidia gpu computing toolkit\cuda\v7.0\include\math_functions.h(4595): warning C4819: 该文件包含不能在当前代码页(936)中表示的字符。请将该文件保存为 Unicode 格式以防止数据丢失
     1>c:\program files\nvidia gpu computing toolkit\cuda\v7.0\include\math_functions.h(5521): warning C4819: 该文件包含不能在当前代码页(936)中表示的字符。请将该文件保存为 Unicode 格式以防止数据丢失
     1>c:\program files\nvidia gpu computing toolkit\cuda\v7.0\include\math_functions.h(6421): warning C4819: 该文件包含不能在当前代码页(936)中表示的字符。请将该文件保存为 Unicode 格式以防止数据丢失
     1>c:\program files\nvidia gpu computing toolkit\cuda\v7.0\include\math_functions.h(7314): warning C4819: 该文件包含不能在当前代码页(936)中表示的字符。请将该文件保存为 Unicode 格式以防止数据丢失
     1>c:\program files\nvidia gpu computing toolkit\cuda\v7.0\include\math_functions.h(8227): warning C4819: 该文件包含不能在当前代码页(936)中表示的字符。请将该文件保存为 Unicode 格式以防止数据丢失
     1>c:\program files\nvidia gpu computing toolkit\cuda\v7.0\include\device_functions.h : warning C4819: 该文件包含不能在当前代码页(936)中表示的字符。请将该文件保存为 Unicode 格式以防止数据丢失
     1>c:\program files\nvidia gpu computing toolkit\cuda\v7.0\include\device_functions.h(775): warning C4819: 该文件包含不能在当前代码页(936)中表示的字符。请将该文件保存为 Unicode 格式以防止数据丢失
     1>c:\program files\nvidia gpu computing toolkit\cuda\v7.0\include\device_functions.h(1632): warning C4819: 该文件包含不能在当前代码页(936)中表示的字符。请将该文件保存为 Unicode 格式以防止数据丢失
     1>c:\program files\nvidia gpu computing toolkit\cuda\v7.0\include\device_double_functions.h : warning C4819: 该文件包含不能在当前代码页(936)中表示的字符。请将该文件保存为 Unicode 格式以防止数据丢失
     1>E:/cudaintergrated/cuda_test_project/cuda_newest20160115-4mm-sole-correlation/BNAPlatform-weighted-network-win64-cuda7.0-20160115/src/CuCorMat-2mm - spa - GPUhisto/CorMat-2mm-spa-GPUhisto.cu(121): warning : variable "kk" was declared but never referenced
         
     1>E:/cudaintergrated/cuda_test_project/cuda_newest20160115-4mm-sole-correlation/BNAPlatform-weighted-network-win64-cuda7.0-20160115/src/CuCorMat-2mm - spa - GPUhisto/CorMat-2mm-spa-GPUhisto.cu(38): warning : variable "BOLD_t1" was set but never used
         
     1>E:/cudaintergrated/cuda_test_project/cuda_newest20160115-4mm-sole-correlation/BNAPlatform-weighted-network-win64-cuda7.0-20160115/src/CuCorMat-2mm - spa - GPUhisto/CorMat-2mm-spa-GPUhisto.cu(38): warning : variable "BOLD_t2" was set but never used
         
     1>E:/cudaintergrated/cuda_test_project/cuda_newest20160115-4mm-sole-correlation/BNAPlatform-weighted-network-win64-cuda7.0-20160115/src/CuCorMat-2mm - spa - GPUhisto/CorMat-2mm-spa-GPUhisto.cu(38): warning : variable "tempout" was set but never used
         
     1>E:/cudaintergrated/cuda_test_project/cuda_newest20160115-4mm-sole-correlation/BNAPlatform-weighted-network-win64-cuda7.0-20160115/src/CuCorMat-2mm - spa - GPUhisto/CorMat-2mm-spa-GPUhisto.cu(330): warning : variable "FreeMem" was set but never used
         
     1>E:/cudaintergrated/cuda_test_project/cuda_newest20160115-4mm-sole-correlation/BNAPlatform-weighted-network-win64-cuda7.0-20160115/src/CuCorMat-2mm - spa - GPUhisto/CorMat-2mm-spa-GPUhisto.cu(450): warning : variable "index" was declared but never referenced
         
     1>c:\program files\nvidia gpu computing toolkit\cuda\v7.0\include\math_functions.h : warning C4819: 该文件包含不能在当前代码页(936)中表示的字符。请将该文件保存为 Unicode 格式以防止数据丢失
     1>c:\program files\nvidia gpu computing toolkit\cuda\v7.0\include\math_functions.h(877): warning C4819: 该文件包含不能在当前代码页(936)中表示的字符。请将该文件保存为 Unicode 格式以防止数据丢失
     1>c:\program files\nvidia gpu computing toolkit\cuda\v7.0\include\math_functions.h(1850): warning C4819: 该文件包含不能在当前代码页(936)中表示的字符。请将该文件保存为 Unicode 格式以防止数据丢失
     1>c:\program files\nvidia gpu computing toolkit\cuda\v7.0\include\math_functions.h(2728): warning C4819: 该文件包含不能在当前代码页(936)中表示的字符。请将该文件保存为 Unicode 格式以防止数据丢失
     1>c:\program files\nvidia gpu computing toolkit\cuda\v7.0\include\math_functions.h(3651): warning C4819: 该文件包含不能在当前代码页(936)中表示的字符。请将该文件保存为 Unicode 格式以防止数据丢失
     1>c:\program files\nvidia gpu computing toolkit\cuda\v7.0\include\math_functions.h(4595): warning C4819: 该文件包含不能在当前代码页(936)中表示的字符。请将该文件保存为 Unicode 格式以防止数据丢失
     1>c:\program files\nvidia gpu computing toolkit\cuda\v7.0\include\math_functions.h(5521): warning C4819: 该文件包含不能在当前代码页(936)中表示的字符。请将该文件保存为 Unicode 格式以防止数据丢失
     1>c:\program files\nvidia gpu computing toolkit\cuda\v7.0\include\math_functions.h(6421): warning C4819: 该文件包含不能在当前代码页(936)中表示的字符。请将该文件保存为 Unicode 格式以防止数据丢失
     1>c:\program files\nvidia gpu computing toolkit\cuda\v7.0\include\math_functions.h(7314): warning C4819: 该文件包含不能在当前代码页(936)中表示的字符。请将该文件保存为 Unicode 格式以防止数据丢失
     1>c:\program files\nvidia gpu computing toolkit\cuda\v7.0\include\math_functions.h(8227): warning C4819: 该文件包含不能在当前代码页(936)中表示的字符。请将该文件保存为 Unicode 格式以防止数据丢失
     1>c:\program files\nvidia gpu computing toolkit\cuda\v7.0\include\math_functions.h : warning C4819: 该文件包含不能在当前代码页(936)中表示的字符。请将该文件保存为 Unicode 格式以防止数据丢失
     1>c:\program files\nvidia gpu computing toolkit\cuda\v7.0\include\math_functions.h(877): warning C4819: 该文件包含不能在当前代码页(936)中表示的字符。请将该文件保存为 Unicode 格式以防止数据丢失
     1>c:\program files\nvidia gpu computing toolkit\cuda\v7.0\include\math_functions.h(1850): warning C4819: 该文件包含不能在当前代码页(936)中表示的字符。请将该文件保存为 Unicode 格式以防止数据丢失
     1>c:\program files\nvidia gpu computing toolkit\cuda\v7.0\include\math_functions.h(2728): warning C4819: 该文件包含不能在当前代码页(936)中表示的字符。请将该文件保存为 Unicode 格式以防止数据丢失
     1>c:\program files\nvidia gpu computing toolkit\cuda\v7.0\include\math_functions.h(3651): warning C4819: 该文件包含不能在当前代码页(936)中表示的字符。请将该文件保存为 Unicode 格式以防止数据丢失
     1>c:\program files\nvidia gpu computing toolkit\cuda\v7.0\include\math_functions.h(4595): warning C4819: 该文件包含不能在当前代码页(936)中表示的字符。请将该文件保存为 Unicode 格式以防止数据丢失
     1>c:\program files\nvidia gpu computing toolkit\cuda\v7.0\include\math_functions.h(5521): warning C4819: 该文件包含不能在当前代码页(936)中表示的字符。请将该文件保存为 Unicode 格式以防止数据丢失
     1>c:\program files\nvidia gpu computing toolkit\cuda\v7.0\include\math_functions.h(6421): warning C4819: 该文件包含不能在当前代码页(936)中表示的字符。请将该文件保存为 Unicode 格式以防止数据丢失
     1>c:\program files\nvidia gpu computing toolkit\cuda\v7.0\include\math_functions.h(7314): warning C4819: 该文件包含不能在当前代码页(936)中表示的字符。请将该文件保存为 Unicode 格式以防止数据丢失
     1>c:\program files\nvidia gpu computing toolkit\cuda\v7.0\include\math_functions.h(8227): warning C4819: 该文件包含不能在当前代码页(936)中表示的字符。请将该文件保存为 Unicode 格式以防止数据丢失
     1>c:\program files\nvidia gpu computing toolkit\cuda\v7.0\include\device_functions_decls.h : warning C4819: 该文件包含不能在当前代码页(936)中表示的字符。请将该文件保存为 Unicode 格式以防止数据丢失
     1>c:\program files\nvidia gpu computing toolkit\cuda\v7.0\include\device_functions_decls.h(917): warning C4819: 该文件包含不能在当前代码页(936)中表示的字符。请将该文件保存为 Unicode 格式以防止数据丢失
     1>c:\program files\nvidia gpu computing toolkit\cuda\v7.0\include\device_functions_decls.h(1921): warning C4819: 该文件包含不能在当前代码页(936)中表示的字符。请将该文件保存为 Unicode 格式以防止数据丢失
     1>c:\program files\nvidia gpu computing toolkit\cuda\v7.0\include\device_functions_decls.h(2857): warning C4819: 该文件包含不能在当前代码页(936)中表示的字符。请将该文件保存为 Unicode 格式以防止数据丢失
     1>c:\program files\nvidia gpu computing toolkit\cuda\v7.0\include\device_functions_decls.h(3802): warning C4819: 该文件包含不能在当前代码页(936)中表示的字符。请将该文件保存为 Unicode 格式以防止数据丢失
     1>c:\program files\nvidia gpu computing toolkit\cuda\v7.0\include\device_functions_decls.h(4747): warning C4819: 该文件包含不能在当前代码页(936)中表示的字符。请将该文件保存为 Unicode 格式以防止数据丢失
     1>c:\program files\nvidia gpu computing toolkit\cuda\v7.0\include\device_functions_decls.h(5772): warning C4819: 该文件包含不能在当前代码页(936)中表示的字符。请将该文件保存为 Unicode 格式以防止数据丢失
     1>c:\program files\nvidia gpu computing toolkit\cuda\v7.0\include\device_functions_decls.h(6719): warning C4819: 该文件包含不能在当前代码页(936)中表示的字符。请将该文件保存为 Unicode 格式以防止数据丢失
     1>c:\program files\nvidia gpu computing toolkit\cuda\v7.0\include\device_functions_decls.h(7652): warning C4819: 该文件包含不能在当前代码页(936)中表示的字符。请将该文件保存为 Unicode 格式以防止数据丢失
     1>c:\program files\nvidia gpu computing toolkit\cuda\v7.0\include\device_functions_decls.h(8526): warning C4819: 该文件包含不能在当前代码页(936)中表示的字符。请将该文件保存为 Unicode 格式以防止数据丢失
     1>c:\program files\nvidia gpu computing toolkit\cuda\v7.0\include\device_functions_decls.h(9492): warning C4819: 该文件包含不能在当前代码页(936)中表示的字符。请将该文件保存为 Unicode 格式以防止数据丢失
     1>c:\program files\nvidia gpu computing toolkit\cuda\v7.0\include\device_functions_decls.h(10478): warning C4819: 该文件包含不能在当前代码页(936)中表示的字符。请将该文件保存为 Unicode 格式以防止数据丢失
     1>c:\program files\nvidia gpu computing toolkit\cuda\v7.0\include\device_functions.h : warning C4819: 该文件包含不能在当前代码页(936)中表示的字符。请将该文件保存为 Unicode 格式以防止数据丢失
     1>c:\program files\nvidia gpu computing toolkit\cuda\v7.0\include\device_functions.h(775): warning C4819: 该文件包含不能在当前代码页(936)中表示的字符。请将该文件保存为 Unicode 格式以防止数据丢失
     1>c:\program files\nvidia gpu computing toolkit\cuda\v7.0\include\device_functions.h(1632): warning C4819: 该文件包含不能在当前代码页(936)中表示的字符。请将该文件保存为 Unicode 格式以防止数据丢失
     1>c:\program files\nvidia gpu computing toolkit\cuda\v7.0\include\device_double_functions.h : warning C4819: 该文件包含不能在当前代码页(936)中表示的字符。请将该文件保存为 Unicode 格式以防止数据丢失
     1>c:\program files\nvidia gpu computing toolkit\cuda\v7.0\include\math_functions.h : warning C4819: 该文件包含不能在当前代码页(936)中表示的字符。请将该文件保存为 Unicode 格式以防止数据丢失
     1>c:\program files\nvidia gpu computing toolkit\cuda\v7.0\include\math_functions.h(877): warning C4819: 该文件包含不能在当前代码页(936)中表示的字符。请将该文件保存为 Unicode 格式以防止数据丢失
     1>c:\program files\nvidia gpu computing toolkit\cuda\v7.0\include\math_functions.h(1850): warning C4819: 该文件包含不能在当前代码页(936)中表示的字符。请将该文件保存为 Unicode 格式以防止数据丢失
     1>c:\program files\nvidia gpu computing toolkit\cuda\v7.0\include\math_functions.h(2728): warning C4819: 该文件包含不能在当前代码页(936)中表示的字符。请将该文件保存为 Unicode 格式以防止数据丢失
     1>c:\program files\nvidia gpu computing toolkit\cuda\v7.0\include\math_functions.h(3651): warning C4819: 该文件包含不能在当前代码页(936)中表示的字符。请将该文件保存为 Unicode 格式以防止数据丢失
     1>c:\program files\nvidia gpu computing toolkit\cuda\v7.0\include\math_functions.h(4595): warning C4819: 该文件包含不能在当前代码页(936)中表示的字符。请将该文件保存为 Unicode 格式以防止数据丢失
     1>c:\program files\nvidia gpu computing toolkit\cuda\v7.0\include\math_functions.h(5521): warning C4819: 该文件包含不能在当前代码页(936)中表示的字符。请将该文件保存为 Unicode 格式以防止数据丢失
     1>c:\program files\nvidia gpu computing toolkit\cuda\v7.0\include\math_functions.h(6421): warning C4819: 该文件包含不能在当前代码页(936)中表示的字符。请将该文件保存为 Unicode 格式以防止数据丢失
     1>c:\program files\nvidia gpu computing toolkit\cuda\v7.0\include\math_functions.h(7314): warning C4819: 该文件包含不能在当前代码页(936)中表示的字符。请将该文件保存为 Unicode 格式以防止数据丢失
     1>c:\program files\nvidia gpu computing toolkit\cuda\v7.0\include\math_functions.h(8227): warning C4819: 该文件包含不能在当前代码页(936)中表示的字符。请将该文件保存为 Unicode 格式以防止数据丢失
     1>c:\program files\nvidia gpu computing toolkit\cuda\v7.0\include\device_functions.h : warning C4819: 该文件包含不能在当前代码页(936)中表示的字符。请将该文件保存为 Unicode 格式以防止数据丢失
     1>c:\program files\nvidia gpu computing toolkit\cuda\v7.0\include\device_functions.h(775): warning C4819: 该文件包含不能在当前代码页(936)中表示的字符。请将该文件保存为 Unicode 格式以防止数据丢失
     1>c:\program files\nvidia gpu computing toolkit\cuda\v7.0\include\device_functions.h(1632): warning C4819: 该文件包含不能在当前代码页(936)中表示的字符。请将该文件保存为 Unicode 格式以防止数据丢失
     1>c:\program files\nvidia gpu computing toolkit\cuda\v7.0\include\device_double_functions.h : warning C4819: 该文件包含不能在当前代码页(936)中表示的字符。请将该文件保存为 Unicode 格式以防止数据丢失
     1>E:/cudaintergrated/cuda_test_project/cuda_newest20160115-4mm-sole-correlation/BNAPlatform-weighted-network-win64-cuda7.0-20160115/src/CuCorMat-2mm - spa - GPUhisto/CorMat-2mm-spa-GPUhisto.cu(121): warning : variable "kk" was declared but never referenced
         
     1>E:/cudaintergrated/cuda_test_project/cuda_newest20160115-4mm-sole-correlation/BNAPlatform-weighted-network-win64-cuda7.0-20160115/src/CuCorMat-2mm - spa - GPUhisto/CorMat-2mm-spa-GPUhisto.cu(38): warning : variable "BOLD_t1" was set but never used
         
     1>E:/cudaintergrated/cuda_test_project/cuda_newest20160115-4mm-sole-correlation/BNAPlatform-weighted-network-win64-cuda7.0-20160115/src/CuCorMat-2mm - spa - GPUhisto/CorMat-2mm-spa-GPUhisto.cu(38): warning : variable "BOLD_t2" was set but never used
         
     1>E:/cudaintergrated/cuda_test_project/cuda_newest20160115-4mm-sole-correlation/BNAPlatform-weighted-network-win64-cuda7.0-20160115/src/CuCorMat-2mm - spa - GPUhisto/CorMat-2mm-spa-GPUhisto.cu(38): warning : variable "tempout" was set but never used
         
     1>E:/cudaintergrated/cuda_test_project/cuda_newest20160115-4mm-sole-correlation/BNAPlatform-weighted-network-win64-cuda7.0-20160115/src/CuCorMat-2mm - spa - GPUhisto/CorMat-2mm-spa-GPUhisto.cu(330): warning : variable "FreeMem" was set but never used
         
     1>E:/cudaintergrated/cuda_test_project/cuda_newest20160115-4mm-sole-correlation/BNAPlatform-weighted-network-win64-cuda7.0-20160115/src/CuCorMat-2mm - spa - GPUhisto/CorMat-2mm-spa-GPUhisto.cu(450): warning : variable "index" was declared but never referenced
         
     1>c:\program files\nvidia gpu computing toolkit\cuda\v7.0\include\math_functions.h : warning C4819: 该文件包含不能在当前代码页(936)中表示的字符。请将该文件保存为 Unicode 格式以防止数据丢失
     1>c:\program files\nvidia gpu computing toolkit\cuda\v7.0\include\math_functions.h(877): warning C4819: 该文件包含不能在当前代码页(936)中表示的字符。请将该文件保存为 Unicode 格式以防止数据丢失
     1>c:\program files\nvidia gpu computing toolkit\cuda\v7.0\include\math_functions.h(1850): warning C4819: 该文件包含不能在当前代码页(936)中表示的字符。请将该文件保存为 Unicode 格式以防止数据丢失
     1>c:\program files\nvidia gpu computing toolkit\cuda\v7.0\include\math_functions.h(2728): warning C4819: 该文件包含不能在当前代码页(936)中表示的字符。请将该文件保存为 Unicode 格式以防止数据丢失
     1>c:\program files\nvidia gpu computing toolkit\cuda\v7.0\include\math_functions.h(3651): warning C4819: 该文件包含不能在当前代码页(936)中表示的字符。请将该文件保存为 Unicode 格式以防止数据丢失
     1>c:\program files\nvidia gpu computing toolkit\cuda\v7.0\include\math_functions.h(4595): warning C4819: 该文件包含不能在当前代码页(936)中表示的字符。请将该文件保存为 Unicode 格式以防止数据丢失
     1>c:\program files\nvidia gpu computing toolkit\cuda\v7.0\include\math_functions.h(5521): warning C4819: 该文件包含不能在当前代码页(936)中表示的字符。请将该文件保存为 Unicode 格式以防止数据丢失
     1>c:\program files\nvidia gpu computing toolkit\cuda\v7.0\include\math_functions.h(6421): warning C4819: 该文件包含不能在当前代码页(936)中表示的字符。请将该文件保存为 Unicode 格式以防止数据丢失
     1>c:\program files\nvidia gpu computing toolkit\cuda\v7.0\include\math_functions.h(7314): warning C4819: 该文件包含不能在当前代码页(936)中表示的字符。请将该文件保存为 Unicode 格式以防止数据丢失
     1>c:\program files\nvidia gpu computing toolkit\cuda\v7.0\include\math_functions.h(8227): warning C4819: 该文件包含不能在当前代码页(936)中表示的字符。请将该文件保存为 Unicode 格式以防止数据丢失
         CorMat-2mm-spa-GPUhisto.cu
     1>E:/cudaintergrated/cuda_test_project/cuda_newest20160115-4mm-sole-correlation/BNAPlatform-weighted-network-win64-cuda7.0-20160115/src/CuCorMat-2mm - spa - GPUhisto/CorMat-2mm-spa-GPUhisto.cu(52): warning C4018: “<”: 有符号/无符号不匹配
     1>E:/cudaintergrated/cuda_test_project/cuda_newest20160115-4mm-sole-correlation/BNAPlatform-weighted-network-win64-cuda7.0-20160115/src/CuCorMat-2mm - spa - GPUhisto/CorMat-2mm-spa-GPUhisto.cu(74): warning C4244: “=”: 从“double”转换到“real__t”，可能丢失数据
     1>E:/cudaintergrated/cuda_test_project/cuda_newest20160115-4mm-sole-correlation/BNAPlatform-weighted-network-win64-cuda7.0-20160115/src/CuCorMat-2mm - spa - GPUhisto/CorMat-2mm-spa-GPUhisto.cu(334): warning C4244: “=”: 从“SIZE_T”转换到“unsigned int”，可能丢失数据
     1>E:/cudaintergrated/cuda_test_project/cuda_newest20160115-4mm-sole-correlation/BNAPlatform-weighted-network-win64-cuda7.0-20160115/src/CuCorMat-2mm - spa - GPUhisto/CorMat-2mm-spa-GPUhisto.cu(350): warning C4244: “初始化”: 从“double”转换到“real__t”，可能丢失数据
     1>E:/cudaintergrated/cuda_test_project/cuda_newest20160115-4mm-sole-correlation/BNAPlatform-weighted-network-win64-cuda7.0-20160115/src/CuCorMat-2mm - spa - GPUhisto/CorMat-2mm-spa-GPUhisto.cu(458): warning C4244: “return”: 从“cudaError_t”转换到“real__t”，可能丢失数据
     1>E:/cudaintergrated/cuda_test_project/cuda_newest20160115-4mm-sole-correlation/BNAPlatform-weighted-network-win64-cuda7.0-20160115/src/CuCorMat-2mm - spa - GPUhisto/CorMat-2mm-spa-GPUhisto.cu(460): warning C4244: “初始化”: 从“__int64”转换到“int”，可能丢失数据
     1>E:/cudaintergrated/cuda_test_project/cuda_newest20160115-4mm-sole-correlation/BNAPlatform-weighted-network-win64-cuda7.0-20160115/src/CuCorMat-2mm - spa - GPUhisto/CorMat-2mm-spa-GPUhisto.cu(474): warning C4244: “return”: 从“cublasStatus_t”转换到“real__t”，可能丢失数据
     1>E:/cudaintergrated/cuda_test_project/cuda_newest20160115-4mm-sole-correlation/BNAPlatform-weighted-network-win64-cuda7.0-20160115/src/CuCorMat-2mm - spa - GPUhisto/CorMat-2mm-spa-GPUhisto.cu(479): warning C4244: “=”: 从“double”转换到“real__t”，可能丢失数据
     1>E:/cudaintergrated/cuda_test_project/cuda_newest20160115-4mm-sole-correlation/BNAPlatform-weighted-network-win64-cuda7.0-20160115/src/CuCorMat-2mm - spa - GPUhisto/CorMat-2mm-spa-GPUhisto.cu(482): warning C4244: “初始化”: 从“__int64”转换到“int”，可能丢失数据
     1>E:/cudaintergrated/cuda_test_project/cuda_newest20160115-4mm-sole-correlation/BNAPlatform-weighted-network-win64-cuda7.0-20160115/src/CuCorMat-2mm - spa - GPUhisto/CorMat-2mm-spa-GPUhisto.cu(487): warning C4244: “return”: 从“cublasStatus_t”转换到“real__t”，可能丢失数据
     1>E:/cudaintergrated/cuda_test_project/cuda_newest20160115-4mm-sole-correlation/BNAPlatform-weighted-network-win64-cuda7.0-20160115/src/CuCorMat-2mm - spa - GPUhisto/CorMat-2mm-spa-GPUhisto.cu(490): warning C4244: “return”: 从“cublasStatus_t”转换到“real__t”，可能丢失数据
     1>E:/cudaintergrated/cuda_test_project/cuda_newest20160115-4mm-sole-correlation/BNAPlatform-weighted-network-win64-cuda7.0-20160115/src/CuCorMat-2mm - spa - GPUhisto/CorMat-2mm-spa-GPUhisto.cu(450): warning C4101: “index”: 未引用的局部变量
     1>E:/cudaintergrated/cuda_test_project/cuda_newest20160115-4mm-sole-correlation/BNAPlatform-weighted-network-win64-cuda7.0-20160115/src/CuCorMat-2mm - spa - GPUhisto/CorMat-2mm-spa-GPUhisto.cu(535): warning C4244: “=”: 从“double”转换到“real__t”，可能丢失数据
     1>E:/cudaintergrated/cuda_test_project/cuda_newest20160115-4mm-sole-correlation/BNAPlatform-weighted-network-win64-cuda7.0-20160115/src/CuCorMat-2mm - spa - GPUhisto/CorMat-2mm-spa-GPUhisto.cu(564): warning C4244: “初始化”: 从“__int64”转换到“int”，可能丢失数据
     1>E:/cudaintergrated/cuda_test_project/cuda_newest20160115-4mm-sole-correlation/BNAPlatform-weighted-network-win64-cuda7.0-20160115/src/CuCorMat-2mm - spa - GPUhisto/CorMat-2mm-spa-GPUhisto.cu(572): warning C4244: “参数”: 从“__int64”转换到“int”，可能丢失数据
     1>E:/cudaintergrated/cuda_test_project/cuda_newest20160115-4mm-sole-correlation/BNAPlatform-weighted-network-win64-cuda7.0-20160115/src/CuCorMat-2mm - spa - GPUhisto/CorMat-2mm-spa-GPUhisto.cu(573): warning C4244: “参数”: 从“__int64”转换到“int”，可能丢失数据
     1>E:/cudaintergrated/cuda_test_project/cuda_newest20160115-4mm-sole-correlation/BNAPlatform-weighted-network-win64-cuda7.0-20160115/src/CuCorMat-2mm - spa - GPUhisto/CorMat-2mm-spa-GPUhisto.cu(579): warning C4244: “参数”: 从“__int64”转换到“int”，可能丢失数据
     1>E:/cudaintergrated/cuda_test_project/cuda_newest20160115-4mm-sole-correlation/BNAPlatform-weighted-network-win64-cuda7.0-20160115/src/CuCorMat-2mm - spa - GPUhisto/CorMat-2mm-spa-GPUhisto.cu(580): warning C4244: “参数”: 从“__int64”转换到“int”，可能丢失数据
       CudaBuild:
         Compiling CUDA source file CorMat-2mm-transition-GPUhisto.cu...
         cmd.exe /C "C:\Users\Lerond\AppData\Local\Temp\tmpf54be34c1ece461abf593e991da3be0e.cmd"
         "C:\Program Files\NVIDIA GPU Computing Toolkit\CUDA\v7.0\bin\nvcc.exe" -gencode=arch=compute_20,code=\"sm_20,compute_20\" --use-local-env --cl-version 2012 -ccbin "E:\Program Files (x86)\Microsoft Visual Studio 11.0\VC\bin\x86_amd64"  -I"C:\Program Files\NVIDIA GPU Computing Toolkit\CUDA\v7.0\include" -I"C:\Program Files\NVIDIA GPU Computing Toolkit\CUDA\v7.0\include" -I..\common -I"C:\Program Files\NVIDIA GPU Computing Toolkit\CUDA\v7.0\include"     --keep-dir x64\Release -maxrregcount=0  --machine 64 --compile -cudart static     -DWIN32 -DWIN64 -DNDEBUG -D_CONSOLE -D_MBCS -Xcompiler "/EHsc /W3 /nologo /Od /Zi  /MD  " -o x64\Release\CorMat-2mm-transition-GPUhisto.cu.obj "E:\cudaintergrated\cuda_test_project\cuda_newest20160115-4mm-sole-correlation\BNAPlatform-weighted-network-win64-cuda7.0-20160115\src\CuCorMat-2mm - spa - GPUhisto\CorMat-2mm-transition-GPUhisto.cu"
         
         E:\cudaintergrated\cuda_test_project\cuda_newest20160115-4mm-sole-correlation\BNAPlatform-weighted-network-win64-cuda7.0-20160115\src\CuCorMat-2mm - spa - GPUhisto>"C:\Program Files\NVIDIA GPU Computing Toolkit\CUDA\v7.0\bin\nvcc.exe" -gencode=arch=compute_20,code=\"sm_20,compute_20\" --use-local-env --cl-version 2012 -ccbin "E:\Program Files (x86)\Microsoft Visual Studio 11.0\VC\bin\x86_amd64"  -I"C:\Program Files\NVIDIA GPU Computing Toolkit\CUDA\v7.0\include" -I"C:\Program Files\NVIDIA GPU Computing Toolkit\CUDA\v7.0\include" -I..\common -I"C:\Program Files\NVIDIA GPU Computing Toolkit\CUDA\v7.0\include"     --keep-dir x64\Release -maxrregcount=0  --machine 64 --compile -cudart static     -DWIN32 -DWIN64 -DNDEBUG -D_CONSOLE -D_MBCS -Xcompiler "/EHsc /W3 /nologo /Od /Zi  /MD  " -o x64\Release\CorMat-2mm-transition-GPUhisto.cu.obj "E:\cudaintergrated\cuda_test_project\cuda_newest20160115-4mm-sole-correlation\BNAPlatform-weighted-network-win64-cuda7.0-20160115\src\CuCorMat-2mm - spa - GPUhisto\CorMat-2mm-transition-GPUhisto.cu" 
     1>c:\program files\nvidia gpu computing toolkit\cuda\v7.0\include\math_functions.h : warning C4819: 该文件包含不能在当前代码页(936)中表示的字符。请将该文件保存为 Unicode 格式以防止数据丢失
     1>c:\program files\nvidia gpu computing toolkit\cuda\v7.0\include\math_functions.h(877): warning C4819: 该文件包含不能在当前代码页(936)中表示的字符。请将该文件保存为 Unicode 格式以防止数据丢失
     1>c:\program files\nvidia gpu computing toolkit\cuda\v7.0\include\math_functions.h(1850): warning C4819: 该文件包含不能在当前代码页(936)中表示的字符。请将该文件保存为 Unicode 格式以防止数据丢失
     1>c:\program files\nvidia gpu computing toolkit\cuda\v7.0\include\math_functions.h(2728): warning C4819: 该文件包含不能在当前代码页(936)中表示的字符。请将该文件保存为 Unicode 格式以防止数据丢失
     1>c:\program files\nvidia gpu computing toolkit\cuda\v7.0\include\math_functions.h(3651): warning C4819: 该文件包含不能在当前代码页(936)中表示的字符。请将该文件保存为 Unicode 格式以防止数据丢失
     1>c:\program files\nvidia gpu computing toolkit\cuda\v7.0\include\math_functions.h(4595): warning C4819: 该文件包含不能在当前代码页(936)中表示的字符。请将该文件保存为 Unicode 格式以防止数据丢失
     1>c:\program files\nvidia gpu computing toolkit\cuda\v7.0\include\math_functions.h(5521): warning C4819: 该文件包含不能在当前代码页(936)中表示的字符。请将该文件保存为 Unicode 格式以防止数据丢失
     1>c:\program files\nvidia gpu computing toolkit\cuda\v7.0\include\math_functions.h(6421): warning C4819: 该文件包含不能在当前代码页(936)中表示的字符。请将该文件保存为 Unicode 格式以防止数据丢失
     1>c:\program files\nvidia gpu computing toolkit\cuda\v7.0\include\math_functions.h(7314): warning C4819: 该文件包含不能在当前代码页(936)中表示的字符。请将该文件保存为 Unicode 格式以防止数据丢失
     1>c:\program files\nvidia gpu computing toolkit\cuda\v7.0\include\math_functions.h(8227): warning C4819: 该文件包含不能在当前代码页(936)中表示的字符。请将该文件保存为 Unicode 格式以防止数据丢失
     1>c:\program files\nvidia gpu computing toolkit\cuda\v7.0\include\device_functions.h : warning C4819: 该文件包含不能在当前代码页(936)中表示的字符。请将该文件保存为 Unicode 格式以防止数据丢失
     1>c:\program files\nvidia gpu computing toolkit\cuda\v7.0\include\device_functions.h(775): warning C4819: 该文件包含不能在当前代码页(936)中表示的字符。请将该文件保存为 Unicode 格式以防止数据丢失
     1>c:\program files\nvidia gpu computing toolkit\cuda\v7.0\include\device_functions.h(1632): warning C4819: 该文件包含不能在当前代码页(936)中表示的字符。请将该文件保存为 Unicode 格式以防止数据丢失
     1>c:\program files\nvidia gpu computing toolkit\cuda\v7.0\include\device_double_functions.h : warning C4819: 该文件包含不能在当前代码页(936)中表示的字符。请将该文件保存为 Unicode 格式以防止数据丢失
     1>E:/cudaintergrated/cuda_test_project/cuda_newest20160115-4mm-sole-correlation/BNAPlatform-weighted-network-win64-cuda7.0-20160115/src/CuCorMat-2mm - spa - GPUhisto/CorMat-2mm-transition-GPUhisto.cu(225): warning : pointless comparison of unsigned integer with zero
         
     1>E:/cudaintergrated/cuda_test_project/cuda_newest20160115-4mm-sole-correlation/BNAPlatform-weighted-network-win64-cuda7.0-20160115/src/CuCorMat-2mm - spa - GPUhisto/CorMat-2mm-transition-GPUhisto.cu(252): warning : pointless comparison of unsigned integer with zero
         
     1>E:/cudaintergrated/cuda_test_project/cuda_newest20160115-4mm-sole-correlation/BNAPlatform-weighted-network-win64-cuda7.0-20160115/src/CuCorMat-2mm - spa - GPUhisto/CorMat-2mm-transition-GPUhisto.cu(163): warning : variable "kk" was declared but never referenced
         
     1>E:/cudaintergrated/cuda_test_project/cuda_newest20160115-4mm-sole-correlation/BNAPlatform-weighted-network-win64-cuda7.0-20160115/src/CuCorMat-2mm - spa - GPUhisto/CorMat-2mm-transition-GPUhisto.cu(89): warning : variable "BOLD_t1" was set but never used
         
     1>E:/cudaintergrated/cuda_test_project/cuda_newest20160115-4mm-sole-correlation/BNAPlatform-weighted-network-win64-cuda7.0-20160115/src/CuCorMat-2mm - spa - GPUhisto/CorMat-2mm-transition-GPUhisto.cu(89): warning : variable "BOLD_t2" was set but never used
         
     1>E:/cudaintergrated/cuda_test_project/cuda_newest20160115-4mm-sole-correlation/BNAPlatform-weighted-network-win64-cuda7.0-20160115/src/CuCorMat-2mm - spa - GPUhisto/CorMat-2mm-transition-GPUhisto.cu(89): warning : variable "tempout" was set but never used
         
     1>E:/cudaintergrated/cuda_test_project/cuda_newest20160115-4mm-sole-correlation/BNAPlatform-weighted-network-win64-cuda7.0-20160115/src/CuCorMat-2mm - spa - GPUhisto/CorMat-2mm-transition-GPUhisto.cu(328): warning : variable "FreeMem" was set but never used
         
     1>E:/cudaintergrated/cuda_test_project/cuda_newest20160115-4mm-sole-correlation/BNAPlatform-weighted-network-win64-cuda7.0-20160115/src/CuCorMat-2mm - spa - GPUhisto/CorMat-2mm-transition-GPUhisto.cu(25): warning : variable "thread_num" was declared but never referenced
         
     1>E:/cudaintergrated/cuda_test_project/cuda_newest20160115-4mm-sole-correlation/BNAPlatform-weighted-network-win64-cuda7.0-20160115/src/CuCorMat-2mm - spa - GPUhisto/CorMat-2mm-transition-GPUhisto.cu(26): warning : variable "block_num" was declared but never referenced
         
     1>E:/cudaintergrated/cuda_test_project/cuda_newest20160115-4mm-sole-correlation/BNAPlatform-weighted-network-win64-cuda7.0-20160115/src/CuCorMat-2mm - spa - GPUhisto/CorMat-2mm-transition-GPUhisto.cu(27): warning : variable "blocksize" was declared but never referenced
         
     1>c:\program files\nvidia gpu computing toolkit\cuda\v7.0\include\math_functions.h : warning C4819: 该文件包含不能在当前代码页(936)中表示的字符。请将该文件保存为 Unicode 格式以防止数据丢失
     1>c:\program files\nvidia gpu computing toolkit\cuda\v7.0\include\math_functions.h(877): warning C4819: 该文件包含不能在当前代码页(936)中表示的字符。请将该文件保存为 Unicode 格式以防止数据丢失
     1>c:\program files\nvidia gpu computing toolkit\cuda\v7.0\include\math_functions.h(1850): warning C4819: 该文件包含不能在当前代码页(936)中表示的字符。请将该文件保存为 Unicode 格式以防止数据丢失
     1>c:\program files\nvidia gpu computing toolkit\cuda\v7.0\include\math_functions.h(2728): warning C4819: 该文件包含不能在当前代码页(936)中表示的字符。请将该文件保存为 Unicode 格式以防止数据丢失
     1>c:\program files\nvidia gpu computing toolkit\cuda\v7.0\include\math_functions.h(3651): warning C4819: 该文件包含不能在当前代码页(936)中表示的字符。请将该文件保存为 Unicode 格式以防止数据丢失
     1>c:\program files\nvidia gpu computing toolkit\cuda\v7.0\include\math_functions.h(4595): warning C4819: 该文件包含不能在当前代码页(936)中表示的字符。请将该文件保存为 Unicode 格式以防止数据丢失
     1>c:\program files\nvidia gpu computing toolkit\cuda\v7.0\include\math_functions.h(5521): warning C4819: 该文件包含不能在当前代码页(936)中表示的字符。请将该文件保存为 Unicode 格式以防止数据丢失
     1>c:\program files\nvidia gpu computing toolkit\cuda\v7.0\include\math_functions.h(6421): warning C4819: 该文件包含不能在当前代码页(936)中表示的字符。请将该文件保存为 Unicode 格式以防止数据丢失
     1>c:\program files\nvidia gpu computing toolkit\cuda\v7.0\include\math_functions.h(7314): warning C4819: 该文件包含不能在当前代码页(936)中表示的字符。请将该文件保存为 Unicode 格式以防止数据丢失
     1>c:\program files\nvidia gpu computing toolkit\cuda\v7.0\include\math_functions.h(8227): warning C4819: 该文件包含不能在当前代码页(936)中表示的字符。请将该文件保存为 Unicode 格式以防止数据丢失
     1>c:\program files\nvidia gpu computing toolkit\cuda\v7.0\include\math_functions.h : warning C4819: 该文件包含不能在当前代码页(936)中表示的字符。请将该文件保存为 Unicode 格式以防止数据丢失
     1>c:\program files\nvidia gpu computing toolkit\cuda\v7.0\include\math_functions.h(877): warning C4819: 该文件包含不能在当前代码页(936)中表示的字符。请将该文件保存为 Unicode 格式以防止数据丢失
     1>c:\program files\nvidia gpu computing toolkit\cuda\v7.0\include\math_functions.h(1850): warning C4819: 该文件包含不能在当前代码页(936)中表示的字符。请将该文件保存为 Unicode 格式以防止数据丢失
     1>c:\program files\nvidia gpu computing toolkit\cuda\v7.0\include\math_functions.h(2728): warning C4819: 该文件包含不能在当前代码页(936)中表示的字符。请将该文件保存为 Unicode 格式以防止数据丢失
     1>c:\program files\nvidia gpu computing toolkit\cuda\v7.0\include\math_functions.h(3651): warning C4819: 该文件包含不能在当前代码页(936)中表示的字符。请将该文件保存为 Unicode 格式以防止数据丢失
     1>c:\program files\nvidia gpu computing toolkit\cuda\v7.0\include\math_functions.h(4595): warning C4819: 该文件包含不能在当前代码页(936)中表示的字符。请将该文件保存为 Unicode 格式以防止数据丢失
     1>c:\program files\nvidia gpu computing toolkit\cuda\v7.0\include\math_functions.h(5521): warning C4819: 该文件包含不能在当前代码页(936)中表示的字符。请将该文件保存为 Unicode 格式以防止数据丢失
     1>c:\program files\nvidia gpu computing toolkit\cuda\v7.0\include\math_functions.h(6421): warning C4819: 该文件包含不能在当前代码页(936)中表示的字符。请将该文件保存为 Unicode 格式以防止数据丢失
     1>c:\program files\nvidia gpu computing toolkit\cuda\v7.0\include\math_functions.h(7314): warning C4819: 该文件包含不能在当前代码页(936)中表示的字符。请将该文件保存为 Unicode 格式以防止数据丢失
     1>c:\program files\nvidia gpu computing toolkit\cuda\v7.0\include\math_functions.h(8227): warning C4819: 该文件包含不能在当前代码页(936)中表示的字符。请将该文件保存为 Unicode 格式以防止数据丢失
     1>c:\program files\nvidia gpu computing toolkit\cuda\v7.0\include\device_functions_decls.h : warning C4819: 该文件包含不能在当前代码页(936)中表示的字符。请将该文件保存为 Unicode 格式以防止数据丢失
     1>c:\program files\nvidia gpu computing toolkit\cuda\v7.0\include\device_functions_decls.h(917): warning C4819: 该文件包含不能在当前代码页(936)中表示的字符。请将该文件保存为 Unicode 格式以防止数据丢失
     1>c:\program files\nvidia gpu computing toolkit\cuda\v7.0\include\device_functions_decls.h(1921): warning C4819: 该文件包含不能在当前代码页(936)中表示的字符。请将该文件保存为 Unicode 格式以防止数据丢失
     1>c:\program files\nvidia gpu computing toolkit\cuda\v7.0\include\device_functions_decls.h(2857): warning C4819: 该文件包含不能在当前代码页(936)中表示的字符。请将该文件保存为 Unicode 格式以防止数据丢失
     1>c:\program files\nvidia gpu computing toolkit\cuda\v7.0\include\device_functions_decls.h(3802): warning C4819: 该文件包含不能在当前代码页(936)中表示的字符。请将该文件保存为 Unicode 格式以防止数据丢失
     1>c:\program files\nvidia gpu computing toolkit\cuda\v7.0\include\device_functions_decls.h(4747): warning C4819: 该文件包含不能在当前代码页(936)中表示的字符。请将该文件保存为 Unicode 格式以防止数据丢失
     1>c:\program files\nvidia gpu computing toolkit\cuda\v7.0\include\device_functions_decls.h(5772): warning C4819: 该文件包含不能在当前代码页(936)中表示的字符。请将该文件保存为 Unicode 格式以防止数据丢失
     1>c:\program files\nvidia gpu computing toolkit\cuda\v7.0\include\device_functions_decls.h(6719): warning C4819: 该文件包含不能在当前代码页(936)中表示的字符。请将该文件保存为 Unicode 格式以防止数据丢失
     1>c:\program files\nvidia gpu computing toolkit\cuda\v7.0\include\device_functions_decls.h(7652): warning C4819: 该文件包含不能在当前代码页(936)中表示的字符。请将该文件保存为 Unicode 格式以防止数据丢失
     1>c:\program files\nvidia gpu computing toolkit\cuda\v7.0\include\device_functions_decls.h(8526): warning C4819: 该文件包含不能在当前代码页(936)中表示的字符。请将该文件保存为 Unicode 格式以防止数据丢失
     1>c:\program files\nvidia gpu computing toolkit\cuda\v7.0\include\device_functions_decls.h(9492): warning C4819: 该文件包含不能在当前代码页(936)中表示的字符。请将该文件保存为 Unicode 格式以防止数据丢失
     1>c:\program files\nvidia gpu computing toolkit\cuda\v7.0\include\device_functions_decls.h(10478): warning C4819: 该文件包含不能在当前代码页(936)中表示的字符。请将该文件保存为 Unicode 格式以防止数据丢失
     1>c:\program files\nvidia gpu computing toolkit\cuda\v7.0\include\device_functions.h : warning C4819: 该文件包含不能在当前代码页(936)中表示的字符。请将该文件保存为 Unicode 格式以防止数据丢失
     1>c:\program files\nvidia gpu computing toolkit\cuda\v7.0\include\device_functions.h(775): warning C4819: 该文件包含不能在当前代码页(936)中表示的字符。请将该文件保存为 Unicode 格式以防止数据丢失
     1>c:\program files\nvidia gpu computing toolkit\cuda\v7.0\include\device_functions.h(1632): warning C4819: 该文件包含不能在当前代码页(936)中表示的字符。请将该文件保存为 Unicode 格式以防止数据丢失
     1>c:\program files\nvidia gpu computing toolkit\cuda\v7.0\include\device_double_functions.h : warning C4819: 该文件包含不能在当前代码页(936)中表示的字符。请将该文件保存为 Unicode 格式以防止数据丢失
     1>c:\program files\nvidia gpu computing toolkit\cuda\v7.0\include\math_functions.h : warning C4819: 该文件包含不能在当前代码页(936)中表示的字符。请将该文件保存为 Unicode 格式以防止数据丢失
     1>c:\program files\nvidia gpu computing toolkit\cuda\v7.0\include\math_functions.h(877): warning C4819: 该文件包含不能在当前代码页(936)中表示的字符。请将该文件保存为 Unicode 格式以防止数据丢失
     1>c:\program files\nvidia gpu computing toolkit\cuda\v7.0\include\math_functions.h(1850): warning C4819: 该文件包含不能在当前代码页(936)中表示的字符。请将该文件保存为 Unicode 格式以防止数据丢失
     1>c:\program files\nvidia gpu computing toolkit\cuda\v7.0\include\math_functions.h(2728): warning C4819: 该文件包含不能在当前代码页(936)中表示的字符。请将该文件保存为 Unicode 格式以防止数据丢失
     1>c:\program files\nvidia gpu computing toolkit\cuda\v7.0\include\math_functions.h(3651): warning C4819: 该文件包含不能在当前代码页(936)中表示的字符。请将该文件保存为 Unicode 格式以防止数据丢失
     1>c:\program files\nvidia gpu computing toolkit\cuda\v7.0\include\math_functions.h(4595): warning C4819: 该文件包含不能在当前代码页(936)中表示的字符。请将该文件保存为 Unicode 格式以防止数据丢失
     1>c:\program files\nvidia gpu computing toolkit\cuda\v7.0\include\math_functions.h(5521): warning C4819: 该文件包含不能在当前代码页(936)中表示的字符。请将该文件保存为 Unicode 格式以防止数据丢失
     1>c:\program files\nvidia gpu computing toolkit\cuda\v7.0\include\math_functions.h(6421): warning C4819: 该文件包含不能在当前代码页(936)中表示的字符。请将该文件保存为 Unicode 格式以防止数据丢失
     1>c:\program files\nvidia gpu computing toolkit\cuda\v7.0\include\math_functions.h(7314): warning C4819: 该文件包含不能在当前代码页(936)中表示的字符。请将该文件保存为 Unicode 格式以防止数据丢失
     1>c:\program files\nvidia gpu computing toolkit\cuda\v7.0\include\math_functions.h(8227): warning C4819: 该文件包含不能在当前代码页(936)中表示的字符。请将该文件保存为 Unicode 格式以防止数据丢失
     1>c:\program files\nvidia gpu computing toolkit\cuda\v7.0\include\device_functions.h : warning C4819: 该文件包含不能在当前代码页(936)中表示的字符。请将该文件保存为 Unicode 格式以防止数据丢失
     1>c:\program files\nvidia gpu computing toolkit\cuda\v7.0\include\device_functions.h(775): warning C4819: 该文件包含不能在当前代码页(936)中表示的字符。请将该文件保存为 Unicode 格式以防止数据丢失
     1>c:\program files\nvidia gpu computing toolkit\cuda\v7.0\include\device_functions.h(1632): warning C4819: 该文件包含不能在当前代码页(936)中表示的字符。请将该文件保存为 Unicode 格式以防止数据丢失
     1>c:\program files\nvidia gpu computing toolkit\cuda\v7.0\include\device_double_functions.h : warning C4819: 该文件包含不能在当前代码页(936)中表示的字符。请将该文件保存为 Unicode 格式以防止数据丢失
     1>E:/cudaintergrated/cuda_test_project/cuda_newest20160115-4mm-sole-correlation/BNAPlatform-weighted-network-win64-cuda7.0-20160115/src/CuCorMat-2mm - spa - GPUhisto/CorMat-2mm-transition-GPUhisto.cu(225): warning : pointless comparison of unsigned integer with zero
         
     1>E:/cudaintergrated/cuda_test_project/cuda_newest20160115-4mm-sole-correlation/BNAPlatform-weighted-network-win64-cuda7.0-20160115/src/CuCorMat-2mm - spa - GPUhisto/CorMat-2mm-transition-GPUhisto.cu(252): warning : pointless comparison of unsigned integer with zero
         
     1>E:/cudaintergrated/cuda_test_project/cuda_newest20160115-4mm-sole-correlation/BNAPlatform-weighted-network-win64-cuda7.0-20160115/src/CuCorMat-2mm - spa - GPUhisto/CorMat-2mm-transition-GPUhisto.cu(163): warning : variable "kk" was declared but never referenced
         
     1>E:/cudaintergrated/cuda_test_project/cuda_newest20160115-4mm-sole-correlation/BNAPlatform-weighted-network-win64-cuda7.0-20160115/src/CuCorMat-2mm - spa - GPUhisto/CorMat-2mm-transition-GPUhisto.cu(89): warning : variable "BOLD_t1" was set but never used
         
     1>E:/cudaintergrated/cuda_test_project/cuda_newest20160115-4mm-sole-correlation/BNAPlatform-weighted-network-win64-cuda7.0-20160115/src/CuCorMat-2mm - spa - GPUhisto/CorMat-2mm-transition-GPUhisto.cu(89): warning : variable "BOLD_t2" was set but never used
         
     1>E:/cudaintergrated/cuda_test_project/cuda_newest20160115-4mm-sole-correlation/BNAPlatform-weighted-network-win64-cuda7.0-20160115/src/CuCorMat-2mm - spa - GPUhisto/CorMat-2mm-transition-GPUhisto.cu(89): warning : variable "tempout" was set but never used
         
     1>E:/cudaintergrated/cuda_test_project/cuda_newest20160115-4mm-sole-correlation/BNAPlatform-weighted-network-win64-cuda7.0-20160115/src/CuCorMat-2mm - spa - GPUhisto/CorMat-2mm-transition-GPUhisto.cu(328): warning : variable "FreeMem" was set but never used
         
     1>E:/cudaintergrated/cuda_test_project/cuda_newest20160115-4mm-sole-correlation/BNAPlatform-weighted-network-win64-cuda7.0-20160115/src/CuCorMat-2mm - spa - GPUhisto/CorMat-2mm-transition-GPUhisto.cu(25): warning : variable "thread_num" was declared but never referenced
         
     1>E:/cudaintergrated/cuda_test_project/cuda_newest20160115-4mm-sole-correlation/BNAPlatform-weighted-network-win64-cuda7.0-20160115/src/CuCorMat-2mm - spa - GPUhisto/CorMat-2mm-transition-GPUhisto.cu(26): warning : variable "block_num" was declared but never referenced
         
     1>E:/cudaintergrated/cuda_test_project/cuda_newest20160115-4mm-sole-correlation/BNAPlatform-weighted-network-win64-cuda7.0-20160115/src/CuCorMat-2mm - spa - GPUhisto/CorMat-2mm-transition-GPUhisto.cu(27): warning : variable "blocksize" was declared but never referenced
         
     1>c:\program files\nvidia gpu computing toolkit\cuda\v7.0\include\math_functions.h : warning C4819: 该文件包含不能在当前代码页(936)中表示的字符。请将该文件保存为 Unicode 格式以防止数据丢失
     1>c:\program files\nvidia gpu computing toolkit\cuda\v7.0\include\math_functions.h(877): warning C4819: 该文件包含不能在当前代码页(936)中表示的字符。请将该文件保存为 Unicode 格式以防止数据丢失
     1>c:\program files\nvidia gpu computing toolkit\cuda\v7.0\include\math_functions.h(1850): warning C4819: 该文件包含不能在当前代码页(936)中表示的字符。请将该文件保存为 Unicode 格式以防止数据丢失
     1>c:\program files\nvidia gpu computing toolkit\cuda\v7.0\include\math_functions.h(2728): warning C4819: 该文件包含不能在当前代码页(936)中表示的字符。请将该文件保存为 Unicode 格式以防止数据丢失
     1>c:\program files\nvidia gpu computing toolkit\cuda\v7.0\include\math_functions.h(3651): warning C4819: 该文件包含不能在当前代码页(936)中表示的字符。请将该文件保存为 Unicode 格式以防止数据丢失
     1>c:\program files\nvidia gpu computing toolkit\cuda\v7.0\include\math_functions.h(4595): warning C4819: 该文件包含不能在当前代码页(936)中表示的字符。请将该文件保存为 Unicode 格式以防止数据丢失
     1>c:\program files\nvidia gpu computing toolkit\cuda\v7.0\include\math_functions.h(5521): warning C4819: 该文件包含不能在当前代码页(936)中表示的字符。请将该文件保存为 Unicode 格式以防止数据丢失
     1>c:\program files\nvidia gpu computing toolkit\cuda\v7.0\include\math_functions.h(6421): warning C4819: 该文件包含不能在当前代码页(936)中表示的字符。请将该文件保存为 Unicode 格式以防止数据丢失
     1>c:\program files\nvidia gpu computing toolkit\cuda\v7.0\include\math_functions.h(7314): warning C4819: 该文件包含不能在当前代码页(936)中表示的字符。请将该文件保存为 Unicode 格式以防止数据丢失
     1>c:\program files\nvidia gpu computing toolkit\cuda\v7.0\include\math_functions.h(8227): warning C4819: 该文件包含不能在当前代码页(936)中表示的字符。请将该文件保存为 Unicode 格式以防止数据丢失
         CorMat-2mm-transition-GPUhisto.cu
     1>E:/cudaintergrated/cuda_test_project/cuda_newest20160115-4mm-sole-correlation/BNAPlatform-weighted-network-win64-cuda7.0-20160115/src/CuCorMat-2mm - spa - GPUhisto/CorMat-2mm-transition-GPUhisto.cu(92): warning C4244: “初始化”: 从“double”转换到“uint__t”，可能丢失数据
     1>E:/cudaintergrated/cuda_test_project/cuda_newest20160115-4mm-sole-correlation/BNAPlatform-weighted-network-win64-cuda7.0-20160115/src/CuCorMat-2mm - spa - GPUhisto/CorMat-2mm-transition-GPUhisto.cu(96): warning C4244: “初始化”: 从“double”转换到“uint__t”，可能丢失数据
     1>E:/cudaintergrated/cuda_test_project/cuda_newest20160115-4mm-sole-correlation/BNAPlatform-weighted-network-win64-cuda7.0-20160115/src/CuCorMat-2mm - spa - GPUhisto/CorMat-2mm-transition-GPUhisto.cu(109): warning C4018: “<”: 有符号/无符号不匹配
     1>E:/cudaintergrated/cuda_test_project/cuda_newest20160115-4mm-sole-correlation/BNAPlatform-weighted-network-win64-cuda7.0-20160115/src/CuCorMat-2mm - spa - GPUhisto/CorMat-2mm-transition-GPUhisto.cu(131): warning C4244: “=”: 从“double”转换到“real__t”，可能丢失数据
     1>E:/cudaintergrated/cuda_test_project/cuda_newest20160115-4mm-sole-correlation/BNAPlatform-weighted-network-win64-cuda7.0-20160115/src/CuCorMat-2mm - spa - GPUhisto/CorMat-2mm-transition-GPUhisto.cu(141): warning C4244: “return”: 从“cudaError_t”转换到“real__t”，可能丢失数据
     1>E:/cudaintergrated/cuda_test_project/cuda_newest20160115-4mm-sole-correlation/BNAPlatform-weighted-network-win64-cuda7.0-20160115/src/CuCorMat-2mm - spa - GPUhisto/CorMat-2mm-transition-GPUhisto.cu(144): warning C4244: “return”: 从“cudaError_t”转换到“real__t”，可能丢失数据
     1>E:/cudaintergrated/cuda_test_project/cuda_newest20160115-4mm-sole-correlation/BNAPlatform-weighted-network-win64-cuda7.0-20160115/src/CuCorMat-2mm - spa - GPUhisto/CorMat-2mm-transition-GPUhisto.cu(148): warning C4244: “return”: 从“cublasStatus_t”转换到“real__t”，可能丢失数据
     1>E:/cudaintergrated/cuda_test_project/cuda_newest20160115-4mm-sole-correlation/BNAPlatform-weighted-network-win64-cuda7.0-20160115/src/CuCorMat-2mm - spa - GPUhisto/CorMat-2mm-transition-GPUhisto.cu(178): warning C4244: “return”: 从“cublasStatus_t”转换到“real__t”，可能丢失数据
     1>E:/cudaintergrated/cuda_test_project/cuda_newest20160115-4mm-sole-correlation/BNAPlatform-weighted-network-win64-cuda7.0-20160115/src/CuCorMat-2mm - spa - GPUhisto/CorMat-2mm-transition-GPUhisto.cu(181): warning C4244: “return”: 从“cudaError_t”转换到“real__t”，可能丢失数据
     1>E:/cudaintergrated/cuda_test_project/cuda_newest20160115-4mm-sole-correlation/BNAPlatform-weighted-network-win64-cuda7.0-20160115/src/CuCorMat-2mm - spa - GPUhisto/CorMat-2mm-transition-GPUhisto.cu(263): warning C4018: “<”: 有符号/无符号不匹配
     1>E:/cudaintergrated/cuda_test_project/cuda_newest20160115-4mm-sole-correlation/BNAPlatform-weighted-network-win64-cuda7.0-20160115/src/CuCorMat-2mm - spa - GPUhisto/CorMat-2mm-transition-GPUhisto.cu(265): warning C4267: “=”: 从“size_t”转换到“uint__t”，可能丢失数据
     1>E:/cudaintergrated/cuda_test_project/cuda_newest20160115-4mm-sole-correlation/BNAPlatform-weighted-network-win64-cuda7.0-20160115/src/CuCorMat-2mm - spa - GPUhisto/CorMat-2mm-transition-GPUhisto.cu(268): warning C4018: “<”: 有符号/无符号不匹配
     1>E:/cudaintergrated/cuda_test_project/cuda_newest20160115-4mm-sole-correlation/BNAPlatform-weighted-network-win64-cuda7.0-20160115/src/CuCorMat-2mm - spa - GPUhisto/CorMat-2mm-transition-GPUhisto.cu(273): warning C4018: “<”: 有符号/无符号不匹配
     1>E:/cudaintergrated/cuda_test_project/cuda_newest20160115-4mm-sole-correlation/BNAPlatform-weighted-network-win64-cuda7.0-20160115/src/CuCorMat-2mm - spa - GPUhisto/CorMat-2mm-transition-GPUhisto.cu(284): warning C4018: “<”: 有符号/无符号不匹配
     1>E:/cudaintergrated/cuda_test_project/cuda_newest20160115-4mm-sole-correlation/BNAPlatform-weighted-network-win64-cuda7.0-20160115/src/CuCorMat-2mm - spa - GPUhisto/CorMat-2mm-transition-GPUhisto.cu(288): warning C4244: “=”: 从“double”转换到“real__t”，可能丢失数据
     1>E:/cudaintergrated/cuda_test_project/cuda_newest20160115-4mm-sole-correlation/BNAPlatform-weighted-network-win64-cuda7.0-20160115/src/CuCorMat-2mm - spa - GPUhisto/CorMat-2mm-transition-GPUhisto.cu(305): warning C4018: “<”: 有符号/无符号不匹配
     1>E:/cudaintergrated/cuda_test_project/cuda_newest20160115-4mm-sole-correlation/BNAPlatform-weighted-network-win64-cuda7.0-20160115/src/CuCorMat-2mm - spa - GPUhisto/CorMat-2mm-transition-GPUhisto.cu(332): warning C4244: “=”: 从“SIZE_T”转换到“unsigned int”，可能丢失数据
     1>E:/cudaintergrated/cuda_test_project/cuda_newest20160115-4mm-sole-correlation/BNAPlatform-weighted-network-win64-cuda7.0-20160115/src/CuCorMat-2mm - spa - GPUhisto/CorMat-2mm-transition-GPUhisto.cu(341): warning C4244: “return”: 从“cublasStatus_t”转换到“real__t”，可能丢失数据
     1>E:/cudaintergrated/cuda_test_project/cuda_newest20160115-4mm-sole-correlation/BNAPlatform-weighted-network-win64-cuda7.0-20160115/src/CuCorMat-2mm - spa - GPUhisto/CorMat-2mm-transition-GPUhisto.cu(357): warning C4244: “=”: 从“double”转换到“real__t”，可能丢失数据
       ClCompile:
         E:\Program Files (x86)\Microsoft Visual Studio 11.0\VC\bin\x86_amd64\CL.exe /c /I"C:\Program Files\NVIDIA GPU Computing Toolkit\CUDA\v7.0\include" /I"C:\Program Files\NVIDIA GPU Computing Toolkit\CUDA\v7.0\include" /I..\common /Zi /nologo /W3 /WX- /Od /Oi /GL /D WIN32 /D WIN64 /D NDEBUG /D _CONSOLE /D _MBCS /Gm- /EHsc /MD /GS /Gy /fp:precise /Zc:wchar_t /Zc:forScope /Fo"x64\Release\\" /Fd"x64\Release\vc110.pdb" /Gd /TP /errorReport:prompt "CorMat-2mm-spa-GPUhisto.cpp"
         CorMat-2mm-spa-GPUhisto.cpp
     1>CorMat-2mm-spa-GPUhisto.cpp(40): warning C4305: “-=”: 从“double”到“real__t”截断
     1>CorMat-2mm-spa-GPUhisto.cpp(41): warning C4244: “=”: 从“double”转换到“real__t”，可能丢失数据
     1>CorMat-2mm-spa-GPUhisto.cpp(151): warning C4244: “=”: 从“short”转换到“char”，可能丢失数据
     1>CorMat-2mm-spa-GPUhisto.cpp(211): warning C4244: “=”: 从“double”转换到“real__t”，可能丢失数据
     1>CorMat-2mm-spa-GPUhisto.cpp(259): warning C4996: 'itoa': The POSIX name for this item is deprecated. Instead, use the ISO C++ conformant name: _itoa. See online help for details.
                 E:\Program Files (x86)\Microsoft Visual Studio 11.0\VC\include\stdlib.h(909) : 参见“itoa”的声明
     1>CorMat-2mm-spa-GPUhisto.cpp(63): warning C4101: “time”: 未引用的局部变量
     1>CorMat-2mm-spa-GPUhisto.cpp(251): warning C4101: “sparsity”: 未引用的局部变量
     1>CorMat-2mm-spa-GPUhisto.cpp(375): warning C4101: “j_for_del”: 未引用的局部变量
     1>CorMat-2mm-spa-GPUhisto.cpp(374): warning C4101: “i_for_del”: 未引用的局部变量
     1>CorMat-2mm-spa-GPUhisto.cpp(498): warning C4244: “=”: 从“__int64”转换到“int”，可能丢失数据
     1>CorMat-2mm-spa-GPUhisto.cpp(544): warning C4244: “=”: 从“double”转换到“real__t”，可能丢失数据
     1>CorMat-2mm-spa-GPUhisto.cpp(559): warning C4244: “=”: 从“double”转换到“real__t”，可能丢失数据
       Link:
         E:\Program Files (x86)\Microsoft Visual Studio 11.0\VC\bin\x86_amd64\link.exe /ERRORREPORT:PROMPT /OUT:"E:\cudaintergrated\cuda_test_project\cuda_newest20160115-4mm-sole-correlation\BNAPlatform-weighted-network-win64-cuda7.0-20160115\src\x64\Release\CuCorMat-2mm-spa-GPUhisto.exe" /NOLOGO /LIBPATH:"C:\Program Files\NVIDIA GPU Computing Toolkit\CUDA\v7.0\lib\x64" cudart.lib kernel32.lib user32.lib gdi32.lib winspool.lib comdlg32.lib advapi32.lib shell32.lib ole32.lib oleaut32.lib uuid.lib odbc32.lib odbccp32.lib kernel32.lib user32.lib gdi32.lib winspool.lib comdlg32.lib advapi32.lib shell32.lib ole32.lib oleaut32.lib uuid.lib odbc32.lib odbccp32.lib /MANIFEST /MANIFESTUAC:"level='asInvoker' uiAccess='false'" /manifest:embed /DEBUG /PDB:"E:\cudaintergrated\cuda_test_project\cuda_newest20160115-4mm-sole-correlation\BNAPlatform-weighted-network-win64-cuda7.0-20160115\src\x64\Release\CuCorMat-2mm-spa-GPUhisto.pdb" /SUBSYSTEM:CONSOLE /OPT:REF /OPT:ICF /LTCG /TLBID:1 /DYNAMICBASE /NXCOMPAT /IMPLIB:"E:\cudaintergrated\cuda_test_project\cuda_newest20160115-4mm-sole-correlation\BNAPlatform-weighted-network-win64-cuda7.0-20160115\src\x64\Release\CuCorMat-2mm-spa-GPUhisto.lib" /MACHINE:X64 "x64\Release\CorMat-2mm-spa-GPUhisto.cu.obj"
         "x64\Release\CorMat-2mm-transition-GPUhisto.cu.obj"
         "x64\Release\CorMat-2mm-spa-GPUhisto.obj"
         正在生成代码
         已完成代码的生成
         CuCorMat-2mm-spa.vcxproj -> E:\cudaintergrated\cuda_test_project\cuda_newest20160115-4mm-sole-correlation\BNAPlatform-weighted-network-win64-cuda7.0-20160115\src\x64\Release\CuCorMat-2mm-spa-GPUhisto.exe
       PostBuildEvent:
         echo copy "C:\Program Files\NVIDIA GPU Computing Toolkit\CUDA\v7.0\bin\cudart*.dll" "E:\cudaintergrated\cuda_test_project\cuda_newest20160115-4mm-sole-correlation\BNAPlatform-weighted-network-win64-cuda7.0-20160115\src\x64\Release\"
         copy "C:\Program Files\NVIDIA GPU Computing Toolkit\CUDA\v7.0\bin\cudart*.dll" "E:\cudaintergrated\cuda_test_project\cuda_newest20160115-4mm-sole-correlation\BNAPlatform-weighted-network-win64-cuda7.0-20160115\src\x64\Release\"
         :VCEnd
         copy "C:\Program Files\NVIDIA GPU Computing Toolkit\CUDA\v7.0\bin\cudart*.dll" "E:\cudaintergrated\cuda_test_project\cuda_newest20160115-4mm-sole-correlation\BNAPlatform-weighted-network-win64-cuda7.0-20160115\src\x64\Release\"
         C:\Program Files\NVIDIA GPU Computing Toolkit\CUDA\v7.0\bin\cudart32_70.dll
         C:\Program Files\NVIDIA GPU Computing Toolkit\CUDA\v7.0\bin\cudart64_70.dll
         已复制         2 个文件。
       FinalizeBuildStatus:
         正在删除文件“x64\Release\CuCorMat-2mm-spa-GPUhisto.unsuccessfulbuild”。
         正在对“x64\Release\CuCorMat-2mm-spa-GPUhisto.lastbuildstate”执行 Touch 任务。
     1>已完成生成项目“E:\cudaintergrated\cuda_test_project\cuda_newest20160115-4mm-sole-correlation\BNAPlatform-weighted-network-win64-cuda7.0-20160115\src\CuCorMat-2mm - spa - GPUhisto\CuCorMat-2mm-spa.vcxproj”(Rebuild 个目标)的操作。

生成成功。

已用时间 00:00:31.47
