E:\PROJECT\PROGRAM\CUDA_NEWEST20160115-4MM-SOLE-CORRELATION160331\CUDA_NEWEST20160115-4MM-SOLE-CORRELATION\BNAPLATFORM-WEIGHTED-NETWORK-WIN64-CUDA7.0-20160115\SRC\CP_GPU\CUCP\X64\RELEASE\TIMER.OBJ
E:\PROJECT\PROGRAM\CUDA_NEWEST20160115-4MM-SOLE-CORRELATION160331\CUDA_NEWEST20160115-4MM-SOLE-CORRELATION\BNAPLATFORM-WEIGHTED-NETWORK-WIN64-CUDA7.0-20160115\SRC\CP_GPU\CUCP\X64\RELEASE\MASLOV.OBJ
E:\PROJECT\PROGRAM\CUDA_NEWEST20160115-4MM-SOLE-CORRELATION160331\CUDA_NEWEST20160115-4MM-SOLE-CORRELATION\BNAPLATFORM-WEIGHTED-NETWORK-WIN64-CUDA7.0-20160115\SRC\CP_GPU\CUCP\X64\RELEASE\CP_MAIN.OBJ
E:\PROJECT\PROGRAM\CUDA_NEWEST20160115-4MM-SOLE-CORRELATION160331\CUDA_NEWEST20160115-4MM-SOLE-CORRELATION\BNAPLATFORM-WEIGHTED-NETWORK-WIN64-CUDA7.0-20160115\SRC\CP_GPU\CUCP\X64\RELEASE\CP.OBJ
E:\PROJECT\PROGRAM\CUDA_NEWEST20160115-4MM-SOLE-CORRELATION160331\CUDA_NEWEST20160115-4MM-SOLE-CORRELATION\BNAPLATFORM-WEIGHTED-NETWORK-WIN64-CUDA7.0-20160115\SRC\CP_GPU\CUCP\X64\RELEASE\VC110.PDB
E:\PROJECT\PROGRAM\CUDA_NEWEST20160115-4MM-SOLE-CORRELATION160331\CUDA_NEWEST20160115-4MM-SOLE-CORRELATION\BNAPLATFORM-WEIGHTED-NETWORK-WIN64-CUDA7.0-20160115\SRC\CP_GPU\,,\,,\BIN\CUCP.EXE
E:\PROJECT\PROGRAM\CUDA_NEWEST20160115-4MM-SOLE-CORRELATION160331\CUDA_NEWEST20160115-4MM-SOLE-CORRELATION\BNAPLATFORM-WEIGHTED-NETWORK-WIN64-CUDA7.0-20160115\SRC\CP_GPU\,,\,,\BIN\CUCP.PDB
E:\project\program\cuda_newest20160115-4mm-sole-correlation160331\cuda_newest20160115-4mm-sole-correlation\BNAPlatform-weighted-network-win64-cuda7.0-20160115\src\Cp_GPU\CUCP\x64\Release\Cp.cu.cache
E:\project\program\cuda_newest20160115-4mm-sole-correlation160331\cuda_newest20160115-4mm-sole-correlation\BNAPlatform-weighted-network-win64-cuda7.0-20160115\src\Cp_GPU\CUCP\x64\Release\Cp.cu.obj
E:\project\program\cuda_newest20160115-4mm-sole-correlation160331\cuda_newest20160115-4mm-sole-correlation\BNAPlatform-weighted-network-win64-cuda7.0-20160115\src\Cp_GPU\CUCP\x64\Release\Cp.obj
E:\project\program\cuda_newest20160115-4mm-sole-correlation160331\cuda_newest20160115-4mm-sole-correlation\BNAPlatform-weighted-network-win64-cuda7.0-20160115\src\Cp_GPU\CUCP\x64\Release\Cp_main.obj
E:\project\program\cuda_newest20160115-4mm-sole-correlation160331\cuda_newest20160115-4mm-sole-correlation\BNAPlatform-weighted-network-win64-cuda7.0-20160115\src\Cp_GPU\CUCP\x64\Release\Maslov.obj
E:\project\program\cuda_newest20160115-4mm-sole-correlation160331\cuda_newest20160115-4mm-sole-correlation\BNAPlatform-weighted-network-win64-cuda7.0-20160115\src\Cp_GPU\CUCP\x64\Release\Timer.obj
E:\project\program\cuda_newest20160115-4mm-sole-correlation160331\cuda_newest20160115-4mm-sole-correlation\BNAPlatform-weighted-network-win64-cuda7.0-20160115\src\Cp_GPU\CUCP\x64\Release\cl.command.1.tlog
E:\project\program\cuda_newest20160115-4mm-sole-correlation160331\cuda_newest20160115-4mm-sole-correlation\BNAPlatform-weighted-network-win64-cuda7.0-20160115\src\Cp_GPU\CUCP\x64\Release\CL.read.1.tlog
E:\project\program\cuda_newest20160115-4mm-sole-correlation160331\cuda_newest20160115-4mm-sole-correlation\BNAPlatform-weighted-network-win64-cuda7.0-20160115\src\Cp_GPU\CUCP\x64\Release\CL.write.1.tlog
E:\project\program\cuda_newest20160115-4mm-sole-correlation160331\cuda_newest20160115-4mm-sole-correlation\BNAPlatform-weighted-network-win64-cuda7.0-20160115\src\Cp_GPU\CUCP\x64\Release\link-cvtres.read.1.tlog
E:\project\program\cuda_newest20160115-4mm-sole-correlation160331\cuda_newest20160115-4mm-sole-correlation\BNAPlatform-weighted-network-win64-cuda7.0-20160115\src\Cp_GPU\CUCP\x64\Release\link-cvtres.write.1.tlog
E:\project\program\cuda_newest20160115-4mm-sole-correlation160331\cuda_newest20160115-4mm-sole-correlation\BNAPlatform-weighted-network-win64-cuda7.0-20160115\src\Cp_GPU\CUCP\x64\Release\link-rc.read.1.tlog
E:\project\program\cuda_newest20160115-4mm-sole-correlation160331\cuda_newest20160115-4mm-sole-correlation\BNAPlatform-weighted-network-win64-cuda7.0-20160115\src\Cp_GPU\CUCP\x64\Release\link-rc.write.1.tlog
E:\project\program\cuda_newest20160115-4mm-sole-correlation160331\cuda_newest20160115-4mm-sole-correlation\BNAPlatform-weighted-network-win64-cuda7.0-20160115\src\Cp_GPU\CUCP\x64\Release\link.command.1.tlog
E:\project\program\cuda_newest20160115-4mm-sole-correlation160331\cuda_newest20160115-4mm-sole-correlation\BNAPlatform-weighted-network-win64-cuda7.0-20160115\src\Cp_GPU\CUCP\x64\Release\link.read.1.tlog
E:\project\program\cuda_newest20160115-4mm-sole-correlation160331\cuda_newest20160115-4mm-sole-correlation\BNAPlatform-weighted-network-win64-cuda7.0-20160115\src\Cp_GPU\CUCP\x64\Release\link.write.1.tlog
E:\project\program\cuda_newest20160115-4mm-sole-correlation160331\cuda_newest20160115-4mm-sole-correlation\BNAPlatform-weighted-network-win64-cuda7.0-20160115\src\Cp_GPU\CUCP\x64\Release\vc110.pdb
E:\project\program\cuda_newest20160115-4mm-sole-correlation160331\cuda_newest20160115-4mm-sole-correlation\BNAPlatform-weighted-network-win64-cuda7.0-20160115\src\Cp_GPU\CUCP\..\,,\,,\bin\CUCP.exe
