E:\PROJECT\PROGRAM\CUDA_NEWEST20160115-4MM-SOLE-CORRELATION160331\CUDA_NEWEST20160115-4MM-SOLE-CORRELATION\BNAPLATFORM-WEIGHTED-NETWORK-WIN64-CUDA7.0-20160115\SRC\CUCORMAT-2MM - SPA\X64\RELEASE\CORMAT-2MM-SPA.OBJ
E:\PROJECT\PROGRAM\CUDA_NEWEST20160115-4MM-SOLE-CORRELATION160331\CUDA_NEWEST20160115-4MM-SOLE-CORRELATION\BNAPLATFORM-WEIGHTED-NETWORK-WIN64-CUDA7.0-20160115\SRC\CUCORMAT-2MM - SPA\X64\RELEASE\VC110.PDB
E:\PROJECT\PROGRAM\CUDA_NEWEST20160115-4MM-SOLE-CORRELATION160331\CUDA_NEWEST20160115-4MM-SOLE-CORRELATION\BNAPLATFORM-WEIGHTED-NETWORK-WIN64-CUDA7.0-20160115\SRC\X64\RELEASE\CUCORMAT-2MM-SPA.EXE
E:\PROJECT\PROGRAM\CUDA_NEWEST20160115-4MM-SOLE-CORRELATION160331\CUDA_NEWEST20160115-4MM-SOLE-CORRELATION\BNAPLATFORM-WEIGHTED-NETWORK-WIN64-CUDA7.0-20160115\SRC\X64\RELEASE\CUCORMAT-2MM-SPA.PDB
E:\project\program\cuda_newest20160115-4mm-sole-correlation160331\cuda_newest20160115-4mm-sole-correlation\BNAPlatform-weighted-network-win64-cuda7.0-20160115\src\CuCorMat-2mm - spa\x64\Release\CorMat-2mm-spa.cu.cache
E:\project\program\cuda_newest20160115-4mm-sole-correlation160331\cuda_newest20160115-4mm-sole-correlation\BNAPlatform-weighted-network-win64-cuda7.0-20160115\src\CuCorMat-2mm - spa\x64\Release\CorMat-2mm-transition.cu.cache
E:\project\program\cuda_newest20160115-4mm-sole-correlation160331\cuda_newest20160115-4mm-sole-correlation\BNAPlatform-weighted-network-win64-cuda7.0-20160115\src\CuCorMat-2mm - spa\x64\Release\CorMat-2mm-spa.cu.obj
E:\project\program\cuda_newest20160115-4mm-sole-correlation160331\cuda_newest20160115-4mm-sole-correlation\BNAPlatform-weighted-network-win64-cuda7.0-20160115\src\CuCorMat-2mm - spa\x64\Release\CorMat-2mm-spa.obj
E:\project\program\cuda_newest20160115-4mm-sole-correlation160331\cuda_newest20160115-4mm-sole-correlation\BNAPlatform-weighted-network-win64-cuda7.0-20160115\src\CuCorMat-2mm - spa\x64\Release\CorMat-2mm-transition.cu.obj
E:\project\program\cuda_newest20160115-4mm-sole-correlation160331\cuda_newest20160115-4mm-sole-correlation\BNAPlatform-weighted-network-win64-cuda7.0-20160115\src\CuCorMat-2mm - spa\x64\Release\cl.command.1.tlog
E:\project\program\cuda_newest20160115-4mm-sole-correlation160331\cuda_newest20160115-4mm-sole-correlation\BNAPlatform-weighted-network-win64-cuda7.0-20160115\src\CuCorMat-2mm - spa\x64\Release\CL.read.1.tlog
E:\project\program\cuda_newest20160115-4mm-sole-correlation160331\cuda_newest20160115-4mm-sole-correlation\BNAPlatform-weighted-network-win64-cuda7.0-20160115\src\CuCorMat-2mm - spa\x64\Release\CL.write.1.tlog
E:\project\program\cuda_newest20160115-4mm-sole-correlation160331\cuda_newest20160115-4mm-sole-correlation\BNAPlatform-weighted-network-win64-cuda7.0-20160115\src\CuCorMat-2mm - spa\x64\Release\link-cvtres.read.1.tlog
E:\project\program\cuda_newest20160115-4mm-sole-correlation160331\cuda_newest20160115-4mm-sole-correlation\BNAPlatform-weighted-network-win64-cuda7.0-20160115\src\CuCorMat-2mm - spa\x64\Release\link-cvtres.write.1.tlog
E:\project\program\cuda_newest20160115-4mm-sole-correlation160331\cuda_newest20160115-4mm-sole-correlation\BNAPlatform-weighted-network-win64-cuda7.0-20160115\src\CuCorMat-2mm - spa\x64\Release\link-rc.read.1.tlog
E:\project\program\cuda_newest20160115-4mm-sole-correlation160331\cuda_newest20160115-4mm-sole-correlation\BNAPlatform-weighted-network-win64-cuda7.0-20160115\src\CuCorMat-2mm - spa\x64\Release\link-rc.write.1.tlog
E:\project\program\cuda_newest20160115-4mm-sole-correlation160331\cuda_newest20160115-4mm-sole-correlation\BNAPlatform-weighted-network-win64-cuda7.0-20160115\src\CuCorMat-2mm - spa\x64\Release\link.command.1.tlog
E:\project\program\cuda_newest20160115-4mm-sole-correlation160331\cuda_newest20160115-4mm-sole-correlation\BNAPlatform-weighted-network-win64-cuda7.0-20160115\src\CuCorMat-2mm - spa\x64\Release\link.read.1.tlog
E:\project\program\cuda_newest20160115-4mm-sole-correlation160331\cuda_newest20160115-4mm-sole-correlation\BNAPlatform-weighted-network-win64-cuda7.0-20160115\src\CuCorMat-2mm - spa\x64\Release\link.write.1.tlog
E:\project\program\cuda_newest20160115-4mm-sole-correlation160331\cuda_newest20160115-4mm-sole-correlation\BNAPlatform-weighted-network-win64-cuda7.0-20160115\src\CuCorMat-2mm - spa\x64\Release\vc110.pdb
E:\project\program\cuda_newest20160115-4mm-sole-correlation160331\cuda_newest20160115-4mm-sole-correlation\BNAPlatform-weighted-network-win64-cuda7.0-20160115\src\x64\Release\CuCorMat-2mm-spa.pdb
E:\project\program\cuda_newest20160115-4mm-sole-correlation160331\cuda_newest20160115-4mm-sole-correlation\BNAPlatform-weighted-network-win64-cuda7.0-20160115\src\x64\Release\CuCorMat-2mm-spa.exe
