生成启动时间为 2016/3/26 19:39:51。
     1>项目“E:\cudaintergrated\cuda_test_project\cuda_newest20160115-4mm-sole-correlation\BNAPlatform-weighted-network-win64-cuda7.0-20160115\src\CuCorMat-2mm-fuse\CuCorMat-2mm.vcxproj”在节点 2 上(Rebuild 个目标)。
     1>CudaClean:
         cmd.exe /C "C:\Users\Lerond\AppData\Local\Temp\tmpac0fc7647b264739afab205a81c3f314.cmd"
         "C:\Program Files\NVIDIA GPU Computing Toolkit\CUDA\v7.0\bin\nvcc.exe" -ccbin "E:\Program Files (x86)\Microsoft Visual Studio 11.0\VC\bin\x86_amd64"  -I"C:\Program Files\NVIDIA GPU Computing Toolkit\CUDA\v7.0\include" -I"C:\Program Files\NVIDIA GPU Computing Toolkit\CUDA\v7.0\include" -I..\common -I"C:\Program Files\NVIDIA GPU Computing Toolkit\CUDA\v7.0\include"     --keep-dir x64\Release -maxrregcount=0  --machine 64 --compile      -DWIN32 -DWIN64 -DNDEBUG -D_CONSOLE -D_MBCS -Xcompiler "/EHsc /W3 /nologo /Od /Zi  /MD  " -o x64\Release\CorMat-2mm-fuse.cu.obj "E:\cudaintergrated\cuda_test_project\cuda_newest20160115-4mm-sole-correlation\BNAPlatform-weighted-network-win64-cuda7.0-20160115\src\CuCorMat-2mm-fuse\CorMat-2mm-fuse.cu" -clean
         
         E:\cudaintergrated\cuda_test_project\cuda_newest20160115-4mm-sole-correlation\BNAPlatform-weighted-network-win64-cuda7.0-20160115\src\CuCorMat-2mm-fuse>"C:\Program Files\NVIDIA GPU Computing Toolkit\CUDA\v7.0\bin\nvcc.exe" -ccbin "E:\Program Files (x86)\Microsoft Visual Studio 11.0\VC\bin\x86_amd64"  -I"C:\Program Files\NVIDIA GPU Computing Toolkit\CUDA\v7.0\include" -I"C:\Program Files\NVIDIA GPU Computing Toolkit\CUDA\v7.0\include" -I..\common -I"C:\Program Files\NVIDIA GPU Computing Toolkit\CUDA\v7.0\include"     --keep-dir x64\Release -maxrregcount=0  --machine 64 --compile      -DWIN32 -DWIN64 -DNDEBUG -D_CONSOLE -D_MBCS -Xcompiler "/EHsc /W3 /nologo /Od /Zi  /MD  " -o x64\Release\CorMat-2mm-fuse.cu.obj "E:\cudaintergrated\cuda_test_project\cuda_newest20160115-4mm-sole-correlation\BNAPlatform-weighted-network-win64-cuda7.0-20160115\src\CuCorMat-2mm-fuse\CorMat-2mm-fuse.cu" -clean 
         CorMat-2mm-fuse.cu
       AddCudaCompileDeps:
         E:\Program Files (x86)\Microsoft Visual Studio 11.0\VC\bin\x86_amd64\cl.exe /E /nologo /showIncludes /TP /D__CUDACC__ /DWIN32 /DWIN64 /DNDEBUG /D_CONSOLE /D_MBCS /I"C:\Program Files\NVIDIA GPU Computing Toolkit\CUDA\v7.0\include" /I"C:\Program Files\NVIDIA GPU Computing Toolkit\CUDA\v7.0\include" /I..\common /I"C:\Program Files\NVIDIA GPU Computing Toolkit\CUDA\v7.0\bin" /I"C:\Program Files\NVIDIA GPU Computing Toolkit\CUDA\v7.0\include" /I. /FIcuda_runtime.h /c E:\cudaintergrated\cuda_test_project\cuda_newest20160115-4mm-sole-correlation\BNAPlatform-weighted-network-win64-cuda7.0-20160115\src\CuCorMat-2mm-fuse\CorMat-2mm-fuse.cu 
       CudaBuild:
         Compiling CUDA source file CorMat-2mm-fuse.cu...
         cmd.exe /C "C:\Users\Lerond\AppData\Local\Temp\tmp73653aeb2a5a4198a9b76ca5cacc522b.cmd"
         "C:\Program Files\NVIDIA GPU Computing Toolkit\CUDA\v7.0\bin\nvcc.exe" -gencode=arch=compute_20,code=\"sm_20,compute_20\" --use-local-env --cl-version 2012 -ccbin "E:\Program Files (x86)\Microsoft Visual Studio 11.0\VC\bin\x86_amd64"  -I"C:\Program Files\NVIDIA GPU Computing Toolkit\CUDA\v7.0\include" -I"C:\Program Files\NVIDIA GPU Computing Toolkit\CUDA\v7.0\include" -I..\common -I"C:\Program Files\NVIDIA GPU Computing Toolkit\CUDA\v7.0\include"     --keep-dir x64\Release -maxrregcount=0  --machine 64 --compile -cudart static     -DWIN32 -DWIN64 -DNDEBUG -D_CONSOLE -D_MBCS -Xcompiler "/EHsc /W3 /nologo /Od /Zi  /MD  " -o x64\Release\CorMat-2mm-fuse.cu.obj "E:\cudaintergrated\cuda_test_project\cuda_newest20160115-4mm-sole-correlation\BNAPlatform-weighted-network-win64-cuda7.0-20160115\src\CuCorMat-2mm-fuse\CorMat-2mm-fuse.cu"
         
         E:\cudaintergrated\cuda_test_project\cuda_newest20160115-4mm-sole-correlation\BNAPlatform-weighted-network-win64-cuda7.0-20160115\src\CuCorMat-2mm-fuse>"C:\Program Files\NVIDIA GPU Computing Toolkit\CUDA\v7.0\bin\nvcc.exe" -gencode=arch=compute_20,code=\"sm_20,compute_20\" --use-local-env --cl-version 2012 -ccbin "E:\Program Files (x86)\Microsoft Visual Studio 11.0\VC\bin\x86_amd64"  -I"C:\Program Files\NVIDIA GPU Computing Toolkit\CUDA\v7.0\include" -I"C:\Program Files\NVIDIA GPU Computing Toolkit\CUDA\v7.0\include" -I..\common -I"C:\Program Files\NVIDIA GPU Computing Toolkit\CUDA\v7.0\include"     --keep-dir x64\Release -maxrregcount=0  --machine 64 --compile -cudart static     -DWIN32 -DWIN64 -DNDEBUG -D_CONSOLE -D_MBCS -Xcompiler "/EHsc /W3 /nologo /Od /Zi  /MD  " -o x64\Release\CorMat-2mm-fuse.cu.obj "E:\cudaintergrated\cuda_test_project\cuda_newest20160115-4mm-sole-correlation\BNAPlatform-weighted-network-win64-cuda7.0-20160115\src\CuCorMat-2mm-fuse\CorMat-2mm-fuse.cu" 
     1>c:\program files\nvidia gpu computing toolkit\cuda\v7.0\include\math_functions.h : warning C4819: 该文件包含不能在当前代码页(936)中表示的字符。请将该文件保存为 Unicode 格式以防止数据丢失
     1>c:\program files\nvidia gpu computing toolkit\cuda\v7.0\include\math_functions.h(877): warning C4819: 该文件包含不能在当前代码页(936)中表示的字符。请将该文件保存为 Unicode 格式以防止数据丢失
     1>c:\program files\nvidia gpu computing toolkit\cuda\v7.0\include\math_functions.h(1850): warning C4819: 该文件包含不能在当前代码页(936)中表示的字符。请将该文件保存为 Unicode 格式以防止数据丢失
     1>c:\program files\nvidia gpu computing toolkit\cuda\v7.0\include\math_functions.h(2728): warning C4819: 该文件包含不能在当前代码页(936)中表示的字符。请将该文件保存为 Unicode 格式以防止数据丢失
     1>c:\program files\nvidia gpu computing toolkit\cuda\v7.0\include\math_functions.h(3651): warning C4819: 该文件包含不能在当前代码页(936)中表示的字符。请将该文件保存为 Unicode 格式以防止数据丢失
     1>c:\program files\nvidia gpu computing toolkit\cuda\v7.0\include\math_functions.h(4595): warning C4819: 该文件包含不能在当前代码页(936)中表示的字符。请将该文件保存为 Unicode 格式以防止数据丢失
     1>c:\program files\nvidia gpu computing toolkit\cuda\v7.0\include\math_functions.h(5521): warning C4819: 该文件包含不能在当前代码页(936)中表示的字符。请将该文件保存为 Unicode 格式以防止数据丢失
     1>c:\program files\nvidia gpu computing toolkit\cuda\v7.0\include\math_functions.h(6421): warning C4819: 该文件包含不能在当前代码页(936)中表示的字符。请将该文件保存为 Unicode 格式以防止数据丢失
     1>c:\program files\nvidia gpu computing toolkit\cuda\v7.0\include\math_functions.h(7314): warning C4819: 该文件包含不能在当前代码页(936)中表示的字符。请将该文件保存为 Unicode 格式以防止数据丢失
     1>c:\program files\nvidia gpu computing toolkit\cuda\v7.0\include\math_functions.h(8227): warning C4819: 该文件包含不能在当前代码页(936)中表示的字符。请将该文件保存为 Unicode 格式以防止数据丢失
     1>c:\program files\nvidia gpu computing toolkit\cuda\v7.0\include\device_functions.h : warning C4819: 该文件包含不能在当前代码页(936)中表示的字符。请将该文件保存为 Unicode 格式以防止数据丢失
     1>c:\program files\nvidia gpu computing toolkit\cuda\v7.0\include\device_functions.h(775): warning C4819: 该文件包含不能在当前代码页(936)中表示的字符。请将该文件保存为 Unicode 格式以防止数据丢失
     1>c:\program files\nvidia gpu computing toolkit\cuda\v7.0\include\device_functions.h(1632): warning C4819: 该文件包含不能在当前代码页(936)中表示的字符。请将该文件保存为 Unicode 格式以防止数据丢失
     1>c:\program files\nvidia gpu computing toolkit\cuda\v7.0\include\device_double_functions.h : warning C4819: 该文件包含不能在当前代码页(936)中表示的字符。请将该文件保存为 Unicode 格式以防止数据丢失
     1>E:/cudaintergrated/cuda_test_project/cuda_newest20160115-4mm-sole-correlation/BNAPlatform-weighted-network-win64-cuda7.0-20160115/src/CuCorMat-2mm-fuse/CorMat-2mm-fuse.cu(107): warning : variable "kk" was declared but never referenced
     1>E:/cudaintergrated/cuda_test_project/cuda_newest20160115-4mm-sole-correlation/BNAPlatform-weighted-network-win64-cuda7.0-20160115/src/CuCorMat-2mm-fuse/CorMat-2mm-fuse.cu(40): warning : variable "BOLD_t1" was set but never used
     1>E:/cudaintergrated/cuda_test_project/cuda_newest20160115-4mm-sole-correlation/BNAPlatform-weighted-network-win64-cuda7.0-20160115/src/CuCorMat-2mm-fuse/CorMat-2mm-fuse.cu(40): warning : variable "BOLD_t2" was set but never used
     1>E:/cudaintergrated/cuda_test_project/cuda_newest20160115-4mm-sole-correlation/BNAPlatform-weighted-network-win64-cuda7.0-20160115/src/CuCorMat-2mm-fuse/CorMat-2mm-fuse.cu(40): warning : variable "tempout" was set but never used
     1>E:/cudaintergrated/cuda_test_project/cuda_newest20160115-4mm-sole-correlation/BNAPlatform-weighted-network-win64-cuda7.0-20160115/src/CuCorMat-2mm-fuse/CorMat-2mm-fuse.cu(314): warning : variable "FreeMem" was set but never used
     1>E:/cudaintergrated/cuda_test_project/cuda_newest20160115-4mm-sole-correlation/BNAPlatform-weighted-network-win64-cuda7.0-20160115/src/CuCorMat-2mm-fuse/CorMat-2mm-fuse.cu(434): warning : variable "index" was declared but never referenced
     1>c:\program files\nvidia gpu computing toolkit\cuda\v7.0\include\math_functions.h : warning C4819: 该文件包含不能在当前代码页(936)中表示的字符。请将该文件保存为 Unicode 格式以防止数据丢失
     1>c:\program files\nvidia gpu computing toolkit\cuda\v7.0\include\math_functions.h(877): warning C4819: 该文件包含不能在当前代码页(936)中表示的字符。请将该文件保存为 Unicode 格式以防止数据丢失
     1>c:\program files\nvidia gpu computing toolkit\cuda\v7.0\include\math_functions.h(1850): warning C4819: 该文件包含不能在当前代码页(936)中表示的字符。请将该文件保存为 Unicode 格式以防止数据丢失
     1>c:\program files\nvidia gpu computing toolkit\cuda\v7.0\include\math_functions.h(2728): warning C4819: 该文件包含不能在当前代码页(936)中表示的字符。请将该文件保存为 Unicode 格式以防止数据丢失
     1>c:\program files\nvidia gpu computing toolkit\cuda\v7.0\include\math_functions.h(3651): warning C4819: 该文件包含不能在当前代码页(936)中表示的字符。请将该文件保存为 Unicode 格式以防止数据丢失
     1>c:\program files\nvidia gpu computing toolkit\cuda\v7.0\include\math_functions.h(4595): warning C4819: 该文件包含不能在当前代码页(936)中表示的字符。请将该文件保存为 Unicode 格式以防止数据丢失
     1>c:\program files\nvidia gpu computing toolkit\cuda\v7.0\include\math_functions.h(5521): warning C4819: 该文件包含不能在当前代码页(936)中表示的字符。请将该文件保存为 Unicode 格式以防止数据丢失
     1>c:\program files\nvidia gpu computing toolkit\cuda\v7.0\include\math_functions.h(6421): warning C4819: 该文件包含不能在当前代码页(936)中表示的字符。请将该文件保存为 Unicode 格式以防止数据丢失
     1>c:\program files\nvidia gpu computing toolkit\cuda\v7.0\include\math_functions.h(7314): warning C4819: 该文件包含不能在当前代码页(936)中表示的字符。请将该文件保存为 Unicode 格式以防止数据丢失
     1>c:\program files\nvidia gpu computing toolkit\cuda\v7.0\include\math_functions.h(8227): warning C4819: 该文件包含不能在当前代码页(936)中表示的字符。请将该文件保存为 Unicode 格式以防止数据丢失
     1>c:\program files\nvidia gpu computing toolkit\cuda\v7.0\include\math_functions.h : warning C4819: 该文件包含不能在当前代码页(936)中表示的字符。请将该文件保存为 Unicode 格式以防止数据丢失
     1>c:\program files\nvidia gpu computing toolkit\cuda\v7.0\include\math_functions.h(877): warning C4819: 该文件包含不能在当前代码页(936)中表示的字符。请将该文件保存为 Unicode 格式以防止数据丢失
     1>c:\program files\nvidia gpu computing toolkit\cuda\v7.0\include\math_functions.h(1850): warning C4819: 该文件包含不能在当前代码页(936)中表示的字符。请将该文件保存为 Unicode 格式以防止数据丢失
     1>c:\program files\nvidia gpu computing toolkit\cuda\v7.0\include\math_functions.h(2728): warning C4819: 该文件包含不能在当前代码页(936)中表示的字符。请将该文件保存为 Unicode 格式以防止数据丢失
     1>c:\program files\nvidia gpu computing toolkit\cuda\v7.0\include\math_functions.h(3651): warning C4819: 该文件包含不能在当前代码页(936)中表示的字符。请将该文件保存为 Unicode 格式以防止数据丢失
     1>c:\program files\nvidia gpu computing toolkit\cuda\v7.0\include\math_functions.h(4595): warning C4819: 该文件包含不能在当前代码页(936)中表示的字符。请将该文件保存为 Unicode 格式以防止数据丢失
     1>c:\program files\nvidia gpu computing toolkit\cuda\v7.0\include\math_functions.h(5521): warning C4819: 该文件包含不能在当前代码页(936)中表示的字符。请将该文件保存为 Unicode 格式以防止数据丢失
     1>c:\program files\nvidia gpu computing toolkit\cuda\v7.0\include\math_functions.h(6421): warning C4819: 该文件包含不能在当前代码页(936)中表示的字符。请将该文件保存为 Unicode 格式以防止数据丢失
     1>c:\program files\nvidia gpu computing toolkit\cuda\v7.0\include\math_functions.h(7314): warning C4819: 该文件包含不能在当前代码页(936)中表示的字符。请将该文件保存为 Unicode 格式以防止数据丢失
     1>c:\program files\nvidia gpu computing toolkit\cuda\v7.0\include\math_functions.h(8227): warning C4819: 该文件包含不能在当前代码页(936)中表示的字符。请将该文件保存为 Unicode 格式以防止数据丢失
     1>c:\program files\nvidia gpu computing toolkit\cuda\v7.0\include\device_functions_decls.h : warning C4819: 该文件包含不能在当前代码页(936)中表示的字符。请将该文件保存为 Unicode 格式以防止数据丢失
     1>c:\program files\nvidia gpu computing toolkit\cuda\v7.0\include\device_functions_decls.h(917): warning C4819: 该文件包含不能在当前代码页(936)中表示的字符。请将该文件保存为 Unicode 格式以防止数据丢失
     1>c:\program files\nvidia gpu computing toolkit\cuda\v7.0\include\device_functions_decls.h(1921): warning C4819: 该文件包含不能在当前代码页(936)中表示的字符。请将该文件保存为 Unicode 格式以防止数据丢失
     1>c:\program files\nvidia gpu computing toolkit\cuda\v7.0\include\device_functions_decls.h(2857): warning C4819: 该文件包含不能在当前代码页(936)中表示的字符。请将该文件保存为 Unicode 格式以防止数据丢失
     1>c:\program files\nvidia gpu computing toolkit\cuda\v7.0\include\device_functions_decls.h(3802): warning C4819: 该文件包含不能在当前代码页(936)中表示的字符。请将该文件保存为 Unicode 格式以防止数据丢失
     1>c:\program files\nvidia gpu computing toolkit\cuda\v7.0\include\device_functions_decls.h(4747): warning C4819: 该文件包含不能在当前代码页(936)中表示的字符。请将该文件保存为 Unicode 格式以防止数据丢失
     1>c:\program files\nvidia gpu computing toolkit\cuda\v7.0\include\device_functions_decls.h(5772): warning C4819: 该文件包含不能在当前代码页(936)中表示的字符。请将该文件保存为 Unicode 格式以防止数据丢失
     1>c:\program files\nvidia gpu computing toolkit\cuda\v7.0\include\device_functions_decls.h(6719): warning C4819: 该文件包含不能在当前代码页(936)中表示的字符。请将该文件保存为 Unicode 格式以防止数据丢失
     1>c:\program files\nvidia gpu computing toolkit\cuda\v7.0\include\device_functions_decls.h(7652): warning C4819: 该文件包含不能在当前代码页(936)中表示的字符。请将该文件保存为 Unicode 格式以防止数据丢失
     1>c:\program files\nvidia gpu computing toolkit\cuda\v7.0\include\device_functions_decls.h(8526): warning C4819: 该文件包含不能在当前代码页(936)中表示的字符。请将该文件保存为 Unicode 格式以防止数据丢失
     1>c:\program files\nvidia gpu computing toolkit\cuda\v7.0\include\device_functions_decls.h(9492): warning C4819: 该文件包含不能在当前代码页(936)中表示的字符。请将该文件保存为 Unicode 格式以防止数据丢失
     1>c:\program files\nvidia gpu computing toolkit\cuda\v7.0\include\device_functions_decls.h(10478): warning C4819: 该文件包含不能在当前代码页(936)中表示的字符。请将该文件保存为 Unicode 格式以防止数据丢失
     1>c:\program files\nvidia gpu computing toolkit\cuda\v7.0\include\device_functions.h : warning C4819: 该文件包含不能在当前代码页(936)中表示的字符。请将该文件保存为 Unicode 格式以防止数据丢失
     1>c:\program files\nvidia gpu computing toolkit\cuda\v7.0\include\device_functions.h(775): warning C4819: 该文件包含不能在当前代码页(936)中表示的字符。请将该文件保存为 Unicode 格式以防止数据丢失
     1>c:\program files\nvidia gpu computing toolkit\cuda\v7.0\include\device_functions.h(1632): warning C4819: 该文件包含不能在当前代码页(936)中表示的字符。请将该文件保存为 Unicode 格式以防止数据丢失
     1>c:\program files\nvidia gpu computing toolkit\cuda\v7.0\include\device_double_functions.h : warning C4819: 该文件包含不能在当前代码页(936)中表示的字符。请将该文件保存为 Unicode 格式以防止数据丢失
     1>c:\program files\nvidia gpu computing toolkit\cuda\v7.0\include\math_functions.h : warning C4819: 该文件包含不能在当前代码页(936)中表示的字符。请将该文件保存为 Unicode 格式以防止数据丢失
     1>c:\program files\nvidia gpu computing toolkit\cuda\v7.0\include\math_functions.h(877): warning C4819: 该文件包含不能在当前代码页(936)中表示的字符。请将该文件保存为 Unicode 格式以防止数据丢失
     1>c:\program files\nvidia gpu computing toolkit\cuda\v7.0\include\math_functions.h(1850): warning C4819: 该文件包含不能在当前代码页(936)中表示的字符。请将该文件保存为 Unicode 格式以防止数据丢失
     1>c:\program files\nvidia gpu computing toolkit\cuda\v7.0\include\math_functions.h(2728): warning C4819: 该文件包含不能在当前代码页(936)中表示的字符。请将该文件保存为 Unicode 格式以防止数据丢失
     1>c:\program files\nvidia gpu computing toolkit\cuda\v7.0\include\math_functions.h(3651): warning C4819: 该文件包含不能在当前代码页(936)中表示的字符。请将该文件保存为 Unicode 格式以防止数据丢失
     1>c:\program files\nvidia gpu computing toolkit\cuda\v7.0\include\math_functions.h(4595): warning C4819: 该文件包含不能在当前代码页(936)中表示的字符。请将该文件保存为 Unicode 格式以防止数据丢失
     1>c:\program files\nvidia gpu computing toolkit\cuda\v7.0\include\math_functions.h(5521): warning C4819: 该文件包含不能在当前代码页(936)中表示的字符。请将该文件保存为 Unicode 格式以防止数据丢失
     1>c:\program files\nvidia gpu computing toolkit\cuda\v7.0\include\math_functions.h(6421): warning C4819: 该文件包含不能在当前代码页(936)中表示的字符。请将该文件保存为 Unicode 格式以防止数据丢失
     1>c:\program files\nvidia gpu computing toolkit\cuda\v7.0\include\math_functions.h(7314): warning C4819: 该文件包含不能在当前代码页(936)中表示的字符。请将该文件保存为 Unicode 格式以防止数据丢失
     1>c:\program files\nvidia gpu computing toolkit\cuda\v7.0\include\math_functions.h(8227): warning C4819: 该文件包含不能在当前代码页(936)中表示的字符。请将该文件保存为 Unicode 格式以防止数据丢失
     1>c:\program files\nvidia gpu computing toolkit\cuda\v7.0\include\device_functions.h : warning C4819: 该文件包含不能在当前代码页(936)中表示的字符。请将该文件保存为 Unicode 格式以防止数据丢失
     1>c:\program files\nvidia gpu computing toolkit\cuda\v7.0\include\device_functions.h(775): warning C4819: 该文件包含不能在当前代码页(936)中表示的字符。请将该文件保存为 Unicode 格式以防止数据丢失
     1>c:\program files\nvidia gpu computing toolkit\cuda\v7.0\include\device_functions.h(1632): warning C4819: 该文件包含不能在当前代码页(936)中表示的字符。请将该文件保存为 Unicode 格式以防止数据丢失
     1>c:\program files\nvidia gpu computing toolkit\cuda\v7.0\include\device_double_functions.h : warning C4819: 该文件包含不能在当前代码页(936)中表示的字符。请将该文件保存为 Unicode 格式以防止数据丢失
     1>E:/cudaintergrated/cuda_test_project/cuda_newest20160115-4mm-sole-correlation/BNAPlatform-weighted-network-win64-cuda7.0-20160115/src/CuCorMat-2mm-fuse/CorMat-2mm-fuse.cu(107): warning : variable "kk" was declared but never referenced
     1>E:/cudaintergrated/cuda_test_project/cuda_newest20160115-4mm-sole-correlation/BNAPlatform-weighted-network-win64-cuda7.0-20160115/src/CuCorMat-2mm-fuse/CorMat-2mm-fuse.cu(40): warning : variable "BOLD_t1" was set but never used
     1>E:/cudaintergrated/cuda_test_project/cuda_newest20160115-4mm-sole-correlation/BNAPlatform-weighted-network-win64-cuda7.0-20160115/src/CuCorMat-2mm-fuse/CorMat-2mm-fuse.cu(40): warning : variable "BOLD_t2" was set but never used
     1>E:/cudaintergrated/cuda_test_project/cuda_newest20160115-4mm-sole-correlation/BNAPlatform-weighted-network-win64-cuda7.0-20160115/src/CuCorMat-2mm-fuse/CorMat-2mm-fuse.cu(40): warning : variable "tempout" was set but never used
     1>E:/cudaintergrated/cuda_test_project/cuda_newest20160115-4mm-sole-correlation/BNAPlatform-weighted-network-win64-cuda7.0-20160115/src/CuCorMat-2mm-fuse/CorMat-2mm-fuse.cu(314): warning : variable "FreeMem" was set but never used
     1>E:/cudaintergrated/cuda_test_project/cuda_newest20160115-4mm-sole-correlation/BNAPlatform-weighted-network-win64-cuda7.0-20160115/src/CuCorMat-2mm-fuse/CorMat-2mm-fuse.cu(434): warning : variable "index" was declared but never referenced
     1>c:\program files\nvidia gpu computing toolkit\cuda\v7.0\include\math_functions.h : warning C4819: 该文件包含不能在当前代码页(936)中表示的字符。请将该文件保存为 Unicode 格式以防止数据丢失
     1>c:\program files\nvidia gpu computing toolkit\cuda\v7.0\include\math_functions.h(877): warning C4819: 该文件包含不能在当前代码页(936)中表示的字符。请将该文件保存为 Unicode 格式以防止数据丢失
     1>c:\program files\nvidia gpu computing toolkit\cuda\v7.0\include\math_functions.h(1850): warning C4819: 该文件包含不能在当前代码页(936)中表示的字符。请将该文件保存为 Unicode 格式以防止数据丢失
     1>c:\program files\nvidia gpu computing toolkit\cuda\v7.0\include\math_functions.h(2728): warning C4819: 该文件包含不能在当前代码页(936)中表示的字符。请将该文件保存为 Unicode 格式以防止数据丢失
     1>c:\program files\nvidia gpu computing toolkit\cuda\v7.0\include\math_functions.h(3651): warning C4819: 该文件包含不能在当前代码页(936)中表示的字符。请将该文件保存为 Unicode 格式以防止数据丢失
     1>c:\program files\nvidia gpu computing toolkit\cuda\v7.0\include\math_functions.h(4595): warning C4819: 该文件包含不能在当前代码页(936)中表示的字符。请将该文件保存为 Unicode 格式以防止数据丢失
     1>c:\program files\nvidia gpu computing toolkit\cuda\v7.0\include\math_functions.h(5521): warning C4819: 该文件包含不能在当前代码页(936)中表示的字符。请将该文件保存为 Unicode 格式以防止数据丢失
     1>c:\program files\nvidia gpu computing toolkit\cuda\v7.0\include\math_functions.h(6421): warning C4819: 该文件包含不能在当前代码页(936)中表示的字符。请将该文件保存为 Unicode 格式以防止数据丢失
     1>c:\program files\nvidia gpu computing toolkit\cuda\v7.0\include\math_functions.h(7314): warning C4819: 该文件包含不能在当前代码页(936)中表示的字符。请将该文件保存为 Unicode 格式以防止数据丢失
     1>c:\program files\nvidia gpu computing toolkit\cuda\v7.0\include\math_functions.h(8227): warning C4819: 该文件包含不能在当前代码页(936)中表示的字符。请将该文件保存为 Unicode 格式以防止数据丢失
         CorMat-2mm-fuse.cu
     1>E:/cudaintergrated/cuda_test_project/cuda_newest20160115-4mm-sole-correlation/BNAPlatform-weighted-network-win64-cuda7.0-20160115/src/CuCorMat-2mm-fuse/CorMat-2mm-fuse.cu(71): warning C4244: “=”: 从“double”转换到“real__t”，可能丢失数据
     1>E:/cudaintergrated/cuda_test_project/cuda_newest20160115-4mm-sole-correlation/BNAPlatform-weighted-network-win64-cuda7.0-20160115/src/CuCorMat-2mm-fuse/CorMat-2mm-fuse.cu(318): warning C4244: “=”: 从“SIZE_T”转换到“unsigned int”，可能丢失数据
     1>E:/cudaintergrated/cuda_test_project/cuda_newest20160115-4mm-sole-correlation/BNAPlatform-weighted-network-win64-cuda7.0-20160115/src/CuCorMat-2mm-fuse/CorMat-2mm-fuse.cu(334): warning C4244: “初始化”: 从“double”转换到“real__t”，可能丢失数据
     1>E:/cudaintergrated/cuda_test_project/cuda_newest20160115-4mm-sole-correlation/BNAPlatform-weighted-network-win64-cuda7.0-20160115/src/CuCorMat-2mm-fuse/CorMat-2mm-fuse.cu(442): warning C4244: “return”: 从“cudaError_t”转换到“real__t”，可能丢失数据
     1>E:/cudaintergrated/cuda_test_project/cuda_newest20160115-4mm-sole-correlation/BNAPlatform-weighted-network-win64-cuda7.0-20160115/src/CuCorMat-2mm-fuse/CorMat-2mm-fuse.cu(444): warning C4244: “初始化”: 从“__int64”转换到“int”，可能丢失数据
     1>E:/cudaintergrated/cuda_test_project/cuda_newest20160115-4mm-sole-correlation/BNAPlatform-weighted-network-win64-cuda7.0-20160115/src/CuCorMat-2mm-fuse/CorMat-2mm-fuse.cu(458): warning C4244: “return”: 从“cublasStatus_t”转换到“real__t”，可能丢失数据
     1>E:/cudaintergrated/cuda_test_project/cuda_newest20160115-4mm-sole-correlation/BNAPlatform-weighted-network-win64-cuda7.0-20160115/src/CuCorMat-2mm-fuse/CorMat-2mm-fuse.cu(463): warning C4244: “=”: 从“double”转换到“real__t”，可能丢失数据
     1>E:/cudaintergrated/cuda_test_project/cuda_newest20160115-4mm-sole-correlation/BNAPlatform-weighted-network-win64-cuda7.0-20160115/src/CuCorMat-2mm-fuse/CorMat-2mm-fuse.cu(466): warning C4244: “初始化”: 从“__int64”转换到“int”，可能丢失数据
     1>E:/cudaintergrated/cuda_test_project/cuda_newest20160115-4mm-sole-correlation/BNAPlatform-weighted-network-win64-cuda7.0-20160115/src/CuCorMat-2mm-fuse/CorMat-2mm-fuse.cu(471): warning C4244: “return”: 从“cublasStatus_t”转换到“real__t”，可能丢失数据
     1>E:/cudaintergrated/cuda_test_project/cuda_newest20160115-4mm-sole-correlation/BNAPlatform-weighted-network-win64-cuda7.0-20160115/src/CuCorMat-2mm-fuse/CorMat-2mm-fuse.cu(474): warning C4244: “return”: 从“cublasStatus_t”转换到“real__t”，可能丢失数据
     1>E:/cudaintergrated/cuda_test_project/cuda_newest20160115-4mm-sole-correlation/BNAPlatform-weighted-network-win64-cuda7.0-20160115/src/CuCorMat-2mm-fuse/CorMat-2mm-fuse.cu(434): warning C4101: “index”: 未引用的局部变量
     1>E:/cudaintergrated/cuda_test_project/cuda_newest20160115-4mm-sole-correlation/BNAPlatform-weighted-network-win64-cuda7.0-20160115/src/CuCorMat-2mm-fuse/CorMat-2mm-fuse.cu(519): warning C4244: “=”: 从“double”转换到“real__t”，可能丢失数据
     1>E:/cudaintergrated/cuda_test_project/cuda_newest20160115-4mm-sole-correlation/BNAPlatform-weighted-network-win64-cuda7.0-20160115/src/CuCorMat-2mm-fuse/CorMat-2mm-fuse.cu(548): warning C4244: “初始化”: 从“__int64”转换到“int”，可能丢失数据
     1>E:/cudaintergrated/cuda_test_project/cuda_newest20160115-4mm-sole-correlation/BNAPlatform-weighted-network-win64-cuda7.0-20160115/src/CuCorMat-2mm-fuse/CorMat-2mm-fuse.cu(556): warning C4244: “参数”: 从“__int64”转换到“int”，可能丢失数据
     1>E:/cudaintergrated/cuda_test_project/cuda_newest20160115-4mm-sole-correlation/BNAPlatform-weighted-network-win64-cuda7.0-20160115/src/CuCorMat-2mm-fuse/CorMat-2mm-fuse.cu(557): warning C4244: “参数”: 从“__int64”转换到“int”，可能丢失数据
     1>E:/cudaintergrated/cuda_test_project/cuda_newest20160115-4mm-sole-correlation/BNAPlatform-weighted-network-win64-cuda7.0-20160115/src/CuCorMat-2mm-fuse/CorMat-2mm-fuse.cu(563): warning C4244: “参数”: 从“__int64”转换到“int”，可能丢失数据
     1>E:/cudaintergrated/cuda_test_project/cuda_newest20160115-4mm-sole-correlation/BNAPlatform-weighted-network-win64-cuda7.0-20160115/src/CuCorMat-2mm-fuse/CorMat-2mm-fuse.cu(564): warning C4244: “参数”: 从“__int64”转换到“int”，可能丢失数据
       ClCompile:
         E:\Program Files (x86)\Microsoft Visual Studio 11.0\VC\bin\x86_amd64\CL.exe /c /I"C:\Program Files\NVIDIA GPU Computing Toolkit\CUDA\v7.0\include" /I"C:\Program Files\NVIDIA GPU Computing Toolkit\CUDA\v7.0\include" /I..\common /Zi /nologo /W3 /WX- /Od /Oi /GL /D WIN32 /D WIN64 /D NDEBUG /D _CONSOLE /D _MBCS /Gm- /EHsc /MD /GS /Gy /fp:precise /Zc:wchar_t /Zc:forScope /Fo"x64\Release\\" /Fd"x64\Release\vc110.pdb" /Gd /TP /errorReport:prompt "CorMat-2mm-fuse.cpp"
         CorMat-2mm-fuse.cpp
     1>CorMat-2mm-fuse.cpp(39): warning C4305: “-=”: 从“double”到“real__t”截断
     1>CorMat-2mm-fuse.cpp(40): warning C4244: “=”: 从“double”转换到“real__t”，可能丢失数据
     1>CorMat-2mm-fuse.cpp(150): warning C4244: “=”: 从“short”转换到“char”，可能丢失数据
     1>CorMat-2mm-fuse.cpp(211): warning C4244: “=”: 从“double”转换到“real__t”，可能丢失数据
     1>CorMat-2mm-fuse.cpp(260): warning C4996: 'itoa': The POSIX name for this item is deprecated. Instead, use the ISO C++ conformant name: _itoa. See online help for details.
                 E:\Program Files (x86)\Microsoft Visual Studio 11.0\VC\include\stdlib.h(909) : 参见“itoa”的声明
     1>CorMat-2mm-fuse.cpp(62): warning C4101: “time”: 未引用的局部变量
     1>CorMat-2mm-fuse.cpp(252): warning C4101: “sparsity”: 未引用的局部变量
     1>CorMat-2mm-fuse.cpp(374): warning C4101: “j_for_del”: 未引用的局部变量
     1>CorMat-2mm-fuse.cpp(373): warning C4101: “i_for_del”: 未引用的局部变量
     1>CorMat-2mm-fuse.cpp(497): warning C4244: “=”: 从“__int64”转换到“int”，可能丢失数据
     1>CorMat-2mm-fuse.cpp(543): warning C4244: “=”: 从“double”转换到“real__t”，可能丢失数据
     1>CorMat-2mm-fuse.cpp(558): warning C4244: “=”: 从“double”转换到“real__t”，可能丢失数据
       Link:
         E:\Program Files (x86)\Microsoft Visual Studio 11.0\VC\bin\x86_amd64\link.exe /ERRORREPORT:PROMPT /OUT:"E:\cudaintergrated\cuda_test_project\cuda_newest20160115-4mm-sole-correlation\BNAPlatform-weighted-network-win64-cuda7.0-20160115\src\x64\Release\CuCorMat-2mm-fuse.exe" /NOLOGO /LIBPATH:"C:\Program Files\NVIDIA GPU Computing Toolkit\CUDA\v7.0\lib\x64" cudart.lib kernel32.lib user32.lib gdi32.lib winspool.lib comdlg32.lib advapi32.lib shell32.lib ole32.lib oleaut32.lib uuid.lib odbc32.lib odbccp32.lib kernel32.lib user32.lib gdi32.lib winspool.lib comdlg32.lib advapi32.lib shell32.lib ole32.lib oleaut32.lib uuid.lib odbc32.lib odbccp32.lib /MANIFEST /MANIFESTUAC:"level='asInvoker' uiAccess='false'" /manifest:embed /DEBUG /PDB:"E:\cudaintergrated\cuda_test_project\cuda_newest20160115-4mm-sole-correlation\BNAPlatform-weighted-network-win64-cuda7.0-20160115\src\x64\Release\CuCorMat-2mm-fuse.pdb" /SUBSYSTEM:CONSOLE /OPT:REF /OPT:ICF /LTCG /TLBID:1 /DYNAMICBASE /NXCOMPAT /IMPLIB:"E:\cudaintergrated\cuda_test_project\cuda_newest20160115-4mm-sole-correlation\BNAPlatform-weighted-network-win64-cuda7.0-20160115\src\x64\Release\CuCorMat-2mm-fuse.lib" /MACHINE:X64 "x64\Release\CorMat-2mm-fuse.cu.obj"
         "x64\Release\CorMat-2mm-fuse.obj"
         正在生成代码
         已完成代码的生成
         CuCorMat-2mm.vcxproj -> E:\cudaintergrated\cuda_test_project\cuda_newest20160115-4mm-sole-correlation\BNAPlatform-weighted-network-win64-cuda7.0-20160115\src\x64\Release\CuCorMat-2mm-fuse.exe
       PostBuildEvent:
         echo copy "C:\Program Files\NVIDIA GPU Computing Toolkit\CUDA\v7.0\bin\cudart*.dll" "E:\cudaintergrated\cuda_test_project\cuda_newest20160115-4mm-sole-correlation\BNAPlatform-weighted-network-win64-cuda7.0-20160115\src\x64\Release\"
         copy "C:\Program Files\NVIDIA GPU Computing Toolkit\CUDA\v7.0\bin\cudart*.dll" "E:\cudaintergrated\cuda_test_project\cuda_newest20160115-4mm-sole-correlation\BNAPlatform-weighted-network-win64-cuda7.0-20160115\src\x64\Release\"
         :VCEnd
         copy "C:\Program Files\NVIDIA GPU Computing Toolkit\CUDA\v7.0\bin\cudart*.dll" "E:\cudaintergrated\cuda_test_project\cuda_newest20160115-4mm-sole-correlation\BNAPlatform-weighted-network-win64-cuda7.0-20160115\src\x64\Release\"
         C:\Program Files\NVIDIA GPU Computing Toolkit\CUDA\v7.0\bin\cudart32_70.dll
         C:\Program Files\NVIDIA GPU Computing Toolkit\CUDA\v7.0\bin\cudart64_70.dll
         已复制         2 个文件。
     1>已完成生成项目“E:\cudaintergrated\cuda_test_project\cuda_newest20160115-4mm-sole-correlation\BNAPlatform-weighted-network-win64-cuda7.0-20160115\src\CuCorMat-2mm-fuse\CuCorMat-2mm.vcxproj”(Rebuild 个目标)的操作。

生成成功。

已用时间 00:00:19.48
