E:\PROJECT\PROGRAM\CUDA_NEWEST20160331\CUDA_NEWEST20160331\BNAPLATFORM-WIN64-CUDA7.0-20160115\SRC\LP\CUBFW_LP\CUBFW_LP\X64\DEBUG\APSP_BFS.OBJ
E:\PROJECT\PROGRAM\CUDA_NEWEST20160331\CUDA_NEWEST20160331\BNAPLATFORM-WIN64-CUDA7.0-20160115\SRC\LP\CUBFW_LP\CUBFW_LP\X64\DEBUG\BFW.OBJ
E:\PROJECT\PROGRAM\CUDA_NEWEST20160331\CUDA_NEWEST20160331\BNAPLATFORM-WIN64-CUDA7.0-20160115\SRC\LP\CUBFW_LP\CUBFW_LP\X64\DEBUG\CUBFW.OBJ
E:\PROJECT\PROGRAM\CUDA_NEWEST20160331\CUDA_NEWEST20160331\BNAPLATFORM-WIN64-CUDA7.0-20160115\SRC\LP\CUBFW_LP\CUBFW_LP\X64\DEBUG\CUBFW_LP.OBJ
E:\PROJECT\PROGRAM\CUDA_NEWEST20160331\CUDA_NEWEST20160331\BNAPLATFORM-WIN64-CUDA7.0-20160115\SRC\LP\CUBFW_LP\CUBFW_LP\X64\DEBUG\CUBFW_LP_MAIN.OBJ
E:\PROJECT\PROGRAM\CUDA_NEWEST20160331\CUDA_NEWEST20160331\BNAPLATFORM-WIN64-CUDA7.0-20160115\SRC\LP\CUBFW_LP\CUBFW_LP\X64\DEBUG\FORMBLOCK.OBJ
E:\PROJECT\PROGRAM\CUDA_NEWEST20160331\CUDA_NEWEST20160331\BNAPLATFORM-WIN64-CUDA7.0-20160115\SRC\LP\CUBFW_LP\CUBFW_LP\X64\DEBUG\MASLOV.OBJ
E:\PROJECT\PROGRAM\CUDA_NEWEST20160331\CUDA_NEWEST20160331\BNAPLATFORM-WIN64-CUDA7.0-20160115\SRC\LP\CUBFW_LP\CUBFW_LP\X64\DEBUG\MYTIMER.OBJ
E:\PROJECT\PROGRAM\CUDA_NEWEST20160331\CUDA_NEWEST20160331\BNAPLATFORM-WIN64-CUDA7.0-20160115\SRC\LP\CUBFW_LP\CUBFW_LP\X64\DEBUG\TIMER.OBJ
E:\PROJECT\PROGRAM\CUDA_NEWEST20160331\CUDA_NEWEST20160331\BNAPLATFORM-WIN64-CUDA7.0-20160115\SRC\LP\CUBFW_LP\CUBFW_LP\X64\DEBUG\VC110.PDB
E:\PROJECT\PROGRAM\CUDA_NEWEST20160331\CUDA_NEWEST20160331\BNAPLATFORM-WIN64-CUDA7.0-20160115\SRC\X64\DEBUG\CUBFW_LP.ILK
E:\PROJECT\PROGRAM\CUDA_NEWEST20160331\CUDA_NEWEST20160331\BNAPLATFORM-WIN64-CUDA7.0-20160115\SRC\X64\DEBUG\CUBFW_LP.EXE
E:\PROJECT\PROGRAM\CUDA_NEWEST20160331\CUDA_NEWEST20160331\BNAPLATFORM-WIN64-CUDA7.0-20160115\SRC\X64\DEBUG\CUBFW_LP.PDB
E:\project\program\cuda_newest20160331\cuda_newest20160331\BNAPlatform-win64-cuda7.0-20160115\src\Lp\CUBFW_Lp\CUBFW_Lp\x64\Debug\CUBFW_ph1.cu.cache
E:\project\program\cuda_newest20160331\cuda_newest20160331\BNAPlatform-win64-cuda7.0-20160115\src\Lp\CUBFW_Lp\CUBFW_Lp\x64\Debug\CUBFW_ph2.cu.cache
E:\project\program\cuda_newest20160331\cuda_newest20160331\BNAPlatform-win64-cuda7.0-20160115\src\Lp\CUBFW_Lp\CUBFW_Lp\x64\Debug\CUBFW_ph3.cu.cache
E:\project\program\cuda_newest20160331\cuda_newest20160331\BNAPlatform-win64-cuda7.0-20160115\src\Lp\CUBFW_Lp\CUBFW_Lp\x64\Debug\cuTranspose.cu.cache
E:\project\program\cuda_newest20160331\cuda_newest20160331\BNAPlatform-win64-cuda7.0-20160115\src\Lp\CUBFW_Lp\CUBFW_Lp\x64\Debug\APSP_BFS.obj
E:\project\program\cuda_newest20160331\cuda_newest20160331\BNAPlatform-win64-cuda7.0-20160115\src\Lp\CUBFW_Lp\CUBFW_Lp\x64\Debug\BFW.obj
E:\project\program\cuda_newest20160331\cuda_newest20160331\BNAPlatform-win64-cuda7.0-20160115\src\Lp\CUBFW_Lp\CUBFW_Lp\x64\Debug\CUBFW.obj
E:\project\program\cuda_newest20160331\cuda_newest20160331\BNAPlatform-win64-cuda7.0-20160115\src\Lp\CUBFW_Lp\CUBFW_Lp\x64\Debug\CUBFW_Lp.obj
E:\project\program\cuda_newest20160331\cuda_newest20160331\BNAPlatform-win64-cuda7.0-20160115\src\Lp\CUBFW_Lp\CUBFW_Lp\x64\Debug\CUBFW_Lp_main.obj
E:\project\program\cuda_newest20160331\cuda_newest20160331\BNAPlatform-win64-cuda7.0-20160115\src\Lp\CUBFW_Lp\CUBFW_Lp\x64\Debug\CUBFW_ph1.cu.obj
E:\project\program\cuda_newest20160331\cuda_newest20160331\BNAPlatform-win64-cuda7.0-20160115\src\Lp\CUBFW_Lp\CUBFW_Lp\x64\Debug\CUBFW_ph2.cu.obj
E:\project\program\cuda_newest20160331\cuda_newest20160331\BNAPlatform-win64-cuda7.0-20160115\src\Lp\CUBFW_Lp\CUBFW_Lp\x64\Debug\CUBFW_ph3.cu.obj
E:\project\program\cuda_newest20160331\cuda_newest20160331\BNAPlatform-win64-cuda7.0-20160115\src\Lp\CUBFW_Lp\CUBFW_Lp\x64\Debug\cuTranspose.cu.obj
E:\project\program\cuda_newest20160331\cuda_newest20160331\BNAPlatform-win64-cuda7.0-20160115\src\Lp\CUBFW_Lp\CUBFW_Lp\x64\Debug\FormBlock.obj
E:\project\program\cuda_newest20160331\cuda_newest20160331\BNAPlatform-win64-cuda7.0-20160115\src\Lp\CUBFW_Lp\CUBFW_Lp\x64\Debug\Maslov.obj
E:\project\program\cuda_newest20160331\cuda_newest20160331\BNAPlatform-win64-cuda7.0-20160115\src\Lp\CUBFW_Lp\CUBFW_Lp\x64\Debug\mytimer.obj
E:\project\program\cuda_newest20160331\cuda_newest20160331\BNAPlatform-win64-cuda7.0-20160115\src\Lp\CUBFW_Lp\CUBFW_Lp\x64\Debug\Timer.obj
E:\project\program\cuda_newest20160331\cuda_newest20160331\BNAPlatform-win64-cuda7.0-20160115\src\Lp\CUBFW_Lp\CUBFW_Lp\x64\Debug\cl.command.1.tlog
E:\project\program\cuda_newest20160331\cuda_newest20160331\BNAPlatform-win64-cuda7.0-20160115\src\Lp\CUBFW_Lp\CUBFW_Lp\x64\Debug\CL.read.1.tlog
E:\project\program\cuda_newest20160331\cuda_newest20160331\BNAPlatform-win64-cuda7.0-20160115\src\Lp\CUBFW_Lp\CUBFW_Lp\x64\Debug\CL.write.1.tlog
E:\project\program\cuda_newest20160331\cuda_newest20160331\BNAPlatform-win64-cuda7.0-20160115\src\Lp\CUBFW_Lp\CUBFW_Lp\x64\Debug\link-cvtres.read.1.tlog
E:\project\program\cuda_newest20160331\cuda_newest20160331\BNAPlatform-win64-cuda7.0-20160115\src\Lp\CUBFW_Lp\CUBFW_Lp\x64\Debug\link-cvtres.write.1.tlog
E:\project\program\cuda_newest20160331\cuda_newest20160331\BNAPlatform-win64-cuda7.0-20160115\src\Lp\CUBFW_Lp\CUBFW_Lp\x64\Debug\link-rc.read.1.tlog
E:\project\program\cuda_newest20160331\cuda_newest20160331\BNAPlatform-win64-cuda7.0-20160115\src\Lp\CUBFW_Lp\CUBFW_Lp\x64\Debug\link-rc.write.1.tlog
E:\project\program\cuda_newest20160331\cuda_newest20160331\BNAPlatform-win64-cuda7.0-20160115\src\Lp\CUBFW_Lp\CUBFW_Lp\x64\Debug\link.command.1.tlog
E:\project\program\cuda_newest20160331\cuda_newest20160331\BNAPlatform-win64-cuda7.0-20160115\src\Lp\CUBFW_Lp\CUBFW_Lp\x64\Debug\link.read.1.tlog
E:\project\program\cuda_newest20160331\cuda_newest20160331\BNAPlatform-win64-cuda7.0-20160115\src\Lp\CUBFW_Lp\CUBFW_Lp\x64\Debug\link.write.1.tlog
E:\project\program\cuda_newest20160331\cuda_newest20160331\BNAPlatform-win64-cuda7.0-20160115\src\Lp\CUBFW_Lp\CUBFW_Lp\x64\Debug\vc110.idb
E:\project\program\cuda_newest20160331\cuda_newest20160331\BNAPlatform-win64-cuda7.0-20160115\src\Lp\CUBFW_Lp\CUBFW_Lp\x64\Debug\vc110.pdb
E:\project\program\cuda_newest20160331\cuda_newest20160331\BNAPlatform-win64-cuda7.0-20160115\src\x64\Debug\CUBFW_Lp.pdb
E:\project\program\cuda_newest20160331\cuda_newest20160331\BNAPlatform-win64-cuda7.0-20160115\src\x64\Debug\CUBFW_Lp.exe
E:\project\program\cuda_newest20160331\cuda_newest20160331\BNAPlatform-win64-cuda7.0-20160115\src\x64\Debug\CUBFW_Lp.ilk
