E:\PROJECT\PROGRAM\CUDA_NEWEST20160331\CUDA_NEWEST20160331\BNAPLATFORM-WEIGHTED-WIN64-CUDA7.0-20160331\SRC\CUCORMAT-2MM - SPA - GPUHISTO-10N6 -CHUNK\X64\RELEASE\PARALLEL-PROGRAMMING-GPUHISTO-10N6.OBJ
E:\PROJECT\PROGRAM\CUDA_NEWEST20160331\CUDA_NEWEST20160331\BNAPLATFORM-WEIGHTED-WIN64-CUDA7.0-20160331\SRC\CUCORMAT-2MM - SPA - GPUHISTO-10N6 -CHUNK\X64\RELEASE\SPA-GPUHISTO-10N6-CHUNK.OBJ
E:\PROJECT\PROGRAM\CUDA_NEWEST20160331\CUDA_NEWEST20160331\BNAPLATFORM-WEIGHTED-WIN64-CUDA7.0-20160331\SRC\CUCORMAT-2MM - SPA - GPUHISTO-10N6 -CHUNK\X64\RELEASE\VC110.PDB
E:\PROJECT\PROGRAM\CUDA_NEWEST20160331\CUDA_NEWEST20160331\BNAPLATFORM-WEIGHTED-WIN64-CUDA7.0-20160331\SRC\X64\RELEASE\CUCORMAT-SPA-GPUHISTO-10N6-CHUNK.EXE
E:\PROJECT\PROGRAM\CUDA_NEWEST20160331\CUDA_NEWEST20160331\BNAPLATFORM-WEIGHTED-WIN64-CUDA7.0-20160331\SRC\X64\RELEASE\CUCORMAT-SPA-GPUHISTO-10N6-CHUNK.PDB
E:\project\program\cuda_newest20160331\cuda_newest20160331\BNAPlatform-weighted-win64-cuda7.0-20160331\src\CuCorMat-2mm - spa - GPUhisto-10n6 -chunk\x64\Release\step1-stream.cu.cache
E:\project\program\cuda_newest20160331\cuda_newest20160331\BNAPlatform-weighted-win64-cuda7.0-20160331\src\CuCorMat-2mm - spa - GPUhisto-10n6 -chunk\x64\Release\step2-dense2csr.cu.cache
E:\project\program\cuda_newest20160331\cuda_newest20160331\BNAPlatform-weighted-win64-cuda7.0-20160331\src\CuCorMat-2mm - spa - GPUhisto-10n6 -chunk\x64\Release\parallel-programming-GPUhisto-10n6.obj
E:\project\program\cuda_newest20160331\cuda_newest20160331\BNAPlatform-weighted-win64-cuda7.0-20160331\src\CuCorMat-2mm - spa - GPUhisto-10n6 -chunk\x64\Release\spa-GPUhisto-10n6-chunk.obj
E:\project\program\cuda_newest20160331\cuda_newest20160331\BNAPlatform-weighted-win64-cuda7.0-20160331\src\CuCorMat-2mm - spa - GPUhisto-10n6 -chunk\x64\Release\step1-stream.cu.obj
E:\project\program\cuda_newest20160331\cuda_newest20160331\BNAPlatform-weighted-win64-cuda7.0-20160331\src\CuCorMat-2mm - spa - GPUhisto-10n6 -chunk\x64\Release\step2-dense2csr.cu.obj
E:\project\program\cuda_newest20160331\cuda_newest20160331\BNAPlatform-weighted-win64-cuda7.0-20160331\src\CuCorMat-2mm - spa - GPUhisto-10n6 -chunk\x64\Release\cl.command.1.tlog
E:\project\program\cuda_newest20160331\cuda_newest20160331\BNAPlatform-weighted-win64-cuda7.0-20160331\src\CuCorMat-2mm - spa - GPUhisto-10n6 -chunk\x64\Release\CL.read.1.tlog
E:\project\program\cuda_newest20160331\cuda_newest20160331\BNAPlatform-weighted-win64-cuda7.0-20160331\src\CuCorMat-2mm - spa - GPUhisto-10n6 -chunk\x64\Release\CL.write.1.tlog
E:\project\program\cuda_newest20160331\cuda_newest20160331\BNAPlatform-weighted-win64-cuda7.0-20160331\src\CuCorMat-2mm - spa - GPUhisto-10n6 -chunk\x64\Release\link-cvtres.read.1.tlog
E:\project\program\cuda_newest20160331\cuda_newest20160331\BNAPlatform-weighted-win64-cuda7.0-20160331\src\CuCorMat-2mm - spa - GPUhisto-10n6 -chunk\x64\Release\link-cvtres.write.1.tlog
E:\project\program\cuda_newest20160331\cuda_newest20160331\BNAPlatform-weighted-win64-cuda7.0-20160331\src\CuCorMat-2mm - spa - GPUhisto-10n6 -chunk\x64\Release\link-rc.read.1.tlog
E:\project\program\cuda_newest20160331\cuda_newest20160331\BNAPlatform-weighted-win64-cuda7.0-20160331\src\CuCorMat-2mm - spa - GPUhisto-10n6 -chunk\x64\Release\link-rc.write.1.tlog
E:\project\program\cuda_newest20160331\cuda_newest20160331\BNAPlatform-weighted-win64-cuda7.0-20160331\src\CuCorMat-2mm - spa - GPUhisto-10n6 -chunk\x64\Release\link.command.1.tlog
E:\project\program\cuda_newest20160331\cuda_newest20160331\BNAPlatform-weighted-win64-cuda7.0-20160331\src\CuCorMat-2mm - spa - GPUhisto-10n6 -chunk\x64\Release\link.read.1.tlog
E:\project\program\cuda_newest20160331\cuda_newest20160331\BNAPlatform-weighted-win64-cuda7.0-20160331\src\CuCorMat-2mm - spa - GPUhisto-10n6 -chunk\x64\Release\link.write.1.tlog
E:\project\program\cuda_newest20160331\cuda_newest20160331\BNAPlatform-weighted-win64-cuda7.0-20160331\src\CuCorMat-2mm - spa - GPUhisto-10n6 -chunk\x64\Release\vc110.pdb
E:\project\program\cuda_newest20160331\cuda_newest20160331\BNAPlatform-weighted-win64-cuda7.0-20160331\src\x64\Release\CuCorMat-spa-GPUhisto-10n6-chunk.pdb
E:\project\program\cuda_newest20160331\cuda_newest20160331\BNAPlatform-weighted-win64-cuda7.0-20160331\src\x64\Release\CuCorMat-spa-GPUhisto-10n6-chunk.exe
