E:\PROJECT\PROGRAM\CUDA_NEWEST20160331\CUDA_NEWEST20160331\BNAPLATFORM-WIN64-CUDA7.0-20160115\SRC\CORMAT\CUCORMAT\CUCORMAT\CUCORMAT\X64\RELEASE\CORMAT.OBJ
E:\PROJECT\PROGRAM\CUDA_NEWEST20160331\CUDA_NEWEST20160331\BNAPLATFORM-WIN64-CUDA7.0-20160115\SRC\CORMAT\CUCORMAT\CUCORMAT\CUCORMAT\X64\RELEASE\VC110.PDB
E:\PROJECT\PROGRAM\CUDA_NEWEST20160331\CUDA_NEWEST20160331\BNAPLATFORM-WIN64-CUDA7.0-20160115\BIN\CUCORMAT.EXE
E:\PROJECT\PROGRAM\CUDA_NEWEST20160331\CUDA_NEWEST20160331\BNAPLATFORM-WIN64-CUDA7.0-20160115\BIN\CUCORMAT.PDB
E:\PROJECT\PROGRAM\CUDA_NEWEST20160331\CUDA_NEWEST20160331\BNAPLATFORM-WIN64-CUDA7.0-20160115\SRC\CORMAT\CUCORMAT\CUCORMAT\CUCORMAT\X64\RELEASE\CUCORMAT.RES
E:\project\program\cuda_newest20160331\cuda_newest20160331\BNAPlatform-win64-cuda7.0-20160115\src\CorMat\CUCorMat\CUCORMAT\CUCorMat\x64\Release\CorMat.cu.cache
E:\project\program\cuda_newest20160331\cuda_newest20160331\BNAPlatform-win64-cuda7.0-20160115\src\CorMat\CUCorMat\CUCORMAT\CUCorMat\x64\Release\CorMat.cu.obj
E:\project\program\cuda_newest20160331\cuda_newest20160331\BNAPlatform-win64-cuda7.0-20160115\src\CorMat\CUCorMat\CUCORMAT\CUCorMat\x64\Release\CorMat.obj
E:\project\program\cuda_newest20160331\cuda_newest20160331\BNAPlatform-win64-cuda7.0-20160115\src\CorMat\CUCorMat\CUCORMAT\CUCorMat\x64\Release\cl.command.1.tlog
E:\project\program\cuda_newest20160331\cuda_newest20160331\BNAPlatform-win64-cuda7.0-20160115\src\CorMat\CUCorMat\CUCORMAT\CUCorMat\x64\Release\CL.read.1.tlog
E:\project\program\cuda_newest20160331\cuda_newest20160331\BNAPlatform-win64-cuda7.0-20160115\src\CorMat\CUCorMat\CUCORMAT\CUCorMat\x64\Release\CL.write.1.tlog
E:\project\program\cuda_newest20160331\cuda_newest20160331\BNAPlatform-win64-cuda7.0-20160115\src\CorMat\CUCorMat\CUCORMAT\CUCorMat\x64\Release\link-cvtres.read.1.tlog
E:\project\program\cuda_newest20160331\cuda_newest20160331\BNAPlatform-win64-cuda7.0-20160115\src\CorMat\CUCorMat\CUCORMAT\CUCorMat\x64\Release\link-cvtres.write.1.tlog
E:\project\program\cuda_newest20160331\cuda_newest20160331\BNAPlatform-win64-cuda7.0-20160115\src\CorMat\CUCorMat\CUCORMAT\CUCorMat\x64\Release\link-rc.read.1.tlog
E:\project\program\cuda_newest20160331\cuda_newest20160331\BNAPlatform-win64-cuda7.0-20160115\src\CorMat\CUCorMat\CUCORMAT\CUCorMat\x64\Release\link-rc.write.1.tlog
E:\project\program\cuda_newest20160331\cuda_newest20160331\BNAPlatform-win64-cuda7.0-20160115\src\CorMat\CUCorMat\CUCORMAT\CUCorMat\x64\Release\link.command.1.tlog
E:\project\program\cuda_newest20160331\cuda_newest20160331\BNAPlatform-win64-cuda7.0-20160115\src\CorMat\CUCorMat\CUCORMAT\CUCorMat\x64\Release\link.read.1.tlog
E:\project\program\cuda_newest20160331\cuda_newest20160331\BNAPlatform-win64-cuda7.0-20160115\src\CorMat\CUCorMat\CUCORMAT\CUCorMat\x64\Release\link.write.1.tlog
E:\project\program\cuda_newest20160331\cuda_newest20160331\BNAPlatform-win64-cuda7.0-20160115\src\CorMat\CUCorMat\CUCORMAT\CUCorMat\x64\Release\rc.command.1.tlog
E:\project\program\cuda_newest20160331\cuda_newest20160331\BNAPlatform-win64-cuda7.0-20160115\src\CorMat\CUCorMat\CUCORMAT\CUCorMat\x64\Release\rc.read.1.tlog
E:\project\program\cuda_newest20160331\cuda_newest20160331\BNAPlatform-win64-cuda7.0-20160115\src\CorMat\CUCorMat\CUCORMAT\CUCorMat\x64\Release\rc.write.1.tlog
E:\project\program\cuda_newest20160331\cuda_newest20160331\BNAPlatform-win64-cuda7.0-20160115\src\CorMat\CUCorMat\CUCORMAT\CUCorMat\x64\Release\CUCorMat.res
E:\project\program\cuda_newest20160331\cuda_newest20160331\BNAPlatform-win64-cuda7.0-20160115\src\CorMat\CUCorMat\CUCORMAT\CUCorMat\x64\Release\vc110.pdb
E:\project\program\cuda_newest20160331\cuda_newest20160331\BNAPlatform-win64-cuda7.0-20160115\src\CorMat\CUCorMat\CUCORMAT\CUCorMat\..\..\..\..\..\bin\CUCorMat.exe
