生成启动时间为 2016/4/11 17:48:49。
     1>项目“E:\project\program\cuda_newest20160331\cuda_newest20160331\BNAPlatform-win64-cuda7.0-20160115\src\Newman_Modularity_GPU\CUmodularity\CUmodularity\CUmodularity.vcxproj”在节点 2 上(Build 个目标)。
     1>AddCudaCompileDeps:
         E:\softwareforwork\VS2012\VC\bin\x86_amd64\cl.exe /E /nologo /showIncludes /TP /D__CUDACC__ /DWIN32 /DWIN64 /D_DEBUG /D_CONSOLE /D_MBCS /I..\..\..\common /I"C:\Program Files\NVIDIA GPU Computing Toolkit\CUDA\v7.0\include" /I"C:\Program Files\NVIDIA GPU Computing Toolkit\CUDA\v7.0\bin" /I"C:\Program Files\NVIDIA GPU Computing Toolkit\CUDA\v7.0\include" /I. /FIcuda_runtime.h /c E:\project\program\cuda_newest20160331\cuda_newest20160331\BNAPlatform-win64-cuda7.0-20160115\src\Newman_Modularity_GPU\CUmodularity\modularity_GPU.cu 
       CudaBuild:
         Compiling CUDA source file ..\modularity_GPU.cu...
         cmd.exe /C "C:\Users\Lerond\AppData\Local\Temp\tmp08ba04127bc541c7a7df2e4a359beddb.cmd"
         "C:\Program Files\NVIDIA GPU Computing Toolkit\CUDA\v7.0\bin\nvcc.exe" -gencode=arch=compute_20,code=\"sm_20,compute_20\" --use-local-env --cl-version 2012 -ccbin "E:\softwareforwork\VS2012\VC\bin\x86_amd64"  -I..\..\..\common -I"C:\Program Files\NVIDIA GPU Computing Toolkit\CUDA\v7.0\include" -I"C:\Program Files\NVIDIA GPU Computing Toolkit\CUDA\v7.0\include"  -G   --keep-dir x64\Debug -maxrregcount=0  --machine 64 --compile -cudart static  -g   -DWIN32 -DWIN64 -D_DEBUG -D_CONSOLE -D_MBCS -Xcompiler "/EHsc /W3 /nologo /Od /Zi /RTC1 /MDd  " -o x64\Debug\modularity_GPU.cu.obj "E:\project\program\cuda_newest20160331\cuda_newest20160331\BNAPlatform-win64-cuda7.0-20160115\src\Newman_Modularity_GPU\CUmodularity\modularity_GPU.cu"
         
         E:\project\program\cuda_newest20160331\cuda_newest20160331\BNAPlatform-win64-cuda7.0-20160115\src\Newman_Modularity_GPU\CUmodularity\CUmodularity>"C:\Program Files\NVIDIA GPU Computing Toolkit\CUDA\v7.0\bin\nvcc.exe" -gencode=arch=compute_20,code=\"sm_20,compute_20\" --use-local-env --cl-version 2012 -ccbin "E:\softwareforwork\VS2012\VC\bin\x86_amd64"  -I..\..\..\common -I"C:\Program Files\NVIDIA GPU Computing Toolkit\CUDA\v7.0\include" -I"C:\Program Files\NVIDIA GPU Computing Toolkit\CUDA\v7.0\include"  -G   --keep-dir x64\Debug -maxrregcount=0  --machine 64 --compile -cudart static  -g   -DWIN32 -DWIN64 -D_DEBUG -D_CONSOLE -D_MBCS -Xcompiler "/EHsc /W3 /nologo /Od /Zi /RTC1 /MDd  " -o x64\Debug\modularity_GPU.cu.obj "E:\project\program\cuda_newest20160331\cuda_newest20160331\BNAPlatform-win64-cuda7.0-20160115\src\Newman_Modularity_GPU\CUmodularity\modularity_GPU.cu" 
     1>c:\program files\nvidia gpu computing toolkit\cuda\v7.0\include\math_functions.h : warning C4819: 该文件包含不能在当前代码页(936)中表示的字符。请将该文件保存为 Unicode 格式以防止数据丢失
     1>c:\program files\nvidia gpu computing toolkit\cuda\v7.0\include\math_functions.h(877): warning C4819: 该文件包含不能在当前代码页(936)中表示的字符。请将该文件保存为 Unicode 格式以防止数据丢失
     1>c:\program files\nvidia gpu computing toolkit\cuda\v7.0\include\math_functions.h(1850): warning C4819: 该文件包含不能在当前代码页(936)中表示的字符。请将该文件保存为 Unicode 格式以防止数据丢失
     1>c:\program files\nvidia gpu computing toolkit\cuda\v7.0\include\math_functions.h(2728): warning C4819: 该文件包含不能在当前代码页(936)中表示的字符。请将该文件保存为 Unicode 格式以防止数据丢失
     1>c:\program files\nvidia gpu computing toolkit\cuda\v7.0\include\math_functions.h(3651): warning C4819: 该文件包含不能在当前代码页(936)中表示的字符。请将该文件保存为 Unicode 格式以防止数据丢失
     1>c:\program files\nvidia gpu computing toolkit\cuda\v7.0\include\math_functions.h(4595): warning C4819: 该文件包含不能在当前代码页(936)中表示的字符。请将该文件保存为 Unicode 格式以防止数据丢失
     1>c:\program files\nvidia gpu computing toolkit\cuda\v7.0\include\math_functions.h(5521): warning C4819: 该文件包含不能在当前代码页(936)中表示的字符。请将该文件保存为 Unicode 格式以防止数据丢失
     1>c:\program files\nvidia gpu computing toolkit\cuda\v7.0\include\math_functions.h(6421): warning C4819: 该文件包含不能在当前代码页(936)中表示的字符。请将该文件保存为 Unicode 格式以防止数据丢失
     1>c:\program files\nvidia gpu computing toolkit\cuda\v7.0\include\math_functions.h(7314): warning C4819: 该文件包含不能在当前代码页(936)中表示的字符。请将该文件保存为 Unicode 格式以防止数据丢失
     1>c:\program files\nvidia gpu computing toolkit\cuda\v7.0\include\math_functions.h(8227): warning C4819: 该文件包含不能在当前代码页(936)中表示的字符。请将该文件保存为 Unicode 格式以防止数据丢失
     1>c:\program files\nvidia gpu computing toolkit\cuda\v7.0\include\device_functions.h : warning C4819: 该文件包含不能在当前代码页(936)中表示的字符。请将该文件保存为 Unicode 格式以防止数据丢失
     1>c:\program files\nvidia gpu computing toolkit\cuda\v7.0\include\device_functions.h(775): warning C4819: 该文件包含不能在当前代码页(936)中表示的字符。请将该文件保存为 Unicode 格式以防止数据丢失
     1>c:\program files\nvidia gpu computing toolkit\cuda\v7.0\include\device_functions.h(1632): warning C4819: 该文件包含不能在当前代码页(936)中表示的字符。请将该文件保存为 Unicode 格式以防止数据丢失
     1>c:\program files\nvidia gpu computing toolkit\cuda\v7.0\include\device_double_functions.h : warning C4819: 该文件包含不能在当前代码页(936)中表示的字符。请将该文件保存为 Unicode 格式以防止数据丢失
     1>C:\Program Files\NVIDIA GPU Computing Toolkit\CUDA\v7.0\include\device_functions.h : warning C4819: 该文件包含不能在当前代码页(936)中表示的字符。请将该文件保存为 Unicode 格式以防止数据丢失
     1>C:\Program Files\NVIDIA GPU Computing Toolkit\CUDA\v7.0\include\device_functions.h(775): warning C4819: 该文件包含不能在当前代码页(936)中表示的字符。请将该文件保存为 Unicode 格式以防止数据丢失
     1>C:\Program Files\NVIDIA GPU Computing Toolkit\CUDA\v7.0\include\device_functions.h(1632): warning C4819: 该文件包含不能在当前代码页(936)中表示的字符。请将该文件保存为 Unicode 格式以防止数据丢失
     1>E:/project/program/cuda_newest20160331/cuda_newest20160331/BNAPlatform-win64-cuda7.0-20160115/src/Newman_Modularity_GPU/CUmodularity/modularity_GPU.cu(226): warning : variable "j" was declared but never referenced
     1>E:/project/program/cuda_newest20160331/cuda_newest20160331/BNAPlatform-win64-cuda7.0-20160115/src/Newman_Modularity_GPU/CUmodularity/modularity_GPU.cu(247): warning : variable "cudaStat" was declared but never referenced
     1>E:/project/program/cuda_newest20160331/cuda_newest20160331/BNAPlatform-win64-cuda7.0-20160115/src/Newman_Modularity_GPU/CUmodularity/modularity_GPU.cu(260): warning : variable "temp2" was declared but never referenced
     1>E:/project/program/cuda_newest20160331/cuda_newest20160331/BNAPlatform-win64-cuda7.0-20160115/src/Newman_Modularity_GPU/CUmodularity/modularity_GPU.cu(332): warning : variable "j" was declared but never referenced
     1>E:/project/program/cuda_newest20160331/cuda_newest20160331/BNAPlatform-win64-cuda7.0-20160115/src/Newman_Modularity_GPU/CUmodularity/modularity_GPU.cu(333): warning : variable "temp1" was declared but never referenced
     1>E:/project/program/cuda_newest20160331/cuda_newest20160331/BNAPlatform-win64-cuda7.0-20160115/src/Newman_Modularity_GPU/CUmodularity/modularity_GPU.cu(333): warning : variable "temp2" was declared but never referenced
     1>E:/project/program/cuda_newest20160331/cuda_newest20160331/BNAPlatform-win64-cuda7.0-20160115/src/Newman_Modularity_GPU/CUmodularity/modularity_GPU.cu(550): warning : integer conversion resulted in a change of sign
     1>E:/project/program/cuda_newest20160331/cuda_newest20160331/BNAPlatform-win64-cuda7.0-20160115/src/Newman_Modularity_GPU/CUmodularity/modularity_GPU.cu(566): warning : integer conversion resulted in a change of sign
     1>E:/project/program/cuda_newest20160331/cuda_newest20160331/BNAPlatform-win64-cuda7.0-20160115/src/Newman_Modularity_GPU/CUmodularity/modularity_GPU.cu(28): warning : variable "ITERNUMBER" was declared but never referenced
     1>c:\program files\nvidia gpu computing toolkit\cuda\v7.0\include\math_functions.h : warning C4819: 该文件包含不能在当前代码页(936)中表示的字符。请将该文件保存为 Unicode 格式以防止数据丢失
     1>c:\program files\nvidia gpu computing toolkit\cuda\v7.0\include\math_functions.h(877): warning C4819: 该文件包含不能在当前代码页(936)中表示的字符。请将该文件保存为 Unicode 格式以防止数据丢失
     1>c:\program files\nvidia gpu computing toolkit\cuda\v7.0\include\math_functions.h(1850): warning C4819: 该文件包含不能在当前代码页(936)中表示的字符。请将该文件保存为 Unicode 格式以防止数据丢失
     1>c:\program files\nvidia gpu computing toolkit\cuda\v7.0\include\math_functions.h(2728): warning C4819: 该文件包含不能在当前代码页(936)中表示的字符。请将该文件保存为 Unicode 格式以防止数据丢失
     1>c:\program files\nvidia gpu computing toolkit\cuda\v7.0\include\math_functions.h(3651): warning C4819: 该文件包含不能在当前代码页(936)中表示的字符。请将该文件保存为 Unicode 格式以防止数据丢失
     1>c:\program files\nvidia gpu computing toolkit\cuda\v7.0\include\math_functions.h(4595): warning C4819: 该文件包含不能在当前代码页(936)中表示的字符。请将该文件保存为 Unicode 格式以防止数据丢失
     1>c:\program files\nvidia gpu computing toolkit\cuda\v7.0\include\math_functions.h(5521): warning C4819: 该文件包含不能在当前代码页(936)中表示的字符。请将该文件保存为 Unicode 格式以防止数据丢失
     1>c:\program files\nvidia gpu computing toolkit\cuda\v7.0\include\math_functions.h(6421): warning C4819: 该文件包含不能在当前代码页(936)中表示的字符。请将该文件保存为 Unicode 格式以防止数据丢失
     1>c:\program files\nvidia gpu computing toolkit\cuda\v7.0\include\math_functions.h(7314): warning C4819: 该文件包含不能在当前代码页(936)中表示的字符。请将该文件保存为 Unicode 格式以防止数据丢失
     1>c:\program files\nvidia gpu computing toolkit\cuda\v7.0\include\math_functions.h(8227): warning C4819: 该文件包含不能在当前代码页(936)中表示的字符。请将该文件保存为 Unicode 格式以防止数据丢失
     1>c:\program files\nvidia gpu computing toolkit\cuda\v7.0\include\math_functions.h : warning C4819: 该文件包含不能在当前代码页(936)中表示的字符。请将该文件保存为 Unicode 格式以防止数据丢失
     1>c:\program files\nvidia gpu computing toolkit\cuda\v7.0\include\math_functions.h(877): warning C4819: 该文件包含不能在当前代码页(936)中表示的字符。请将该文件保存为 Unicode 格式以防止数据丢失
     1>c:\program files\nvidia gpu computing toolkit\cuda\v7.0\include\math_functions.h(1850): warning C4819: 该文件包含不能在当前代码页(936)中表示的字符。请将该文件保存为 Unicode 格式以防止数据丢失
     1>c:\program files\nvidia gpu computing toolkit\cuda\v7.0\include\math_functions.h(2728): warning C4819: 该文件包含不能在当前代码页(936)中表示的字符。请将该文件保存为 Unicode 格式以防止数据丢失
     1>c:\program files\nvidia gpu computing toolkit\cuda\v7.0\include\math_functions.h(3651): warning C4819: 该文件包含不能在当前代码页(936)中表示的字符。请将该文件保存为 Unicode 格式以防止数据丢失
     1>c:\program files\nvidia gpu computing toolkit\cuda\v7.0\include\math_functions.h(4595): warning C4819: 该文件包含不能在当前代码页(936)中表示的字符。请将该文件保存为 Unicode 格式以防止数据丢失
     1>c:\program files\nvidia gpu computing toolkit\cuda\v7.0\include\math_functions.h(5521): warning C4819: 该文件包含不能在当前代码页(936)中表示的字符。请将该文件保存为 Unicode 格式以防止数据丢失
     1>c:\program files\nvidia gpu computing toolkit\cuda\v7.0\include\math_functions.h(6421): warning C4819: 该文件包含不能在当前代码页(936)中表示的字符。请将该文件保存为 Unicode 格式以防止数据丢失
     1>c:\program files\nvidia gpu computing toolkit\cuda\v7.0\include\math_functions.h(7314): warning C4819: 该文件包含不能在当前代码页(936)中表示的字符。请将该文件保存为 Unicode 格式以防止数据丢失
     1>c:\program files\nvidia gpu computing toolkit\cuda\v7.0\include\math_functions.h(8227): warning C4819: 该文件包含不能在当前代码页(936)中表示的字符。请将该文件保存为 Unicode 格式以防止数据丢失
     1>c:\program files\nvidia gpu computing toolkit\cuda\v7.0\include\device_functions_decls.h : warning C4819: 该文件包含不能在当前代码页(936)中表示的字符。请将该文件保存为 Unicode 格式以防止数据丢失
     1>c:\program files\nvidia gpu computing toolkit\cuda\v7.0\include\device_functions_decls.h(917): warning C4819: 该文件包含不能在当前代码页(936)中表示的字符。请将该文件保存为 Unicode 格式以防止数据丢失
     1>c:\program files\nvidia gpu computing toolkit\cuda\v7.0\include\device_functions_decls.h(1921): warning C4819: 该文件包含不能在当前代码页(936)中表示的字符。请将该文件保存为 Unicode 格式以防止数据丢失
     1>c:\program files\nvidia gpu computing toolkit\cuda\v7.0\include\device_functions_decls.h(2857): warning C4819: 该文件包含不能在当前代码页(936)中表示的字符。请将该文件保存为 Unicode 格式以防止数据丢失
     1>c:\program files\nvidia gpu computing toolkit\cuda\v7.0\include\device_functions_decls.h(3802): warning C4819: 该文件包含不能在当前代码页(936)中表示的字符。请将该文件保存为 Unicode 格式以防止数据丢失
     1>c:\program files\nvidia gpu computing toolkit\cuda\v7.0\include\device_functions_decls.h(4747): warning C4819: 该文件包含不能在当前代码页(936)中表示的字符。请将该文件保存为 Unicode 格式以防止数据丢失
     1>c:\program files\nvidia gpu computing toolkit\cuda\v7.0\include\device_functions_decls.h(5772): warning C4819: 该文件包含不能在当前代码页(936)中表示的字符。请将该文件保存为 Unicode 格式以防止数据丢失
     1>c:\program files\nvidia gpu computing toolkit\cuda\v7.0\include\device_functions_decls.h(6719): warning C4819: 该文件包含不能在当前代码页(936)中表示的字符。请将该文件保存为 Unicode 格式以防止数据丢失
     1>c:\program files\nvidia gpu computing toolkit\cuda\v7.0\include\device_functions_decls.h(7652): warning C4819: 该文件包含不能在当前代码页(936)中表示的字符。请将该文件保存为 Unicode 格式以防止数据丢失
     1>c:\program files\nvidia gpu computing toolkit\cuda\v7.0\include\device_functions_decls.h(8526): warning C4819: 该文件包含不能在当前代码页(936)中表示的字符。请将该文件保存为 Unicode 格式以防止数据丢失
     1>c:\program files\nvidia gpu computing toolkit\cuda\v7.0\include\device_functions_decls.h(9492): warning C4819: 该文件包含不能在当前代码页(936)中表示的字符。请将该文件保存为 Unicode 格式以防止数据丢失
     1>c:\program files\nvidia gpu computing toolkit\cuda\v7.0\include\device_functions_decls.h(10478): warning C4819: 该文件包含不能在当前代码页(936)中表示的字符。请将该文件保存为 Unicode 格式以防止数据丢失
     1>c:\program files\nvidia gpu computing toolkit\cuda\v7.0\include\device_functions.h : warning C4819: 该文件包含不能在当前代码页(936)中表示的字符。请将该文件保存为 Unicode 格式以防止数据丢失
     1>c:\program files\nvidia gpu computing toolkit\cuda\v7.0\include\device_functions.h(775): warning C4819: 该文件包含不能在当前代码页(936)中表示的字符。请将该文件保存为 Unicode 格式以防止数据丢失
     1>c:\program files\nvidia gpu computing toolkit\cuda\v7.0\include\device_functions.h(1632): warning C4819: 该文件包含不能在当前代码页(936)中表示的字符。请将该文件保存为 Unicode 格式以防止数据丢失
     1>c:\program files\nvidia gpu computing toolkit\cuda\v7.0\include\device_double_functions.h : warning C4819: 该文件包含不能在当前代码页(936)中表示的字符。请将该文件保存为 Unicode 格式以防止数据丢失
     1>c:\program files\nvidia gpu computing toolkit\cuda\v7.0\include\math_functions.h : warning C4819: 该文件包含不能在当前代码页(936)中表示的字符。请将该文件保存为 Unicode 格式以防止数据丢失
     1>c:\program files\nvidia gpu computing toolkit\cuda\v7.0\include\math_functions.h(877): warning C4819: 该文件包含不能在当前代码页(936)中表示的字符。请将该文件保存为 Unicode 格式以防止数据丢失
     1>c:\program files\nvidia gpu computing toolkit\cuda\v7.0\include\math_functions.h(1850): warning C4819: 该文件包含不能在当前代码页(936)中表示的字符。请将该文件保存为 Unicode 格式以防止数据丢失
     1>c:\program files\nvidia gpu computing toolkit\cuda\v7.0\include\math_functions.h(2728): warning C4819: 该文件包含不能在当前代码页(936)中表示的字符。请将该文件保存为 Unicode 格式以防止数据丢失
     1>c:\program files\nvidia gpu computing toolkit\cuda\v7.0\include\math_functions.h(3651): warning C4819: 该文件包含不能在当前代码页(936)中表示的字符。请将该文件保存为 Unicode 格式以防止数据丢失
     1>c:\program files\nvidia gpu computing toolkit\cuda\v7.0\include\math_functions.h(4595): warning C4819: 该文件包含不能在当前代码页(936)中表示的字符。请将该文件保存为 Unicode 格式以防止数据丢失
     1>c:\program files\nvidia gpu computing toolkit\cuda\v7.0\include\math_functions.h(5521): warning C4819: 该文件包含不能在当前代码页(936)中表示的字符。请将该文件保存为 Unicode 格式以防止数据丢失
     1>c:\program files\nvidia gpu computing toolkit\cuda\v7.0\include\math_functions.h(6421): warning C4819: 该文件包含不能在当前代码页(936)中表示的字符。请将该文件保存为 Unicode 格式以防止数据丢失
     1>c:\program files\nvidia gpu computing toolkit\cuda\v7.0\include\math_functions.h(7314): warning C4819: 该文件包含不能在当前代码页(936)中表示的字符。请将该文件保存为 Unicode 格式以防止数据丢失
     1>c:\program files\nvidia gpu computing toolkit\cuda\v7.0\include\math_functions.h(8227): warning C4819: 该文件包含不能在当前代码页(936)中表示的字符。请将该文件保存为 Unicode 格式以防止数据丢失
     1>c:\program files\nvidia gpu computing toolkit\cuda\v7.0\include\device_functions.h : warning C4819: 该文件包含不能在当前代码页(936)中表示的字符。请将该文件保存为 Unicode 格式以防止数据丢失
     1>c:\program files\nvidia gpu computing toolkit\cuda\v7.0\include\device_functions.h(775): warning C4819: 该文件包含不能在当前代码页(936)中表示的字符。请将该文件保存为 Unicode 格式以防止数据丢失
     1>c:\program files\nvidia gpu computing toolkit\cuda\v7.0\include\device_functions.h(1632): warning C4819: 该文件包含不能在当前代码页(936)中表示的字符。请将该文件保存为 Unicode 格式以防止数据丢失
     1>c:\program files\nvidia gpu computing toolkit\cuda\v7.0\include\device_double_functions.h : warning C4819: 该文件包含不能在当前代码页(936)中表示的字符。请将该文件保存为 Unicode 格式以防止数据丢失
     1>C:\Program Files\NVIDIA GPU Computing Toolkit\CUDA\v7.0\include\device_functions.h : warning C4819: 该文件包含不能在当前代码页(936)中表示的字符。请将该文件保存为 Unicode 格式以防止数据丢失
     1>C:\Program Files\NVIDIA GPU Computing Toolkit\CUDA\v7.0\include\device_functions.h(775): warning C4819: 该文件包含不能在当前代码页(936)中表示的字符。请将该文件保存为 Unicode 格式以防止数据丢失
     1>C:\Program Files\NVIDIA GPU Computing Toolkit\CUDA\v7.0\include\device_functions.h(1632): warning C4819: 该文件包含不能在当前代码页(936)中表示的字符。请将该文件保存为 Unicode 格式以防止数据丢失
     1>E:/project/program/cuda_newest20160331/cuda_newest20160331/BNAPlatform-win64-cuda7.0-20160115/src/Newman_Modularity_GPU/CUmodularity/modularity_GPU.cu(226): warning : variable "j" was declared but never referenced
     1>E:/project/program/cuda_newest20160331/cuda_newest20160331/BNAPlatform-win64-cuda7.0-20160115/src/Newman_Modularity_GPU/CUmodularity/modularity_GPU.cu(247): warning : variable "cudaStat" was declared but never referenced
     1>E:/project/program/cuda_newest20160331/cuda_newest20160331/BNAPlatform-win64-cuda7.0-20160115/src/Newman_Modularity_GPU/CUmodularity/modularity_GPU.cu(260): warning : variable "temp2" was declared but never referenced
     1>E:/project/program/cuda_newest20160331/cuda_newest20160331/BNAPlatform-win64-cuda7.0-20160115/src/Newman_Modularity_GPU/CUmodularity/modularity_GPU.cu(332): warning : variable "j" was declared but never referenced
     1>E:/project/program/cuda_newest20160331/cuda_newest20160331/BNAPlatform-win64-cuda7.0-20160115/src/Newman_Modularity_GPU/CUmodularity/modularity_GPU.cu(333): warning : variable "temp1" was declared but never referenced
     1>E:/project/program/cuda_newest20160331/cuda_newest20160331/BNAPlatform-win64-cuda7.0-20160115/src/Newman_Modularity_GPU/CUmodularity/modularity_GPU.cu(333): warning : variable "temp2" was declared but never referenced
     1>E:/project/program/cuda_newest20160331/cuda_newest20160331/BNAPlatform-win64-cuda7.0-20160115/src/Newman_Modularity_GPU/CUmodularity/modularity_GPU.cu(550): warning : integer conversion resulted in a change of sign
     1>E:/project/program/cuda_newest20160331/cuda_newest20160331/BNAPlatform-win64-cuda7.0-20160115/src/Newman_Modularity_GPU/CUmodularity/modularity_GPU.cu(566): warning : integer conversion resulted in a change of sign
     1>E:/project/program/cuda_newest20160331/cuda_newest20160331/BNAPlatform-win64-cuda7.0-20160115/src/Newman_Modularity_GPU/CUmodularity/modularity_GPU.cu(28): warning : variable "ITERNUMBER" was declared but never referenced
     1>c:\program files\nvidia gpu computing toolkit\cuda\v7.0\include\math_functions.h : warning C4819: 该文件包含不能在当前代码页(936)中表示的字符。请将该文件保存为 Unicode 格式以防止数据丢失
     1>c:\program files\nvidia gpu computing toolkit\cuda\v7.0\include\math_functions.h(877): warning C4819: 该文件包含不能在当前代码页(936)中表示的字符。请将该文件保存为 Unicode 格式以防止数据丢失
     1>c:\program files\nvidia gpu computing toolkit\cuda\v7.0\include\math_functions.h(1850): warning C4819: 该文件包含不能在当前代码页(936)中表示的字符。请将该文件保存为 Unicode 格式以防止数据丢失
     1>c:\program files\nvidia gpu computing toolkit\cuda\v7.0\include\math_functions.h(2728): warning C4819: 该文件包含不能在当前代码页(936)中表示的字符。请将该文件保存为 Unicode 格式以防止数据丢失
     1>c:\program files\nvidia gpu computing toolkit\cuda\v7.0\include\math_functions.h(3651): warning C4819: 该文件包含不能在当前代码页(936)中表示的字符。请将该文件保存为 Unicode 格式以防止数据丢失
     1>c:\program files\nvidia gpu computing toolkit\cuda\v7.0\include\math_functions.h(4595): warning C4819: 该文件包含不能在当前代码页(936)中表示的字符。请将该文件保存为 Unicode 格式以防止数据丢失
     1>c:\program files\nvidia gpu computing toolkit\cuda\v7.0\include\math_functions.h(5521): warning C4819: 该文件包含不能在当前代码页(936)中表示的字符。请将该文件保存为 Unicode 格式以防止数据丢失
     1>c:\program files\nvidia gpu computing toolkit\cuda\v7.0\include\math_functions.h(6421): warning C4819: 该文件包含不能在当前代码页(936)中表示的字符。请将该文件保存为 Unicode 格式以防止数据丢失
     1>c:\program files\nvidia gpu computing toolkit\cuda\v7.0\include\math_functions.h(7314): warning C4819: 该文件包含不能在当前代码页(936)中表示的字符。请将该文件保存为 Unicode 格式以防止数据丢失
     1>c:\program files\nvidia gpu computing toolkit\cuda\v7.0\include\math_functions.h(8227): warning C4819: 该文件包含不能在当前代码页(936)中表示的字符。请将该文件保存为 Unicode 格式以防止数据丢失
         modularity_GPU.cu
     1>E:/project/program/cuda_newest20160331/cuda_newest20160331/BNAPlatform-win64-cuda7.0-20160115/src/Newman_Modularity_GPU/CUmodularity/modularity_GPU.cu(235): warning C4244: “参数”: 从“__int64”转换到“unsigned int”，可能丢失数据
     1>E:/project/program/cuda_newest20160331/cuda_newest20160331/BNAPlatform-win64-cuda7.0-20160115/src/Newman_Modularity_GPU/CUmodularity/modularity_GPU.cu(269): warning C4244: “参数”: 从“__int64”转换到“unsigned int”，可能丢失数据
     1>E:/project/program/cuda_newest20160331/cuda_newest20160331/BNAPlatform-win64-cuda7.0-20160115/src/Newman_Modularity_GPU/CUmodularity/modularity_GPU.cu(280): warning C4244: “参数”: 从“__int64”转换到“int”，可能丢失数据
     1>E:/project/program/cuda_newest20160331/cuda_newest20160331/BNAPlatform-win64-cuda7.0-20160115/src/Newman_Modularity_GPU/CUmodularity/modularity_GPU.cu(301): warning C4244: “参数”: 从“__int64”转换到“int”，可能丢失数据
     1>E:/project/program/cuda_newest20160331/cuda_newest20160331/BNAPlatform-win64-cuda7.0-20160115/src/Newman_Modularity_GPU/CUmodularity/modularity_GPU.cu(306): warning C4244: “参数”: 从“__int64”转换到“int”，可能丢失数据
     1>E:/project/program/cuda_newest20160331/cuda_newest20160331/BNAPlatform-win64-cuda7.0-20160115/src/Newman_Modularity_GPU/CUmodularity/modularity_GPU.cu(308): warning C4244: “参数”: 从“__int64”转换到“int”，可能丢失数据
     1>E:/project/program/cuda_newest20160331/cuda_newest20160331/BNAPlatform-win64-cuda7.0-20160115/src/Newman_Modularity_GPU/CUmodularity/modularity_GPU.cu(247): warning C4101: “cudaStat”: 未引用的局部变量
     1>E:/project/program/cuda_newest20160331/cuda_newest20160331/BNAPlatform-win64-cuda7.0-20160115/src/Newman_Modularity_GPU/CUmodularity/modularity_GPU.cu(339): warning C4800: “cublasStatus_t”: 将值强制为布尔值“true”或“false”(性能警告)
     1>E:/project/program/cuda_newest20160331/cuda_newest20160331/BNAPlatform-win64-cuda7.0-20160115/src/Newman_Modularity_GPU/CUmodularity/modularity_GPU.cu(333): warning C4101: “temp1”: 未引用的局部变量
     1>E:/project/program/cuda_newest20160331/cuda_newest20160331/BNAPlatform-win64-cuda7.0-20160115/src/Newman_Modularity_GPU/CUmodularity/modularity_GPU.cu(333): warning C4101: “temp2”: 未引用的局部变量
     1>E:/project/program/cuda_newest20160331/cuda_newest20160331/BNAPlatform-win64-cuda7.0-20160115/src/Newman_Modularity_GPU/CUmodularity/modularity_GPU.cu(484): warning C4244: “参数”: 从“__int64”转换到“int”，可能丢失数据
       Link:
         E:\softwareforwork\VS2012\VC\bin\x86_amd64\link.exe /ERRORREPORT:PROMPT /OUT:"E:\project\program\cuda_newest20160331\cuda_newest20160331\BNAPlatform-win64-cuda7.0-20160115\src\x64\Debug\CUmodularity.exe" /INCREMENTAL /NOLOGO /LIBPATH:"C:\Program Files\NVIDIA GPU Computing Toolkit\CUDA\v7.0\lib\x64" cudart.lib kernel32.lib user32.lib gdi32.lib winspool.lib comdlg32.lib advapi32.lib shell32.lib ole32.lib oleaut32.lib uuid.lib odbc32.lib odbccp32.lib kernel32.lib user32.lib gdi32.lib winspool.lib comdlg32.lib advapi32.lib shell32.lib ole32.lib oleaut32.lib uuid.lib odbc32.lib odbccp32.lib /MANIFEST /MANIFESTUAC:"level='asInvoker' uiAccess='false'" /manifest:embed /DEBUG /PDB:"E:\project\program\cuda_newest20160331\cuda_newest20160331\BNAPlatform-win64-cuda7.0-20160115\src\x64\Debug\CUmodularity.pdb" /SUBSYSTEM:CONSOLE /TLBID:1 /DYNAMICBASE /NXCOMPAT /IMPLIB:"E:\project\program\cuda_newest20160331\cuda_newest20160331\BNAPlatform-win64-cuda7.0-20160115\src\x64\Debug\CUmodularity.lib" /MACHINE:X64 x64\Debug\modularity_GPU.cu.obj
         x64\Debug\Maslov.obj
         x64\Debug\Modularity_CPU.obj
         x64\Debug\Timer.obj
         CUmodularity.vcxproj -> E:\project\program\cuda_newest20160331\cuda_newest20160331\BNAPlatform-win64-cuda7.0-20160115\src\x64\Debug\CUmodularity.exe
       PostBuildEvent:
         echo copy "C:\Program Files\NVIDIA GPU Computing Toolkit\CUDA\v7.0\bin\cudart*.dll" "E:\project\program\cuda_newest20160331\cuda_newest20160331\BNAPlatform-win64-cuda7.0-20160115\src\x64\Debug\"
         copy "C:\Program Files\NVIDIA GPU Computing Toolkit\CUDA\v7.0\bin\cudart*.dll" "E:\project\program\cuda_newest20160331\cuda_newest20160331\BNAPlatform-win64-cuda7.0-20160115\src\x64\Debug\"
         :VCEnd
         copy "C:\Program Files\NVIDIA GPU Computing Toolkit\CUDA\v7.0\bin\cudart*.dll" "E:\project\program\cuda_newest20160331\cuda_newest20160331\BNAPlatform-win64-cuda7.0-20160115\src\x64\Debug\"
         C:\Program Files\NVIDIA GPU Computing Toolkit\CUDA\v7.0\bin\cudart32_70.dll
         C:\Program Files\NVIDIA GPU Computing Toolkit\CUDA\v7.0\bin\cudart64_70.dll
         已复制         2 个文件。
     1>已完成生成项目“E:\project\program\cuda_newest20160331\cuda_newest20160331\BNAPlatform-win64-cuda7.0-20160115\src\Newman_Modularity_GPU\CUmodularity\CUmodularity\CUmodularity.vcxproj”(Build 个目标)的操作。

生成成功。

已用时间 00:00:06.29
