E:\PROJECT\PROGRAM\CUDA_NEWEST20160331\CUDA_NEWEST20160331\BNAPLATFORM-WIN64-CUDA7.0-20160115\SRC\SMALLWORLDPROPERTY\DEBUG\SMALLWORLDPROPERTY.PCH
E:\PROJECT\PROGRAM\CUDA_NEWEST20160331\CUDA_NEWEST20160331\BNAPLATFORM-WIN64-CUDA7.0-20160115\SRC\SMALLWORLDPROPERTY\DEBUG\STDAFX.OBJ
E:\PROJECT\PROGRAM\CUDA_NEWEST20160331\CUDA_NEWEST20160331\BNAPLATFORM-WIN64-CUDA7.0-20160115\SRC\SMALLWORLDPROPERTY\DEBUG\VC110.PDB
E:\PROJECT\PROGRAM\CUDA_NEWEST20160331\CUDA_NEWEST20160331\BNAPLATFORM-WIN64-CUDA7.0-20160115\SRC\SMALLWORLDPROPERTY\DEBUG\SMALLWORLDPROPERTY.OBJ
E:\PROJECT\PROGRAM\CUDA_NEWEST20160331\CUDA_NEWEST20160331\BNAPLATFORM-WIN64-CUDA7.0-20160115\SRC\DEBUG\SMALLWORLDPROPERTY.ILK
E:\PROJECT\PROGRAM\CUDA_NEWEST20160331\CUDA_NEWEST20160331\BNAPLATFORM-WIN64-CUDA7.0-20160115\SRC\DEBUG\SMALLWORLDPROPERTY.EXE
E:\PROJECT\PROGRAM\CUDA_NEWEST20160331\CUDA_NEWEST20160331\BNAPLATFORM-WIN64-CUDA7.0-20160115\SRC\DEBUG\SMALLWORLDPROPERTY.PDB
E:\project\program\cuda_newest20160331\cuda_newest20160331\BNAPlatform-win64-cuda7.0-20160115\src\SmallWorldProperty\Debug\SmallWorldProperty.obj
E:\project\program\cuda_newest20160331\cuda_newest20160331\BNAPlatform-win64-cuda7.0-20160115\src\SmallWorldProperty\Debug\stdafx.obj
E:\project\program\cuda_newest20160331\cuda_newest20160331\BNAPlatform-win64-cuda7.0-20160115\src\SmallWorldProperty\Debug\cl.command.1.tlog
E:\project\program\cuda_newest20160331\cuda_newest20160331\BNAPlatform-win64-cuda7.0-20160115\src\SmallWorldProperty\Debug\CL.read.1.tlog
E:\project\program\cuda_newest20160331\cuda_newest20160331\BNAPlatform-win64-cuda7.0-20160115\src\SmallWorldProperty\Debug\CL.write.1.tlog
E:\project\program\cuda_newest20160331\cuda_newest20160331\BNAPlatform-win64-cuda7.0-20160115\src\SmallWorldProperty\Debug\link-cvtres.read.1.tlog
E:\project\program\cuda_newest20160331\cuda_newest20160331\BNAPlatform-win64-cuda7.0-20160115\src\SmallWorldProperty\Debug\link-cvtres.write.1.tlog
E:\project\program\cuda_newest20160331\cuda_newest20160331\BNAPlatform-win64-cuda7.0-20160115\src\SmallWorldProperty\Debug\link-rc.read.1.tlog
E:\project\program\cuda_newest20160331\cuda_newest20160331\BNAPlatform-win64-cuda7.0-20160115\src\SmallWorldProperty\Debug\link-rc.write.1.tlog
E:\project\program\cuda_newest20160331\cuda_newest20160331\BNAPlatform-win64-cuda7.0-20160115\src\SmallWorldProperty\Debug\link.command.1.tlog
E:\project\program\cuda_newest20160331\cuda_newest20160331\BNAPlatform-win64-cuda7.0-20160115\src\SmallWorldProperty\Debug\link.read.1.tlog
E:\project\program\cuda_newest20160331\cuda_newest20160331\BNAPlatform-win64-cuda7.0-20160115\src\SmallWorldProperty\Debug\link.write.1.tlog
E:\project\program\cuda_newest20160331\cuda_newest20160331\BNAPlatform-win64-cuda7.0-20160115\src\SmallWorldProperty\Debug\SmallWorldProperty.pch
E:\project\program\cuda_newest20160331\cuda_newest20160331\BNAPlatform-win64-cuda7.0-20160115\src\SmallWorldProperty\Debug\vc110.idb
E:\project\program\cuda_newest20160331\cuda_newest20160331\BNAPlatform-win64-cuda7.0-20160115\src\SmallWorldProperty\Debug\vc110.pdb
E:\project\program\cuda_newest20160331\cuda_newest20160331\BNAPlatform-win64-cuda7.0-20160115\src\Debug\SmallWorldProperty.pdb
E:\project\program\cuda_newest20160331\cuda_newest20160331\BNAPlatform-win64-cuda7.0-20160115\src\Debug\SmallWorldProperty.exe
E:\project\program\cuda_newest20160331\cuda_newest20160331\BNAPlatform-win64-cuda7.0-20160115\src\Debug\SmallWorldProperty.ilk
