生成启动时间为 2016/1/15 11:11:06。
     1>项目“E:\cudaintergrated\cuda_test_project\cuda_newest\BNAPlatform-weighted-network-win64-cuda7.0-20151118\src\Newman_Modularity_GPU\CUmodularity\CUmodularity\CUmodularity.vcxproj”在节点 2 上(Rebuild 个目标)。
     1>_PrepareForClean:
         正在删除文件“x64\Release\CUmodularity.lastbuildstate”。
       CudaClean:
         cmd.exe /C "C:\Users\Lerond\AppData\Local\Temp\tmp79f0f5c90f7d47c0885b55699d81b873.cmd"
         "C:\Program Files\NVIDIA GPU Computing Toolkit\CUDA\v7.0\bin\nvcc.exe" -ccbin "E:\Program Files (x86)\Microsoft Visual Studio 11.0\VC\bin\x86_amd64"  -I..\..\..\common -I"C:\Program Files\NVIDIA GPU Computing Toolkit\CUDA\v7.0\include" -I"C:\Program Files\NVIDIA GPU Computing Toolkit\CUDA\v7.0\include"     --keep-dir x64\Release -maxrregcount=0  --machine 64 --compile      -DWIN32 -DWIN64 -DNDEBUG -D_CONSOLE -D_USING_V110_SDK71_ -D_MBCS -Xcompiler "/EHsc /W3 /nologo /O2 /Zi  /MT  " -o x64\Release\modularity_GPU.cu.obj "E:\cudaintergrated\cuda_test_project\cuda_newest\BNAPlatform-weighted-network-win64-cuda7.0-20151118\src\Newman_Modularity_GPU\CUmodularity\modularity_GPU.cu" -clean
         
         E:\cudaintergrated\cuda_test_project\cuda_newest\BNAPlatform-weighted-network-win64-cuda7.0-20151118\src\Newman_Modularity_GPU\CUmodularity\CUmodularity>"C:\Program Files\NVIDIA GPU Computing Toolkit\CUDA\v7.0\bin\nvcc.exe" -ccbin "E:\Program Files (x86)\Microsoft Visual Studio 11.0\VC\bin\x86_amd64"  -I..\..\..\common -I"C:\Program Files\NVIDIA GPU Computing Toolkit\CUDA\v7.0\include" -I"C:\Program Files\NVIDIA GPU Computing Toolkit\CUDA\v7.0\include"     --keep-dir x64\Release -maxrregcount=0  --machine 64 --compile      -DWIN32 -DWIN64 -DNDEBUG -D_CONSOLE -D_USING_V110_SDK71_ -D_MBCS -Xcompiler "/EHsc /W3 /nologo /O2 /Zi  /MT  " -o x64\Release\modularity_GPU.cu.obj "E:\cudaintergrated\cuda_test_project\cuda_newest\BNAPlatform-weighted-network-win64-cuda7.0-20151118\src\Newman_Modularity_GPU\CUmodularity\modularity_GPU.cu" -clean 
         modularity_GPU.cu
         正在删除文件“x64\Release\..\modularity_GPU.cu.deps”。
     1>C:\Program Files (x86)\MSBuild\Microsoft.Cpp\v4.0\V110\Microsoft.CppBuild.targets(346,5): warning MSB8004: Output Directory does not end with a trailing slash.  This build instance will add the slash as it is required to allow proper evaluation of the Output Directory.
       InitializeBuildStatus:
         正在对“x64\Release\CUmodularity.unsuccessfulbuild”执行 Touch 任务。
       AddCudaCompileDeps:
         E:\Program Files (x86)\Microsoft Visual Studio 11.0\VC\bin\x86_amd64\cl.exe /E /nologo /showIncludes /TP /D__CUDACC__ /DWIN32 /DWIN64 /DNDEBUG /D_CONSOLE /D_USING_V110_SDK71_ /D_MBCS /I..\..\..\common /I"C:\Program Files\NVIDIA GPU Computing Toolkit\CUDA\v7.0\include" /I"C:\Program Files\NVIDIA GPU Computing Toolkit\CUDA\v7.0\bin" /I"C:\Program Files\NVIDIA GPU Computing Toolkit\CUDA\v7.0\include" /I. /FIcuda_runtime.h /c E:\cudaintergrated\cuda_test_project\cuda_newest\BNAPlatform-weighted-network-win64-cuda7.0-20151118\src\Newman_Modularity_GPU\CUmodularity\modularity_GPU.cu 
       CudaBuild:
         Compiling CUDA source file ..\modularity_GPU.cu...
         cmd.exe /C "C:\Users\Lerond\AppData\Local\Temp\tmp4be5d0bf911d4f20904a8e8e52a39eb9.cmd"
         "C:\Program Files\NVIDIA GPU Computing Toolkit\CUDA\v7.0\bin\nvcc.exe" -gencode=arch=compute_20,code=\"sm_20,compute_20\" --use-local-env --cl-version 2010 -ccbin "E:\Program Files (x86)\Microsoft Visual Studio 11.0\VC\bin\x86_amd64"  -I..\..\..\common -I"C:\Program Files\NVIDIA GPU Computing Toolkit\CUDA\v7.0\include" -I"C:\Program Files\NVIDIA GPU Computing Toolkit\CUDA\v7.0\include"     --keep-dir x64\Release -maxrregcount=0  --machine 64 --compile -cudart static     -DWIN32 -DWIN64 -DNDEBUG -D_CONSOLE -D_USING_V110_SDK71_ -D_MBCS -Xcompiler "/EHsc /W3 /nologo /O2 /Zi  /MT  " -o x64\Release\modularity_GPU.cu.obj "E:\cudaintergrated\cuda_test_project\cuda_newest\BNAPlatform-weighted-network-win64-cuda7.0-20151118\src\Newman_Modularity_GPU\CUmodularity\modularity_GPU.cu"
         
         E:\cudaintergrated\cuda_test_project\cuda_newest\BNAPlatform-weighted-network-win64-cuda7.0-20151118\src\Newman_Modularity_GPU\CUmodularity\CUmodularity>"C:\Program Files\NVIDIA GPU Computing Toolkit\CUDA\v7.0\bin\nvcc.exe" -gencode=arch=compute_20,code=\"sm_20,compute_20\" --use-local-env --cl-version 2010 -ccbin "E:\Program Files (x86)\Microsoft Visual Studio 11.0\VC\bin\x86_amd64"  -I..\..\..\common -I"C:\Program Files\NVIDIA GPU Computing Toolkit\CUDA\v7.0\include" -I"C:\Program Files\NVIDIA GPU Computing Toolkit\CUDA\v7.0\include"     --keep-dir x64\Release -maxrregcount=0  --machine 64 --compile -cudart static     -DWIN32 -DWIN64 -DNDEBUG -D_CONSOLE -D_USING_V110_SDK71_ -D_MBCS -Xcompiler "/EHsc /W3 /nologo /O2 /Zi  /MT  " -o x64\Release\modularity_GPU.cu.obj "E:\cudaintergrated\cuda_test_project\cuda_newest\BNAPlatform-weighted-network-win64-cuda7.0-20151118\src\Newman_Modularity_GPU\CUmodularity\modularity_GPU.cu" 
     1>c:\program files\nvidia gpu computing toolkit\cuda\v7.0\include\math_functions.h : warning C4819: 该文件包含不能在当前代码页(936)中表示的字符。请将该文件保存为 Unicode 格式以防止数据丢失
     1>c:\program files\nvidia gpu computing toolkit\cuda\v7.0\include\math_functions.h(877): warning C4819: 该文件包含不能在当前代码页(936)中表示的字符。请将该文件保存为 Unicode 格式以防止数据丢失
     1>c:\program files\nvidia gpu computing toolkit\cuda\v7.0\include\math_functions.h(1850): warning C4819: 该文件包含不能在当前代码页(936)中表示的字符。请将该文件保存为 Unicode 格式以防止数据丢失
     1>c:\program files\nvidia gpu computing toolkit\cuda\v7.0\include\math_functions.h(2728): warning C4819: 该文件包含不能在当前代码页(936)中表示的字符。请将该文件保存为 Unicode 格式以防止数据丢失
     1>c:\program files\nvidia gpu computing toolkit\cuda\v7.0\include\math_functions.h(3651): warning C4819: 该文件包含不能在当前代码页(936)中表示的字符。请将该文件保存为 Unicode 格式以防止数据丢失
     1>c:\program files\nvidia gpu computing toolkit\cuda\v7.0\include\math_functions.h(4595): warning C4819: 该文件包含不能在当前代码页(936)中表示的字符。请将该文件保存为 Unicode 格式以防止数据丢失
     1>c:\program files\nvidia gpu computing toolkit\cuda\v7.0\include\math_functions.h(5521): warning C4819: 该文件包含不能在当前代码页(936)中表示的字符。请将该文件保存为 Unicode 格式以防止数据丢失
     1>c:\program files\nvidia gpu computing toolkit\cuda\v7.0\include\math_functions.h(6421): warning C4819: 该文件包含不能在当前代码页(936)中表示的字符。请将该文件保存为 Unicode 格式以防止数据丢失
     1>c:\program files\nvidia gpu computing toolkit\cuda\v7.0\include\math_functions.h(7314): warning C4819: 该文件包含不能在当前代码页(936)中表示的字符。请将该文件保存为 Unicode 格式以防止数据丢失
     1>c:\program files\nvidia gpu computing toolkit\cuda\v7.0\include\math_functions.h(8227): warning C4819: 该文件包含不能在当前代码页(936)中表示的字符。请将该文件保存为 Unicode 格式以防止数据丢失
     1>c:\program files\nvidia gpu computing toolkit\cuda\v7.0\include\device_functions.h : warning C4819: 该文件包含不能在当前代码页(936)中表示的字符。请将该文件保存为 Unicode 格式以防止数据丢失
     1>c:\program files\nvidia gpu computing toolkit\cuda\v7.0\include\device_functions.h(775): warning C4819: 该文件包含不能在当前代码页(936)中表示的字符。请将该文件保存为 Unicode 格式以防止数据丢失
     1>c:\program files\nvidia gpu computing toolkit\cuda\v7.0\include\device_functions.h(1632): warning C4819: 该文件包含不能在当前代码页(936)中表示的字符。请将该文件保存为 Unicode 格式以防止数据丢失
     1>c:\program files\nvidia gpu computing toolkit\cuda\v7.0\include\device_double_functions.h : warning C4819: 该文件包含不能在当前代码页(936)中表示的字符。请将该文件保存为 Unicode 格式以防止数据丢失
     1>C:\Program Files\NVIDIA GPU Computing Toolkit\CUDA\v7.0\include\device_functions.h : warning C4819: 该文件包含不能在当前代码页(936)中表示的字符。请将该文件保存为 Unicode 格式以防止数据丢失
     1>C:\Program Files\NVIDIA GPU Computing Toolkit\CUDA\v7.0\include\device_functions.h(775): warning C4819: 该文件包含不能在当前代码页(936)中表示的字符。请将该文件保存为 Unicode 格式以防止数据丢失
     1>C:\Program Files\NVIDIA GPU Computing Toolkit\CUDA\v7.0\include\device_functions.h(1632): warning C4819: 该文件包含不能在当前代码页(936)中表示的字符。请将该文件保存为 Unicode 格式以防止数据丢失
     1>C:\Program Files (x86)\Microsoft SDKs\Windows\v7.1A\include\winnt.h(12714): warning : attribute "align" ignored because no definition follows
         
     1>C:\Program Files (x86)\Microsoft SDKs\Windows\v7.1A\include\winnt.h(12961): warning : expression has no effect
         
     1>C:\Program Files (x86)\Microsoft SDKs\Windows\v7.1A\include\winnt.h(14904): warning : expression has no effect
         
     1>C:\Program Files (x86)\Microsoft SDKs\Windows\v7.1A\include\winuser.h(12253): warning : signed bit field of length 1
         
     1>C:\Program Files (x86)\Microsoft SDKs\Windows\v7.1A\include\winuser.h(12254): warning : signed bit field of length 1
         
     1>E:/cudaintergrated/cuda_test_project/cuda_newest/BNAPlatform-weighted-network-win64-cuda7.0-20151118/src/Newman_Modularity_GPU/CUmodularity/modularity_GPU.cu(224): warning : variable "j" was declared but never referenced
         
     1>E:/cudaintergrated/cuda_test_project/cuda_newest/BNAPlatform-weighted-network-win64-cuda7.0-20151118/src/Newman_Modularity_GPU/CUmodularity/modularity_GPU.cu(245): warning : variable "cudaStat" was declared but never referenced
         
     1>E:/cudaintergrated/cuda_test_project/cuda_newest/BNAPlatform-weighted-network-win64-cuda7.0-20151118/src/Newman_Modularity_GPU/CUmodularity/modularity_GPU.cu(258): warning : variable "temp2" was declared but never referenced
         
     1>E:/cudaintergrated/cuda_test_project/cuda_newest/BNAPlatform-weighted-network-win64-cuda7.0-20151118/src/Newman_Modularity_GPU/CUmodularity/modularity_GPU.cu(349): error : identifier "cal_k_kernel" is undefined
         
     1>E:/cudaintergrated/cuda_test_project/cuda_newest/BNAPlatform-weighted-network-win64-cuda7.0-20151118/src/Newman_Modularity_GPU/CUmodularity/modularity_GPU.cu(350): error : identifier "M" is undefined
         
     1>E:/cudaintergrated/cuda_test_project/cuda_newest/BNAPlatform-weighted-network-win64-cuda7.0-20151118/src/Newman_Modularity_GPU/CUmodularity/modularity_GPU.cu(330): warning : variable "j" was declared but never referenced
         
     1>E:/cudaintergrated/cuda_test_project/cuda_newest/BNAPlatform-weighted-network-win64-cuda7.0-20151118/src/Newman_Modularity_GPU/CUmodularity/modularity_GPU.cu(331): warning : variable "temp1" was declared but never referenced
         
     1>E:/cudaintergrated/cuda_test_project/cuda_newest/BNAPlatform-weighted-network-win64-cuda7.0-20151118/src/Newman_Modularity_GPU/CUmodularity/modularity_GPU.cu(331): warning : variable "temp2" was declared but never referenced
         
     1>E:/cudaintergrated/cuda_test_project/cuda_newest/BNAPlatform-weighted-network-win64-cuda7.0-20151118/src/Newman_Modularity_GPU/CUmodularity/modularity_GPU.cu(416): error : expected an expression
         
     1>E:/cudaintergrated/cuda_test_project/cuda_newest/BNAPlatform-weighted-network-win64-cuda7.0-20151118/src/Newman_Modularity_GPU/CUmodularity/modularity_GPU.cu(416): error : identifier "j" is undefined
         
     1>E:/cudaintergrated/cuda_test_project/cuda_newest/BNAPlatform-weighted-network-win64-cuda7.0-20151118/src/Newman_Modularity_GPU/CUmodularity/modularity_GPU.cu(432): error : identifier "M" is undefined
         
     1>E:/cudaintergrated/cuda_test_project/cuda_newest/BNAPlatform-weighted-network-win64-cuda7.0-20151118/src/Newman_Modularity_GPU/CUmodularity/modularity_GPU.cu(553): warning : integer conversion resulted in a change of sign
         
     1>E:/cudaintergrated/cuda_test_project/cuda_newest/BNAPlatform-weighted-network-win64-cuda7.0-20151118/src/Newman_Modularity_GPU/CUmodularity/modularity_GPU.cu(569): warning : integer conversion resulted in a change of sign
         
     1>E:/cudaintergrated/cuda_test_project/cuda_newest/BNAPlatform-weighted-network-win64-cuda7.0-20151118/src/Newman_Modularity_GPU/CUmodularity/modularity_GPU.cu(26): warning : variable "ITERNUMBER" was declared but never referenced
         
         5 errors detected in the compilation of "C:/Users/Lerond/AppData/Local/Temp/tmpxft_00005af0_00000000-5_modularity_GPU.cpp1.ii".
         modularity_GPU.cu
     1>C:\Program Files (x86)\MSBuild\Microsoft.Cpp\v4.0\V110\BuildCustomizations\CUDA 7.0.targets(593,9): error MSB3721: 命令“"C:\Program Files\NVIDIA GPU Computing Toolkit\CUDA\v7.0\bin\nvcc.exe" -gencode=arch=compute_20,code=\"sm_20,compute_20\" --use-local-env --cl-version 2010 -ccbin "E:\Program Files (x86)\Microsoft Visual Studio 11.0\VC\bin\x86_amd64"  -I..\..\..\common -I"C:\Program Files\NVIDIA GPU Computing Toolkit\CUDA\v7.0\include" -I"C:\Program Files\NVIDIA GPU Computing Toolkit\CUDA\v7.0\include"     --keep-dir x64\Release -maxrregcount=0  --machine 64 --compile -cudart static     -DWIN32 -DWIN64 -DNDEBUG -D_CONSOLE -D_USING_V110_SDK71_ -D_MBCS -Xcompiler "/EHsc /W3 /nologo /O2 /Zi  /MT  " -o x64\Release\modularity_GPU.cu.obj "E:\cudaintergrated\cuda_test_project\cuda_newest\BNAPlatform-weighted-network-win64-cuda7.0-20151118\src\Newman_Modularity_GPU\CUmodularity\modularity_GPU.cu"”已退出，返回代码为 2。
     1>已完成生成项目“E:\cudaintergrated\cuda_test_project\cuda_newest\BNAPlatform-weighted-network-win64-cuda7.0-20151118\src\Newman_Modularity_GPU\CUmodularity\CUmodularity\CUmodularity.vcxproj”(Rebuild 个目标)的操作 - 失败。

生成失败。

已用时间 00:00:04.06
