生成启动时间为 2016/4/6 16:57:29。
     1>项目“E:\project\program\cuda_newest20160331\cuda_newest20160331\BNAPlatform-win64-cuda7.0-20160115\src\Louvain_Modularity\Louvain_Modularity\Louvain_Modularity.vcxproj”在节点 7 上(Rebuild 个目标)。
     1>C:\Program Files (x86)\MSBuild\Microsoft.Cpp\v4.0\V110\Microsoft.CppBuild.targets(346,5): warning MSB8004: Output Directory does not end with a trailing slash.  This build instance will add the slash as it is required to allow proper evaluation of the Output Directory.
     1>ClCompile:
         E:\softwareforwork\VS2012\VC\bin\x86_amd64\CL.exe /c /I..\..\common /Zi /nologo /W3 /WX- /Od /D _MBCS /Gm /EHsc /RTC1 /MDd /GS /fp:precise /Zc:wchar_t /Zc:forScope /Fo"x64\Debug\\" /Fd"x64\Debug\vc110.pdb" /Gd /TP /errorReport:prompt L_Modularity_CPU.cpp Maslov.cpp Timer.cpp
         Timer.cpp
         Maslov.cpp
     1>Maslov.cpp(20): warning C4244: “参数”: 从“time_t”转换到“unsigned int”，可能丢失数据
         L_Modularity_CPU.cpp
     1>L_Modularity_CPU.cpp(113): warning C4244: “=”: 从“double”转换到“real_t”，可能丢失数据
     1>L_Modularity_CPU.cpp(151): warning C4244: “参数”: 从“__int64”转换到“int”，可能丢失数据
     1>L_Modularity_CPU.cpp(179): warning C4244: “参数”: 从“__int64”转换到“int”，可能丢失数据
     1>L_Modularity_CPU.cpp(205): warning C4244: “参数”: 从“__int64”转换到“int”，可能丢失数据
     1>L_Modularity_CPU.cpp(468): warning C4244: “参数”: 从“__int64”转换到“int”，可能丢失数据
     1>L_Modularity_CPU.cpp(496): warning C4244: “参数”: 从“__int64”转换到“int”，可能丢失数据
     1>L_Modularity_CPU.cpp(527): warning C4244: “参数”: 从“__int64”转换到“int”，可能丢失数据
     1>L_Modularity_CPU.cpp(603): warning C4244: “=”: 从“__int64”转换到“int”，可能丢失数据
     1>L_Modularity_CPU.cpp(639): warning C4244: “=”: 从“__int64”转换到“int”，可能丢失数据
     1>L_Modularity_CPU.cpp(810): warning C4244: “参数”: 从“__int64”转换到“int”，可能丢失数据
         正在生成代码...
       Link:
         E:\softwareforwork\VS2012\VC\bin\x86_amd64\link.exe /ERRORREPORT:PROMPT /OUT:"..\..\..\bin\Louvain_Modularity.exe" /INCREMENTAL /NOLOGO kernel32.lib user32.lib gdi32.lib winspool.lib comdlg32.lib advapi32.lib shell32.lib ole32.lib oleaut32.lib uuid.lib odbc32.lib odbccp32.lib /MANIFEST /MANIFESTUAC:"level='asInvoker' uiAccess='false'" /manifest:embed /DEBUG /PDB:"..\..\..\bin\Louvain_Modularity.pdb" /TLBID:1 /DYNAMICBASE /NXCOMPAT /IMPLIB:"..\..\..\bin\Louvain_Modularity.lib" /MACHINE:X64 x64\Debug\L_Modularity_CPU.obj
         x64\Debug\Maslov.obj
         x64\Debug\Timer.obj
         Louvain_Modularity.vcxproj -> E:\project\program\cuda_newest20160331\cuda_newest20160331\BNAPlatform-win64-cuda7.0-20160115\src\Louvain_Modularity\Louvain_Modularity\..\..\..\bin\Louvain_Modularity.exe
     1>已完成生成项目“E:\project\program\cuda_newest20160331\cuda_newest20160331\BNAPlatform-win64-cuda7.0-20160115\src\Louvain_Modularity\Louvain_Modularity\Louvain_Modularity.vcxproj”(Rebuild 个目标)的操作。

生成成功。

已用时间 00:00:03.41
