E:\PROJECT\PROGRAM\CUDA_NEWEST20160115-4MM-SOLE-CORRELATION160331\CUDA_NEWEST20160115-4MM-SOLE-CORRELATION\BNAPLATFORM-WEIGHTED-NETWORK-WIN64-CUDA7.0-20160115\SRC\CP\CP\X64\RELEASE\MASLOV.OBJ
E:\PROJECT\PROGRAM\CUDA_NEWEST20160115-4MM-SOLE-CORRELATION160331\CUDA_NEWEST20160115-4MM-SOLE-CORRELATION\BNAPLATFORM-WEIGHTED-NETWORK-WIN64-CUDA7.0-20160115\SRC\CP\CP\X64\RELEASE\CP_MAIN.OBJ
E:\PROJECT\PROGRAM\CUDA_NEWEST20160115-4MM-SOLE-CORRELATION160331\CUDA_NEWEST20160115-4MM-SOLE-CORRELATION\BNAPLATFORM-WEIGHTED-NETWORK-WIN64-CUDA7.0-20160115\SRC\CP\CP\X64\RELEASE\CP_2.OBJ
E:\PROJECT\PROGRAM\CUDA_NEWEST20160115-4MM-SOLE-CORRELATION160331\CUDA_NEWEST20160115-4MM-SOLE-CORRELATION\BNAPLATFORM-WEIGHTED-NETWORK-WIN64-CUDA7.0-20160115\SRC\CP\CP\X64\RELEASE\CP_1.OBJ
E:\PROJECT\PROGRAM\CUDA_NEWEST20160115-4MM-SOLE-CORRELATION160331\CUDA_NEWEST20160115-4MM-SOLE-CORRELATION\BNAPLATFORM-WEIGHTED-NETWORK-WIN64-CUDA7.0-20160115\SRC\CP\CP\X64\RELEASE\TIMER.OBJ
E:\PROJECT\PROGRAM\CUDA_NEWEST20160115-4MM-SOLE-CORRELATION160331\CUDA_NEWEST20160115-4MM-SOLE-CORRELATION\BNAPLATFORM-WEIGHTED-NETWORK-WIN64-CUDA7.0-20160115\SRC\CP\CP\X64\RELEASE\VC110.PDB
E:\PROJECT\PROGRAM\CUDA_NEWEST20160115-4MM-SOLE-CORRELATION160331\CUDA_NEWEST20160115-4MM-SOLE-CORRELATION\BNAPLATFORM-WEIGHTED-NETWORK-WIN64-CUDA7.0-20160115\BIN\CP.EXE
E:\PROJECT\PROGRAM\CUDA_NEWEST20160115-4MM-SOLE-CORRELATION160331\CUDA_NEWEST20160115-4MM-SOLE-CORRELATION\BNAPLATFORM-WEIGHTED-NETWORK-WIN64-CUDA7.0-20160115\BIN\CP.PDB
E:\project\program\cuda_newest20160115-4mm-sole-correlation160331\cuda_newest20160115-4mm-sole-correlation\BNAPlatform-weighted-network-win64-cuda7.0-20160115\src\Cp\Cp\x64\Release\Cp_1.obj
E:\project\program\cuda_newest20160115-4mm-sole-correlation160331\cuda_newest20160115-4mm-sole-correlation\BNAPlatform-weighted-network-win64-cuda7.0-20160115\src\Cp\Cp\x64\Release\Cp_2.obj
E:\project\program\cuda_newest20160115-4mm-sole-correlation160331\cuda_newest20160115-4mm-sole-correlation\BNAPlatform-weighted-network-win64-cuda7.0-20160115\src\Cp\Cp\x64\Release\Cp_main.obj
E:\project\program\cuda_newest20160115-4mm-sole-correlation160331\cuda_newest20160115-4mm-sole-correlation\BNAPlatform-weighted-network-win64-cuda7.0-20160115\src\Cp\Cp\x64\Release\Maslov.obj
E:\project\program\cuda_newest20160115-4mm-sole-correlation160331\cuda_newest20160115-4mm-sole-correlation\BNAPlatform-weighted-network-win64-cuda7.0-20160115\src\Cp\Cp\x64\Release\Timer.obj
E:\project\program\cuda_newest20160115-4mm-sole-correlation160331\cuda_newest20160115-4mm-sole-correlation\BNAPlatform-weighted-network-win64-cuda7.0-20160115\src\Cp\Cp\x64\Release\cl.command.1.tlog
E:\project\program\cuda_newest20160115-4mm-sole-correlation160331\cuda_newest20160115-4mm-sole-correlation\BNAPlatform-weighted-network-win64-cuda7.0-20160115\src\Cp\Cp\x64\Release\CL.read.1.tlog
E:\project\program\cuda_newest20160115-4mm-sole-correlation160331\cuda_newest20160115-4mm-sole-correlation\BNAPlatform-weighted-network-win64-cuda7.0-20160115\src\Cp\Cp\x64\Release\CL.write.1.tlog
E:\project\program\cuda_newest20160115-4mm-sole-correlation160331\cuda_newest20160115-4mm-sole-correlation\BNAPlatform-weighted-network-win64-cuda7.0-20160115\src\Cp\Cp\x64\Release\link-cvtres.read.1.tlog
E:\project\program\cuda_newest20160115-4mm-sole-correlation160331\cuda_newest20160115-4mm-sole-correlation\BNAPlatform-weighted-network-win64-cuda7.0-20160115\src\Cp\Cp\x64\Release\link-cvtres.write.1.tlog
E:\project\program\cuda_newest20160115-4mm-sole-correlation160331\cuda_newest20160115-4mm-sole-correlation\BNAPlatform-weighted-network-win64-cuda7.0-20160115\src\Cp\Cp\x64\Release\link-rc.read.1.tlog
E:\project\program\cuda_newest20160115-4mm-sole-correlation160331\cuda_newest20160115-4mm-sole-correlation\BNAPlatform-weighted-network-win64-cuda7.0-20160115\src\Cp\Cp\x64\Release\link-rc.write.1.tlog
E:\project\program\cuda_newest20160115-4mm-sole-correlation160331\cuda_newest20160115-4mm-sole-correlation\BNAPlatform-weighted-network-win64-cuda7.0-20160115\src\Cp\Cp\x64\Release\link.command.1.tlog
E:\project\program\cuda_newest20160115-4mm-sole-correlation160331\cuda_newest20160115-4mm-sole-correlation\BNAPlatform-weighted-network-win64-cuda7.0-20160115\src\Cp\Cp\x64\Release\link.read.1.tlog
E:\project\program\cuda_newest20160115-4mm-sole-correlation160331\cuda_newest20160115-4mm-sole-correlation\BNAPlatform-weighted-network-win64-cuda7.0-20160115\src\Cp\Cp\x64\Release\link.write.1.tlog
E:\project\program\cuda_newest20160115-4mm-sole-correlation160331\cuda_newest20160115-4mm-sole-correlation\BNAPlatform-weighted-network-win64-cuda7.0-20160115\src\Cp\Cp\x64\Release\vc110.pdb
E:\project\program\cuda_newest20160115-4mm-sole-correlation160331\cuda_newest20160115-4mm-sole-correlation\BNAPlatform-weighted-network-win64-cuda7.0-20160115\src\Cp\Cp\..\..\..\bin\Cp.exe
