生成启动时间为 2016/4/6 14:05:15。
     1>项目“E:\project\program\cuda_newest20160331\cuda_newest20160331\BNAPlatform-win64-cuda7.0-20160115\src\CUEC\CUEC\CUEC.vcxproj”在节点 6 上(Rebuild 个目标)。
     1>CudaClean:
         cmd.exe /C "C:\Users\Lerond\AppData\Local\Temp\tmpf7b501df0d3840ab9d847bfb8428322a.cmd"
         "C:\Program Files\NVIDIA GPU Computing Toolkit\CUDA\v7.0\bin\nvcc.exe" -ccbin "E:\softwareforwork\VS2012\VC\bin"  -I"C:\Program Files\NVIDIA GPU Computing Toolkit\CUDA\v7.0\include" -I"C:\Program Files\NVIDIA GPU Computing Toolkit\CUDA\v7.0\include"  -G   --keep-dir Debug -maxrregcount=0  --machine 32 --compile   -g   -DWIN32 -D_DEBUG -D_CONSOLE -D_MBCS -Xcompiler "/EHsc /W3 /nologo /Od /Zi /RTC1 /MDd  " -o Debug\CUEC_unweighted.cu.obj "E:\project\program\cuda_newest20160331\cuda_newest20160331\BNAPlatform-win64-cuda7.0-20160115\src\CUEC\CUEC\CUEC_unweighted.cu" -clean
         
         E:\project\program\cuda_newest20160331\cuda_newest20160331\BNAPlatform-win64-cuda7.0-20160115\src\CUEC\CUEC>"C:\Program Files\NVIDIA GPU Computing Toolkit\CUDA\v7.0\bin\nvcc.exe" -ccbin "E:\softwareforwork\VS2012\VC\bin"  -I"C:\Program Files\NVIDIA GPU Computing Toolkit\CUDA\v7.0\include" -I"C:\Program Files\NVIDIA GPU Computing Toolkit\CUDA\v7.0\include"  -G   --keep-dir Debug -maxrregcount=0  --machine 32 --compile   -g   -DWIN32 -D_DEBUG -D_CONSOLE -D_MBCS -Xcompiler "/EHsc /W3 /nologo /Od /Zi /RTC1 /MDd  " -o Debug\CUEC_unweighted.cu.obj "E:\project\program\cuda_newest20160331\cuda_newest20160331\BNAPlatform-win64-cuda7.0-20160115\src\CUEC\CUEC\CUEC_unweighted.cu" -clean 
         CUEC_unweighted.cu
       AddCudaCompileDeps:
         E:\softwareforwork\VS2012\VC\bin\cl.exe /E /nologo /showIncludes /TP /D__CUDACC__ /DWIN32 /D_DEBUG /D_CONSOLE /D_MBCS /I"C:\Program Files\NVIDIA GPU Computing Toolkit\CUDA\v7.0\include" /I"C:\Program Files\NVIDIA GPU Computing Toolkit\CUDA\v7.0\bin" /I"C:\Program Files\NVIDIA GPU Computing Toolkit\CUDA\v7.0\include" /I. /FIcuda_runtime.h /c E:\project\program\cuda_newest20160331\cuda_newest20160331\BNAPlatform-win64-cuda7.0-20160115\src\CUEC\CUEC\CUEC_unweighted.cu 
       CudaBuild:
         Compiling CUDA source file CUEC_unweighted.cu...
         cmd.exe /C "C:\Users\Lerond\AppData\Local\Temp\tmpba268b46c569463a9e54ddb2e9305b90.cmd"
         "C:\Program Files\NVIDIA GPU Computing Toolkit\CUDA\v7.0\bin\nvcc.exe" -gencode=arch=compute_20,code=\"sm_20,compute_20\" --use-local-env --cl-version 2012 -ccbin "E:\softwareforwork\VS2012\VC\bin"  -I"C:\Program Files\NVIDIA GPU Computing Toolkit\CUDA\v7.0\include" -I"C:\Program Files\NVIDIA GPU Computing Toolkit\CUDA\v7.0\include"  -G   --keep-dir Debug -maxrregcount=0  --machine 32 --compile -cudart static  -g   -DWIN32 -D_DEBUG -D_CONSOLE -D_MBCS -Xcompiler "/EHsc /W3 /nologo /Od /Zi /RTC1 /MDd  " -o Debug\CUEC_unweighted.cu.obj "E:\project\program\cuda_newest20160331\cuda_newest20160331\BNAPlatform-win64-cuda7.0-20160115\src\CUEC\CUEC\CUEC_unweighted.cu"
         
         E:\project\program\cuda_newest20160331\cuda_newest20160331\BNAPlatform-win64-cuda7.0-20160115\src\CUEC\CUEC>"C:\Program Files\NVIDIA GPU Computing Toolkit\CUDA\v7.0\bin\nvcc.exe" -gencode=arch=compute_20,code=\"sm_20,compute_20\" --use-local-env --cl-version 2012 -ccbin "E:\softwareforwork\VS2012\VC\bin"  -I"C:\Program Files\NVIDIA GPU Computing Toolkit\CUDA\v7.0\include" -I"C:\Program Files\NVIDIA GPU Computing Toolkit\CUDA\v7.0\include"  -G   --keep-dir Debug -maxrregcount=0  --machine 32 --compile -cudart static  -g   -DWIN32 -D_DEBUG -D_CONSOLE -D_MBCS -Xcompiler "/EHsc /W3 /nologo /Od /Zi /RTC1 /MDd  " -o Debug\CUEC_unweighted.cu.obj "E:\project\program\cuda_newest20160331\cuda_newest20160331\BNAPlatform-win64-cuda7.0-20160115\src\CUEC\CUEC\CUEC_unweighted.cu" 
     1>c:\program files\nvidia gpu computing toolkit\cuda\v7.0\include\math_functions.h : warning C4819: 该文件包含不能在当前代码页(936)中表示的字符。请将该文件保存为 Unicode 格式以防止数据丢失
     1>c:\program files\nvidia gpu computing toolkit\cuda\v7.0\include\math_functions.h(877): warning C4819: 该文件包含不能在当前代码页(936)中表示的字符。请将该文件保存为 Unicode 格式以防止数据丢失
     1>c:\program files\nvidia gpu computing toolkit\cuda\v7.0\include\math_functions.h(1850): warning C4819: 该文件包含不能在当前代码页(936)中表示的字符。请将该文件保存为 Unicode 格式以防止数据丢失
     1>c:\program files\nvidia gpu computing toolkit\cuda\v7.0\include\math_functions.h(2728): warning C4819: 该文件包含不能在当前代码页(936)中表示的字符。请将该文件保存为 Unicode 格式以防止数据丢失
     1>c:\program files\nvidia gpu computing toolkit\cuda\v7.0\include\math_functions.h(3651): warning C4819: 该文件包含不能在当前代码页(936)中表示的字符。请将该文件保存为 Unicode 格式以防止数据丢失
     1>c:\program files\nvidia gpu computing toolkit\cuda\v7.0\include\math_functions.h(4595): warning C4819: 该文件包含不能在当前代码页(936)中表示的字符。请将该文件保存为 Unicode 格式以防止数据丢失
     1>c:\program files\nvidia gpu computing toolkit\cuda\v7.0\include\math_functions.h(5521): warning C4819: 该文件包含不能在当前代码页(936)中表示的字符。请将该文件保存为 Unicode 格式以防止数据丢失
     1>c:\program files\nvidia gpu computing toolkit\cuda\v7.0\include\math_functions.h(6421): warning C4819: 该文件包含不能在当前代码页(936)中表示的字符。请将该文件保存为 Unicode 格式以防止数据丢失
     1>c:\program files\nvidia gpu computing toolkit\cuda\v7.0\include\math_functions.h(7314): warning C4819: 该文件包含不能在当前代码页(936)中表示的字符。请将该文件保存为 Unicode 格式以防止数据丢失
     1>c:\program files\nvidia gpu computing toolkit\cuda\v7.0\include\math_functions.h(8227): warning C4819: 该文件包含不能在当前代码页(936)中表示的字符。请将该文件保存为 Unicode 格式以防止数据丢失
     1>c:\program files\nvidia gpu computing toolkit\cuda\v7.0\include\device_functions.h : warning C4819: 该文件包含不能在当前代码页(936)中表示的字符。请将该文件保存为 Unicode 格式以防止数据丢失
     1>c:\program files\nvidia gpu computing toolkit\cuda\v7.0\include\device_functions.h(775): warning C4819: 该文件包含不能在当前代码页(936)中表示的字符。请将该文件保存为 Unicode 格式以防止数据丢失
     1>c:\program files\nvidia gpu computing toolkit\cuda\v7.0\include\device_functions.h(1632): warning C4819: 该文件包含不能在当前代码页(936)中表示的字符。请将该文件保存为 Unicode 格式以防止数据丢失
     1>c:\program files\nvidia gpu computing toolkit\cuda\v7.0\include\device_double_functions.h : warning C4819: 该文件包含不能在当前代码页(936)中表示的字符。请将该文件保存为 Unicode 格式以防止数据丢失
     1>C:\Program Files\NVIDIA GPU Computing Toolkit\CUDA\v7.0\include\device_functions.h : warning C4819: 该文件包含不能在当前代码页(936)中表示的字符。请将该文件保存为 Unicode 格式以防止数据丢失
     1>C:\Program Files\NVIDIA GPU Computing Toolkit\CUDA\v7.0\include\device_functions.h(775): warning C4819: 该文件包含不能在当前代码页(936)中表示的字符。请将该文件保存为 Unicode 格式以防止数据丢失
     1>C:\Program Files\NVIDIA GPU Computing Toolkit\CUDA\v7.0\include\device_functions.h(1632): warning C4819: 该文件包含不能在当前代码页(936)中表示的字符。请将该文件保存为 Unicode 格式以防止数据丢失
     1>E:/project/program/cuda_newest20160331/cuda_newest20160331/BNAPlatform-win64-cuda7.0-20160115/src/CUEC/CUEC/CUEC_unweighted.cu(76): warning : variable "i" was declared but never referenced
     1>E:/project/program/cuda_newest20160331/cuda_newest20160331/BNAPlatform-win64-cuda7.0-20160115/src/CUEC/CUEC/CUEC_unweighted.cu(76): warning : variable "j" was declared but never referenced
     1>E:/project/program/cuda_newest20160331/cuda_newest20160331/BNAPlatform-win64-cuda7.0-20160115/src/CUEC/CUEC/CUEC_unweighted.cu(85): warning : variable "cudaStat" was declared but never referenced
     1>E:/project/program/cuda_newest20160331/cuda_newest20160331/BNAPlatform-win64-cuda7.0-20160115/src/CUEC/CUEC/CUEC_unweighted.cu(86): warning : variable "stat" was set but never used
     1>E:/project/program/cuda_newest20160331/cuda_newest20160331/BNAPlatform-win64-cuda7.0-20160115/src/CUEC/CUEC/CUEC_unweighted.cu(113): warning : variable "temp2" was declared but never referenced
     1>E:/project/program/cuda_newest20160331/cuda_newest20160331/BNAPlatform-win64-cuda7.0-20160115/src/CUEC/CUEC/CUEC_unweighted.cu(234): warning : integer conversion resulted in a change of sign
     1>E:/project/program/cuda_newest20160331/cuda_newest20160331/BNAPlatform-win64-cuda7.0-20160115/src/CUEC/CUEC/CUEC_unweighted.cu(250): warning : integer conversion resulted in a change of sign
     1>E:/project/program/cuda_newest20160331/cuda_newest20160331/BNAPlatform-win64-cuda7.0-20160115/src/CUEC/CUEC/CUEC_unweighted.cu(27): warning : variable "ITERNUMBER" was declared but never referenced
     1>E:/project/program/cuda_newest20160331/cuda_newest20160331/BNAPlatform-win64-cuda7.0-20160115/src/CUEC/CUEC/CUEC_unweighted.cu(28): warning : variable "BETA_Adjust" was declared but never referenced
     1>E:/project/program/cuda_newest20160331/cuda_newest20160331/BNAPlatform-win64-cuda7.0-20160115/src/CUEC/CUEC/CUEC_unweighted.cu(30): warning : variable "LAMBDA" was declared but never referenced
     1>E:/project/program/cuda_newest20160331/cuda_newest20160331/BNAPlatform-win64-cuda7.0-20160115/src/CUEC/CUEC/CUEC_unweighted.cu(31): warning : variable "MIN_GROUP" was declared but never referenced
     1>E:/project/program/cuda_newest20160331/cuda_newest20160331/BNAPlatform-win64-cuda7.0-20160115/src/CUEC/CUEC/CUEC_unweighted.cu(33): warning : variable "threadnumx" was declared but never referenced
     1>E:/project/program/cuda_newest20160331/cuda_newest20160331/BNAPlatform-win64-cuda7.0-20160115/src/CUEC/CUEC/CUEC_unweighted.cu(34): warning : variable "threadnumy" was declared but never referenced
     1>c:\program files\nvidia gpu computing toolkit\cuda\v7.0\include\math_functions.h : warning C4819: 该文件包含不能在当前代码页(936)中表示的字符。请将该文件保存为 Unicode 格式以防止数据丢失
     1>c:\program files\nvidia gpu computing toolkit\cuda\v7.0\include\math_functions.h(877): warning C4819: 该文件包含不能在当前代码页(936)中表示的字符。请将该文件保存为 Unicode 格式以防止数据丢失
     1>c:\program files\nvidia gpu computing toolkit\cuda\v7.0\include\math_functions.h(1850): warning C4819: 该文件包含不能在当前代码页(936)中表示的字符。请将该文件保存为 Unicode 格式以防止数据丢失
     1>c:\program files\nvidia gpu computing toolkit\cuda\v7.0\include\math_functions.h(2728): warning C4819: 该文件包含不能在当前代码页(936)中表示的字符。请将该文件保存为 Unicode 格式以防止数据丢失
     1>c:\program files\nvidia gpu computing toolkit\cuda\v7.0\include\math_functions.h(3651): warning C4819: 该文件包含不能在当前代码页(936)中表示的字符。请将该文件保存为 Unicode 格式以防止数据丢失
     1>c:\program files\nvidia gpu computing toolkit\cuda\v7.0\include\math_functions.h(4595): warning C4819: 该文件包含不能在当前代码页(936)中表示的字符。请将该文件保存为 Unicode 格式以防止数据丢失
     1>c:\program files\nvidia gpu computing toolkit\cuda\v7.0\include\math_functions.h(5521): warning C4819: 该文件包含不能在当前代码页(936)中表示的字符。请将该文件保存为 Unicode 格式以防止数据丢失
     1>c:\program files\nvidia gpu computing toolkit\cuda\v7.0\include\math_functions.h(6421): warning C4819: 该文件包含不能在当前代码页(936)中表示的字符。请将该文件保存为 Unicode 格式以防止数据丢失
     1>c:\program files\nvidia gpu computing toolkit\cuda\v7.0\include\math_functions.h(7314): warning C4819: 该文件包含不能在当前代码页(936)中表示的字符。请将该文件保存为 Unicode 格式以防止数据丢失
     1>c:\program files\nvidia gpu computing toolkit\cuda\v7.0\include\math_functions.h(8227): warning C4819: 该文件包含不能在当前代码页(936)中表示的字符。请将该文件保存为 Unicode 格式以防止数据丢失
     1>c:\program files\nvidia gpu computing toolkit\cuda\v7.0\include\math_functions.h : warning C4819: 该文件包含不能在当前代码页(936)中表示的字符。请将该文件保存为 Unicode 格式以防止数据丢失
     1>c:\program files\nvidia gpu computing toolkit\cuda\v7.0\include\math_functions.h(877): warning C4819: 该文件包含不能在当前代码页(936)中表示的字符。请将该文件保存为 Unicode 格式以防止数据丢失
     1>c:\program files\nvidia gpu computing toolkit\cuda\v7.0\include\math_functions.h(1850): warning C4819: 该文件包含不能在当前代码页(936)中表示的字符。请将该文件保存为 Unicode 格式以防止数据丢失
     1>c:\program files\nvidia gpu computing toolkit\cuda\v7.0\include\math_functions.h(2728): warning C4819: 该文件包含不能在当前代码页(936)中表示的字符。请将该文件保存为 Unicode 格式以防止数据丢失
     1>c:\program files\nvidia gpu computing toolkit\cuda\v7.0\include\math_functions.h(3651): warning C4819: 该文件包含不能在当前代码页(936)中表示的字符。请将该文件保存为 Unicode 格式以防止数据丢失
     1>c:\program files\nvidia gpu computing toolkit\cuda\v7.0\include\math_functions.h(4595): warning C4819: 该文件包含不能在当前代码页(936)中表示的字符。请将该文件保存为 Unicode 格式以防止数据丢失
     1>c:\program files\nvidia gpu computing toolkit\cuda\v7.0\include\math_functions.h(5521): warning C4819: 该文件包含不能在当前代码页(936)中表示的字符。请将该文件保存为 Unicode 格式以防止数据丢失
     1>c:\program files\nvidia gpu computing toolkit\cuda\v7.0\include\math_functions.h(6421): warning C4819: 该文件包含不能在当前代码页(936)中表示的字符。请将该文件保存为 Unicode 格式以防止数据丢失
     1>c:\program files\nvidia gpu computing toolkit\cuda\v7.0\include\math_functions.h(7314): warning C4819: 该文件包含不能在当前代码页(936)中表示的字符。请将该文件保存为 Unicode 格式以防止数据丢失
     1>c:\program files\nvidia gpu computing toolkit\cuda\v7.0\include\math_functions.h(8227): warning C4819: 该文件包含不能在当前代码页(936)中表示的字符。请将该文件保存为 Unicode 格式以防止数据丢失
     1>c:\program files\nvidia gpu computing toolkit\cuda\v7.0\include\device_functions_decls.h : warning C4819: 该文件包含不能在当前代码页(936)中表示的字符。请将该文件保存为 Unicode 格式以防止数据丢失
     1>c:\program files\nvidia gpu computing toolkit\cuda\v7.0\include\device_functions_decls.h(917): warning C4819: 该文件包含不能在当前代码页(936)中表示的字符。请将该文件保存为 Unicode 格式以防止数据丢失
     1>c:\program files\nvidia gpu computing toolkit\cuda\v7.0\include\device_functions_decls.h(1921): warning C4819: 该文件包含不能在当前代码页(936)中表示的字符。请将该文件保存为 Unicode 格式以防止数据丢失
     1>c:\program files\nvidia gpu computing toolkit\cuda\v7.0\include\device_functions_decls.h(2857): warning C4819: 该文件包含不能在当前代码页(936)中表示的字符。请将该文件保存为 Unicode 格式以防止数据丢失
     1>c:\program files\nvidia gpu computing toolkit\cuda\v7.0\include\device_functions_decls.h(3802): warning C4819: 该文件包含不能在当前代码页(936)中表示的字符。请将该文件保存为 Unicode 格式以防止数据丢失
     1>c:\program files\nvidia gpu computing toolkit\cuda\v7.0\include\device_functions_decls.h(4747): warning C4819: 该文件包含不能在当前代码页(936)中表示的字符。请将该文件保存为 Unicode 格式以防止数据丢失
     1>c:\program files\nvidia gpu computing toolkit\cuda\v7.0\include\device_functions_decls.h(5772): warning C4819: 该文件包含不能在当前代码页(936)中表示的字符。请将该文件保存为 Unicode 格式以防止数据丢失
     1>c:\program files\nvidia gpu computing toolkit\cuda\v7.0\include\device_functions_decls.h(6719): warning C4819: 该文件包含不能在当前代码页(936)中表示的字符。请将该文件保存为 Unicode 格式以防止数据丢失
     1>c:\program files\nvidia gpu computing toolkit\cuda\v7.0\include\device_functions_decls.h(7652): warning C4819: 该文件包含不能在当前代码页(936)中表示的字符。请将该文件保存为 Unicode 格式以防止数据丢失
     1>c:\program files\nvidia gpu computing toolkit\cuda\v7.0\include\device_functions_decls.h(8526): warning C4819: 该文件包含不能在当前代码页(936)中表示的字符。请将该文件保存为 Unicode 格式以防止数据丢失
     1>c:\program files\nvidia gpu computing toolkit\cuda\v7.0\include\device_functions_decls.h(9492): warning C4819: 该文件包含不能在当前代码页(936)中表示的字符。请将该文件保存为 Unicode 格式以防止数据丢失
     1>c:\program files\nvidia gpu computing toolkit\cuda\v7.0\include\device_functions_decls.h(10478): warning C4819: 该文件包含不能在当前代码页(936)中表示的字符。请将该文件保存为 Unicode 格式以防止数据丢失
     1>c:\program files\nvidia gpu computing toolkit\cuda\v7.0\include\device_functions.h : warning C4819: 该文件包含不能在当前代码页(936)中表示的字符。请将该文件保存为 Unicode 格式以防止数据丢失
     1>c:\program files\nvidia gpu computing toolkit\cuda\v7.0\include\device_functions.h(775): warning C4819: 该文件包含不能在当前代码页(936)中表示的字符。请将该文件保存为 Unicode 格式以防止数据丢失
     1>c:\program files\nvidia gpu computing toolkit\cuda\v7.0\include\device_functions.h(1632): warning C4819: 该文件包含不能在当前代码页(936)中表示的字符。请将该文件保存为 Unicode 格式以防止数据丢失
     1>c:\program files\nvidia gpu computing toolkit\cuda\v7.0\include\device_double_functions.h : warning C4819: 该文件包含不能在当前代码页(936)中表示的字符。请将该文件保存为 Unicode 格式以防止数据丢失
     1>c:\program files\nvidia gpu computing toolkit\cuda\v7.0\include\math_functions.h : warning C4819: 该文件包含不能在当前代码页(936)中表示的字符。请将该文件保存为 Unicode 格式以防止数据丢失
     1>c:\program files\nvidia gpu computing toolkit\cuda\v7.0\include\math_functions.h(877): warning C4819: 该文件包含不能在当前代码页(936)中表示的字符。请将该文件保存为 Unicode 格式以防止数据丢失
     1>c:\program files\nvidia gpu computing toolkit\cuda\v7.0\include\math_functions.h(1850): warning C4819: 该文件包含不能在当前代码页(936)中表示的字符。请将该文件保存为 Unicode 格式以防止数据丢失
     1>c:\program files\nvidia gpu computing toolkit\cuda\v7.0\include\math_functions.h(2728): warning C4819: 该文件包含不能在当前代码页(936)中表示的字符。请将该文件保存为 Unicode 格式以防止数据丢失
     1>c:\program files\nvidia gpu computing toolkit\cuda\v7.0\include\math_functions.h(3651): warning C4819: 该文件包含不能在当前代码页(936)中表示的字符。请将该文件保存为 Unicode 格式以防止数据丢失
     1>c:\program files\nvidia gpu computing toolkit\cuda\v7.0\include\math_functions.h(4595): warning C4819: 该文件包含不能在当前代码页(936)中表示的字符。请将该文件保存为 Unicode 格式以防止数据丢失
     1>c:\program files\nvidia gpu computing toolkit\cuda\v7.0\include\math_functions.h(5521): warning C4819: 该文件包含不能在当前代码页(936)中表示的字符。请将该文件保存为 Unicode 格式以防止数据丢失
     1>c:\program files\nvidia gpu computing toolkit\cuda\v7.0\include\math_functions.h(6421): warning C4819: 该文件包含不能在当前代码页(936)中表示的字符。请将该文件保存为 Unicode 格式以防止数据丢失
     1>c:\program files\nvidia gpu computing toolkit\cuda\v7.0\include\math_functions.h(7314): warning C4819: 该文件包含不能在当前代码页(936)中表示的字符。请将该文件保存为 Unicode 格式以防止数据丢失
     1>c:\program files\nvidia gpu computing toolkit\cuda\v7.0\include\math_functions.h(8227): warning C4819: 该文件包含不能在当前代码页(936)中表示的字符。请将该文件保存为 Unicode 格式以防止数据丢失
     1>c:\program files\nvidia gpu computing toolkit\cuda\v7.0\include\device_functions.h : warning C4819: 该文件包含不能在当前代码页(936)中表示的字符。请将该文件保存为 Unicode 格式以防止数据丢失
     1>c:\program files\nvidia gpu computing toolkit\cuda\v7.0\include\device_functions.h(775): warning C4819: 该文件包含不能在当前代码页(936)中表示的字符。请将该文件保存为 Unicode 格式以防止数据丢失
     1>c:\program files\nvidia gpu computing toolkit\cuda\v7.0\include\device_functions.h(1632): warning C4819: 该文件包含不能在当前代码页(936)中表示的字符。请将该文件保存为 Unicode 格式以防止数据丢失
     1>c:\program files\nvidia gpu computing toolkit\cuda\v7.0\include\device_double_functions.h : warning C4819: 该文件包含不能在当前代码页(936)中表示的字符。请将该文件保存为 Unicode 格式以防止数据丢失
     1>C:\Program Files\NVIDIA GPU Computing Toolkit\CUDA\v7.0\include\device_functions.h : warning C4819: 该文件包含不能在当前代码页(936)中表示的字符。请将该文件保存为 Unicode 格式以防止数据丢失
     1>C:\Program Files\NVIDIA GPU Computing Toolkit\CUDA\v7.0\include\device_functions.h(775): warning C4819: 该文件包含不能在当前代码页(936)中表示的字符。请将该文件保存为 Unicode 格式以防止数据丢失
     1>C:\Program Files\NVIDIA GPU Computing Toolkit\CUDA\v7.0\include\device_functions.h(1632): warning C4819: 该文件包含不能在当前代码页(936)中表示的字符。请将该文件保存为 Unicode 格式以防止数据丢失
     1>E:/project/program/cuda_newest20160331/cuda_newest20160331/BNAPlatform-win64-cuda7.0-20160115/src/CUEC/CUEC/CUEC_unweighted.cu(76): warning : variable "i" was declared but never referenced
     1>E:/project/program/cuda_newest20160331/cuda_newest20160331/BNAPlatform-win64-cuda7.0-20160115/src/CUEC/CUEC/CUEC_unweighted.cu(76): warning : variable "j" was declared but never referenced
     1>E:/project/program/cuda_newest20160331/cuda_newest20160331/BNAPlatform-win64-cuda7.0-20160115/src/CUEC/CUEC/CUEC_unweighted.cu(85): warning : variable "cudaStat" was declared but never referenced
     1>E:/project/program/cuda_newest20160331/cuda_newest20160331/BNAPlatform-win64-cuda7.0-20160115/src/CUEC/CUEC/CUEC_unweighted.cu(86): warning : variable "stat" was set but never used
     1>E:/project/program/cuda_newest20160331/cuda_newest20160331/BNAPlatform-win64-cuda7.0-20160115/src/CUEC/CUEC/CUEC_unweighted.cu(113): warning : variable "temp2" was declared but never referenced
     1>E:/project/program/cuda_newest20160331/cuda_newest20160331/BNAPlatform-win64-cuda7.0-20160115/src/CUEC/CUEC/CUEC_unweighted.cu(234): warning : integer conversion resulted in a change of sign
     1>E:/project/program/cuda_newest20160331/cuda_newest20160331/BNAPlatform-win64-cuda7.0-20160115/src/CUEC/CUEC/CUEC_unweighted.cu(250): warning : integer conversion resulted in a change of sign
     1>E:/project/program/cuda_newest20160331/cuda_newest20160331/BNAPlatform-win64-cuda7.0-20160115/src/CUEC/CUEC/CUEC_unweighted.cu(27): warning : variable "ITERNUMBER" was declared but never referenced
     1>E:/project/program/cuda_newest20160331/cuda_newest20160331/BNAPlatform-win64-cuda7.0-20160115/src/CUEC/CUEC/CUEC_unweighted.cu(28): warning : variable "BETA_Adjust" was declared but never referenced
     1>E:/project/program/cuda_newest20160331/cuda_newest20160331/BNAPlatform-win64-cuda7.0-20160115/src/CUEC/CUEC/CUEC_unweighted.cu(30): warning : variable "LAMBDA" was declared but never referenced
     1>E:/project/program/cuda_newest20160331/cuda_newest20160331/BNAPlatform-win64-cuda7.0-20160115/src/CUEC/CUEC/CUEC_unweighted.cu(31): warning : variable "MIN_GROUP" was declared but never referenced
     1>E:/project/program/cuda_newest20160331/cuda_newest20160331/BNAPlatform-win64-cuda7.0-20160115/src/CUEC/CUEC/CUEC_unweighted.cu(33): warning : variable "threadnumx" was declared but never referenced
     1>E:/project/program/cuda_newest20160331/cuda_newest20160331/BNAPlatform-win64-cuda7.0-20160115/src/CUEC/CUEC/CUEC_unweighted.cu(34): warning : variable "threadnumy" was declared but never referenced
     1>c:\program files\nvidia gpu computing toolkit\cuda\v7.0\include\math_functions.h : warning C4819: 该文件包含不能在当前代码页(936)中表示的字符。请将该文件保存为 Unicode 格式以防止数据丢失
     1>c:\program files\nvidia gpu computing toolkit\cuda\v7.0\include\math_functions.h(877): warning C4819: 该文件包含不能在当前代码页(936)中表示的字符。请将该文件保存为 Unicode 格式以防止数据丢失
     1>c:\program files\nvidia gpu computing toolkit\cuda\v7.0\include\math_functions.h(1850): warning C4819: 该文件包含不能在当前代码页(936)中表示的字符。请将该文件保存为 Unicode 格式以防止数据丢失
     1>c:\program files\nvidia gpu computing toolkit\cuda\v7.0\include\math_functions.h(2728): warning C4819: 该文件包含不能在当前代码页(936)中表示的字符。请将该文件保存为 Unicode 格式以防止数据丢失
     1>c:\program files\nvidia gpu computing toolkit\cuda\v7.0\include\math_functions.h(3651): warning C4819: 该文件包含不能在当前代码页(936)中表示的字符。请将该文件保存为 Unicode 格式以防止数据丢失
     1>c:\program files\nvidia gpu computing toolkit\cuda\v7.0\include\math_functions.h(4595): warning C4819: 该文件包含不能在当前代码页(936)中表示的字符。请将该文件保存为 Unicode 格式以防止数据丢失
     1>c:\program files\nvidia gpu computing toolkit\cuda\v7.0\include\math_functions.h(5521): warning C4819: 该文件包含不能在当前代码页(936)中表示的字符。请将该文件保存为 Unicode 格式以防止数据丢失
     1>c:\program files\nvidia gpu computing toolkit\cuda\v7.0\include\math_functions.h(6421): warning C4819: 该文件包含不能在当前代码页(936)中表示的字符。请将该文件保存为 Unicode 格式以防止数据丢失
     1>c:\program files\nvidia gpu computing toolkit\cuda\v7.0\include\math_functions.h(7314): warning C4819: 该文件包含不能在当前代码页(936)中表示的字符。请将该文件保存为 Unicode 格式以防止数据丢失
     1>c:\program files\nvidia gpu computing toolkit\cuda\v7.0\include\math_functions.h(8227): warning C4819: 该文件包含不能在当前代码页(936)中表示的字符。请将该文件保存为 Unicode 格式以防止数据丢失
         CUEC_unweighted.cu
     1>E:/project/program/cuda_newest20160331/cuda_newest20160331/BNAPlatform-win64-cuda7.0-20160115/src/CUEC/CUEC/CUEC_unweighted.cu(67): warning C4244: “初始化”: 从“double”转换到“long”，可能丢失数据
     1>E:/project/program/cuda_newest20160331/cuda_newest20160331/BNAPlatform-win64-cuda7.0-20160115/src/CUEC/CUEC/CUEC_unweighted.cu(85): warning C4101: “cudaStat”: 未引用的局部变量
     1>E:/project/program/cuda_newest20160331/cuda_newest20160331/BNAPlatform-win64-cuda7.0-20160115/src/CUEC/CUEC/CUEC_unweighted.cu(284): warning C4244: “初始化”: 从“double”转换到“float”，可能丢失数据
       ClCompile:
         E:\softwareforwork\VS2012\VC\bin\CL.exe /c /I"C:\Program Files\NVIDIA GPU Computing Toolkit\CUDA\v7.0\include" /ZI /nologo /W3 /WX- /Od /Oy- /D WIN32 /D _DEBUG /D _CONSOLE /D _MBCS /Gm /EHsc /RTC1 /MDd /GS /fp:precise /Zc:wchar_t /Zc:forScope /Fo"Debug\\" /Fd"Debug\vc110.pdb" /Gd /TP /analyze- /errorReport:prompt Timer.cpp
         Timer.cpp
       Link:
         E:\softwareforwork\VS2012\VC\bin\link.exe /ERRORREPORT:PROMPT /OUT:"E:\project\program\cuda_newest20160331\cuda_newest20160331\BNAPlatform-win64-cuda7.0-20160115\src\Debug\CUEC.exe" /INCREMENTAL /NOLOGO /LIBPATH:"C:\Program Files\NVIDIA GPU Computing Toolkit\CUDA\v7.0\lib\Win32" cudart.lib kernel32.lib user32.lib gdi32.lib winspool.lib comdlg32.lib advapi32.lib shell32.lib ole32.lib oleaut32.lib uuid.lib odbc32.lib odbccp32.lib kernel32.lib user32.lib gdi32.lib winspool.lib comdlg32.lib advapi32.lib shell32.lib ole32.lib oleaut32.lib uuid.lib odbc32.lib odbccp32.lib /MANIFEST /MANIFESTUAC:"level='asInvoker' uiAccess='false'" /manifest:embed /DEBUG /PDB:"E:\project\program\cuda_newest20160331\cuda_newest20160331\BNAPlatform-win64-cuda7.0-20160115\src\Debug\CUEC.pdb" /SUBSYSTEM:CONSOLE /TLBID:1 /DYNAMICBASE /NXCOMPAT /IMPLIB:"E:\project\program\cuda_newest20160331\cuda_newest20160331\BNAPlatform-win64-cuda7.0-20160115\src\Debug\CUEC.lib" /MACHINE:X86 Debug\CUEC_unweighted.cu.obj
         Debug\Timer.obj
     1>CUEC_unweighted.cu.obj : error LNK2019: 无法解析的外部符号 _cublasCreate_v2@4，该符号在函数 "double __cdecl Lead_Vector_GPU(int *,int *,long,double *)" (?Lead_Vector_GPU@@YANPAH0JPAN@Z) 中被引用
     1>CUEC_unweighted.cu.obj : error LNK2019: 无法解析的外部符号 _cublasDestroy_v2@4，该符号在函数 "double __cdecl Lead_Vector_GPU(int *,int *,long,double *)" (?Lead_Vector_GPU@@YANPAH0JPAN@Z) 中被引用
     1>CUEC_unweighted.cu.obj : error LNK2019: 无法解析的外部符号 _cublasDnrm2_v2@20，该符号在函数 "double __cdecl Lead_Vector_GPU(int *,int *,long,double *)" (?Lead_Vector_GPU@@YANPAH0JPAN@Z) 中被引用
     1>CUEC_unweighted.cu.obj : error LNK2019: 无法解析的外部符号 _cublasDscal_v2@20，该符号在函数 "double __cdecl Lead_Vector_GPU(int *,int *,long,double *)" (?Lead_Vector_GPU@@YANPAH0JPAN@Z) 中被引用
     1>CUEC_unweighted.cu.obj : error LNK2019: 无法解析的外部符号 _cublasDcopy_v2@24，该符号在函数 "double __cdecl Lead_Vector_GPU(int *,int *,long,double *)" (?Lead_Vector_GPU@@YANPAH0JPAN@Z) 中被引用
     1>CUEC_unweighted.cu.obj : error LNK2019: 无法解析的外部符号 _cusparseCreate@4，该符号在函数 "double __cdecl Lead_Vector_GPU(int *,int *,long,double *)" (?Lead_Vector_GPU@@YANPAH0JPAN@Z) 中被引用
     1>CUEC_unweighted.cu.obj : error LNK2019: 无法解析的外部符号 _cusparseDestroy@4，该符号在函数 "double __cdecl Lead_Vector_GPU(int *,int *,long,double *)" (?Lead_Vector_GPU@@YANPAH0JPAN@Z) 中被引用
     1>CUEC_unweighted.cu.obj : error LNK2019: 无法解析的外部符号 _cusparseCreateMatDescr@4，该符号在函数 "double __cdecl Lead_Vector_GPU(int *,int *,long,double *)" (?Lead_Vector_GPU@@YANPAH0JPAN@Z) 中被引用
     1>CUEC_unweighted.cu.obj : error LNK2019: 无法解析的外部符号 _cusparseDestroyMatDescr@4，该符号在函数 "double __cdecl Lead_Vector_GPU(int *,int *,long,double *)" (?Lead_Vector_GPU@@YANPAH0JPAN@Z) 中被引用
     1>CUEC_unweighted.cu.obj : error LNK2019: 无法解析的外部符号 _cusparseSetMatType@8，该符号在函数 "double __cdecl Lead_Vector_GPU(int *,int *,long,double *)" (?Lead_Vector_GPU@@YANPAH0JPAN@Z) 中被引用
     1>CUEC_unweighted.cu.obj : error LNK2019: 无法解析的外部符号 _cusparseSetMatIndexBase@8，该符号在函数 "double __cdecl Lead_Vector_GPU(int *,int *,long,double *)" (?Lead_Vector_GPU@@YANPAH0JPAN@Z) 中被引用
     1>CUEC_unweighted.cu.obj : error LNK2019: 无法解析的外部符号 _cusparseDcsrmv@52，该符号在函数 "double __cdecl Lead_Vector_GPU(int *,int *,long,double *)" (?Lead_Vector_GPU@@YANPAH0JPAN@Z) 中被引用
     1>E:\project\program\cuda_newest20160331\cuda_newest20160331\BNAPlatform-win64-cuda7.0-20160115\src\Debug\CUEC.exe : fatal error LNK1120: 12 个无法解析的外部命令
     1>已完成生成项目“E:\project\program\cuda_newest20160331\cuda_newest20160331\BNAPlatform-win64-cuda7.0-20160115\src\CUEC\CUEC\CUEC.vcxproj”(Rebuild 个目标)的操作 - 失败。

生成失败。

已用时间 00:00:42.17
