E:\PROJECT\PROGRAM\CUDA_NEWEST20160115-4MM-SOLE-CORRELATION160331\CUDA_NEWEST20160115-4MM-SOLE-CORRELATION\BNAPLATFORM-WEIGHTED-NETWORK-WIN64-CUDA7.0-20160115\SRC\LP\CUBFW_LP\CUBFW_LP\X64\RELEASE\TIMER.OBJ
E:\PROJECT\PROGRAM\CUDA_NEWEST20160115-4MM-SOLE-CORRELATION160331\CUDA_NEWEST20160115-4MM-SOLE-CORRELATION\BNAPLATFORM-WEIGHTED-NETWORK-WIN64-CUDA7.0-20160115\SRC\LP\CUBFW_LP\CUBFW_LP\X64\RELEASE\MYTIMER.OBJ
E:\PROJECT\PROGRAM\CUDA_NEWEST20160115-4MM-SOLE-CORRELATION160331\CUDA_NEWEST20160115-4MM-SOLE-CORRELATION\BNAPLATFORM-WEIGHTED-NETWORK-WIN64-CUDA7.0-20160115\SRC\LP\CUBFW_LP\CUBFW_LP\X64\RELEASE\MASLOV.OBJ
E:\PROJECT\PROGRAM\CUDA_NEWEST20160115-4MM-SOLE-CORRELATION160331\CUDA_NEWEST20160115-4MM-SOLE-CORRELATION\BNAPLATFORM-WEIGHTED-NETWORK-WIN64-CUDA7.0-20160115\SRC\LP\CUBFW_LP\CUBFW_LP\X64\RELEASE\FORMBLOCK.OBJ
E:\PROJECT\PROGRAM\CUDA_NEWEST20160115-4MM-SOLE-CORRELATION160331\CUDA_NEWEST20160115-4MM-SOLE-CORRELATION\BNAPLATFORM-WEIGHTED-NETWORK-WIN64-CUDA7.0-20160115\SRC\LP\CUBFW_LP\CUBFW_LP\X64\RELEASE\CUBFW_LP_MAIN.OBJ
E:\PROJECT\PROGRAM\CUDA_NEWEST20160115-4MM-SOLE-CORRELATION160331\CUDA_NEWEST20160115-4MM-SOLE-CORRELATION\BNAPLATFORM-WEIGHTED-NETWORK-WIN64-CUDA7.0-20160115\SRC\LP\CUBFW_LP\CUBFW_LP\X64\RELEASE\CUBFW_LP.OBJ
E:\PROJECT\PROGRAM\CUDA_NEWEST20160115-4MM-SOLE-CORRELATION160331\CUDA_NEWEST20160115-4MM-SOLE-CORRELATION\BNAPLATFORM-WEIGHTED-NETWORK-WIN64-CUDA7.0-20160115\SRC\LP\CUBFW_LP\CUBFW_LP\X64\RELEASE\CUBFW.OBJ
E:\PROJECT\PROGRAM\CUDA_NEWEST20160115-4MM-SOLE-CORRELATION160331\CUDA_NEWEST20160115-4MM-SOLE-CORRELATION\BNAPLATFORM-WEIGHTED-NETWORK-WIN64-CUDA7.0-20160115\SRC\LP\CUBFW_LP\CUBFW_LP\X64\RELEASE\BFW.OBJ
E:\PROJECT\PROGRAM\CUDA_NEWEST20160115-4MM-SOLE-CORRELATION160331\CUDA_NEWEST20160115-4MM-SOLE-CORRELATION\BNAPLATFORM-WEIGHTED-NETWORK-WIN64-CUDA7.0-20160115\SRC\LP\CUBFW_LP\CUBFW_LP\X64\RELEASE\APSP_BFS.OBJ
E:\PROJECT\PROGRAM\CUDA_NEWEST20160115-4MM-SOLE-CORRELATION160331\CUDA_NEWEST20160115-4MM-SOLE-CORRELATION\BNAPLATFORM-WEIGHTED-NETWORK-WIN64-CUDA7.0-20160115\SRC\LP\CUBFW_LP\CUBFW_LP\X64\RELEASE\VC110.PDB
E:\PROJECT\PROGRAM\CUDA_NEWEST20160115-4MM-SOLE-CORRELATION160331\CUDA_NEWEST20160115-4MM-SOLE-CORRELATION\BNAPLATFORM-WEIGHTED-NETWORK-WIN64-CUDA7.0-20160115\BIN\CUBFW_LP.EXE
E:\PROJECT\PROGRAM\CUDA_NEWEST20160115-4MM-SOLE-CORRELATION160331\CUDA_NEWEST20160115-4MM-SOLE-CORRELATION\BNAPLATFORM-WEIGHTED-NETWORK-WIN64-CUDA7.0-20160115\BIN\CUBFW_LP.PDB
E:\project\program\cuda_newest20160115-4mm-sole-correlation160331\cuda_newest20160115-4mm-sole-correlation\BNAPlatform-weighted-network-win64-cuda7.0-20160115\src\Lp\CUBFW_Lp\CUBFW_Lp\x64\Release\CUBFW_ph1.cu.cache
E:\project\program\cuda_newest20160115-4mm-sole-correlation160331\cuda_newest20160115-4mm-sole-correlation\BNAPlatform-weighted-network-win64-cuda7.0-20160115\src\Lp\CUBFW_Lp\CUBFW_Lp\x64\Release\CUBFW_ph2.cu.cache
E:\project\program\cuda_newest20160115-4mm-sole-correlation160331\cuda_newest20160115-4mm-sole-correlation\BNAPlatform-weighted-network-win64-cuda7.0-20160115\src\Lp\CUBFW_Lp\CUBFW_Lp\x64\Release\CUBFW_ph3.cu.cache
E:\project\program\cuda_newest20160115-4mm-sole-correlation160331\cuda_newest20160115-4mm-sole-correlation\BNAPlatform-weighted-network-win64-cuda7.0-20160115\src\Lp\CUBFW_Lp\CUBFW_Lp\x64\Release\cuTranspose.cu.cache
E:\project\program\cuda_newest20160115-4mm-sole-correlation160331\cuda_newest20160115-4mm-sole-correlation\BNAPlatform-weighted-network-win64-cuda7.0-20160115\src\Lp\CUBFW_Lp\CUBFW_Lp\x64\Release\APSP_BFS.obj
E:\project\program\cuda_newest20160115-4mm-sole-correlation160331\cuda_newest20160115-4mm-sole-correlation\BNAPlatform-weighted-network-win64-cuda7.0-20160115\src\Lp\CUBFW_Lp\CUBFW_Lp\x64\Release\BFW.obj
E:\project\program\cuda_newest20160115-4mm-sole-correlation160331\cuda_newest20160115-4mm-sole-correlation\BNAPlatform-weighted-network-win64-cuda7.0-20160115\src\Lp\CUBFW_Lp\CUBFW_Lp\x64\Release\CUBFW.obj
E:\project\program\cuda_newest20160115-4mm-sole-correlation160331\cuda_newest20160115-4mm-sole-correlation\BNAPlatform-weighted-network-win64-cuda7.0-20160115\src\Lp\CUBFW_Lp\CUBFW_Lp\x64\Release\CUBFW_Lp.obj
E:\project\program\cuda_newest20160115-4mm-sole-correlation160331\cuda_newest20160115-4mm-sole-correlation\BNAPlatform-weighted-network-win64-cuda7.0-20160115\src\Lp\CUBFW_Lp\CUBFW_Lp\x64\Release\CUBFW_Lp_main.obj
E:\project\program\cuda_newest20160115-4mm-sole-correlation160331\cuda_newest20160115-4mm-sole-correlation\BNAPlatform-weighted-network-win64-cuda7.0-20160115\src\Lp\CUBFW_Lp\CUBFW_Lp\x64\Release\CUBFW_ph1.cu.obj
E:\project\program\cuda_newest20160115-4mm-sole-correlation160331\cuda_newest20160115-4mm-sole-correlation\BNAPlatform-weighted-network-win64-cuda7.0-20160115\src\Lp\CUBFW_Lp\CUBFW_Lp\x64\Release\CUBFW_ph2.cu.obj
E:\project\program\cuda_newest20160115-4mm-sole-correlation160331\cuda_newest20160115-4mm-sole-correlation\BNAPlatform-weighted-network-win64-cuda7.0-20160115\src\Lp\CUBFW_Lp\CUBFW_Lp\x64\Release\CUBFW_ph3.cu.obj
E:\project\program\cuda_newest20160115-4mm-sole-correlation160331\cuda_newest20160115-4mm-sole-correlation\BNAPlatform-weighted-network-win64-cuda7.0-20160115\src\Lp\CUBFW_Lp\CUBFW_Lp\x64\Release\cuTranspose.cu.obj
E:\project\program\cuda_newest20160115-4mm-sole-correlation160331\cuda_newest20160115-4mm-sole-correlation\BNAPlatform-weighted-network-win64-cuda7.0-20160115\src\Lp\CUBFW_Lp\CUBFW_Lp\x64\Release\FormBlock.obj
E:\project\program\cuda_newest20160115-4mm-sole-correlation160331\cuda_newest20160115-4mm-sole-correlation\BNAPlatform-weighted-network-win64-cuda7.0-20160115\src\Lp\CUBFW_Lp\CUBFW_Lp\x64\Release\Maslov.obj
E:\project\program\cuda_newest20160115-4mm-sole-correlation160331\cuda_newest20160115-4mm-sole-correlation\BNAPlatform-weighted-network-win64-cuda7.0-20160115\src\Lp\CUBFW_Lp\CUBFW_Lp\x64\Release\mytimer.obj
E:\project\program\cuda_newest20160115-4mm-sole-correlation160331\cuda_newest20160115-4mm-sole-correlation\BNAPlatform-weighted-network-win64-cuda7.0-20160115\src\Lp\CUBFW_Lp\CUBFW_Lp\x64\Release\Timer.obj
E:\project\program\cuda_newest20160115-4mm-sole-correlation160331\cuda_newest20160115-4mm-sole-correlation\BNAPlatform-weighted-network-win64-cuda7.0-20160115\src\Lp\CUBFW_Lp\CUBFW_Lp\x64\Release\cl.command.1.tlog
E:\project\program\cuda_newest20160115-4mm-sole-correlation160331\cuda_newest20160115-4mm-sole-correlation\BNAPlatform-weighted-network-win64-cuda7.0-20160115\src\Lp\CUBFW_Lp\CUBFW_Lp\x64\Release\CL.read.1.tlog
E:\project\program\cuda_newest20160115-4mm-sole-correlation160331\cuda_newest20160115-4mm-sole-correlation\BNAPlatform-weighted-network-win64-cuda7.0-20160115\src\Lp\CUBFW_Lp\CUBFW_Lp\x64\Release\CL.write.1.tlog
E:\project\program\cuda_newest20160115-4mm-sole-correlation160331\cuda_newest20160115-4mm-sole-correlation\BNAPlatform-weighted-network-win64-cuda7.0-20160115\src\Lp\CUBFW_Lp\CUBFW_Lp\x64\Release\link-cvtres.read.1.tlog
E:\project\program\cuda_newest20160115-4mm-sole-correlation160331\cuda_newest20160115-4mm-sole-correlation\BNAPlatform-weighted-network-win64-cuda7.0-20160115\src\Lp\CUBFW_Lp\CUBFW_Lp\x64\Release\link-cvtres.write.1.tlog
E:\project\program\cuda_newest20160115-4mm-sole-correlation160331\cuda_newest20160115-4mm-sole-correlation\BNAPlatform-weighted-network-win64-cuda7.0-20160115\src\Lp\CUBFW_Lp\CUBFW_Lp\x64\Release\link-rc.read.1.tlog
E:\project\program\cuda_newest20160115-4mm-sole-correlation160331\cuda_newest20160115-4mm-sole-correlation\BNAPlatform-weighted-network-win64-cuda7.0-20160115\src\Lp\CUBFW_Lp\CUBFW_Lp\x64\Release\link-rc.write.1.tlog
E:\project\program\cuda_newest20160115-4mm-sole-correlation160331\cuda_newest20160115-4mm-sole-correlation\BNAPlatform-weighted-network-win64-cuda7.0-20160115\src\Lp\CUBFW_Lp\CUBFW_Lp\x64\Release\link.command.1.tlog
E:\project\program\cuda_newest20160115-4mm-sole-correlation160331\cuda_newest20160115-4mm-sole-correlation\BNAPlatform-weighted-network-win64-cuda7.0-20160115\src\Lp\CUBFW_Lp\CUBFW_Lp\x64\Release\link.read.1.tlog
E:\project\program\cuda_newest20160115-4mm-sole-correlation160331\cuda_newest20160115-4mm-sole-correlation\BNAPlatform-weighted-network-win64-cuda7.0-20160115\src\Lp\CUBFW_Lp\CUBFW_Lp\x64\Release\link.write.1.tlog
E:\project\program\cuda_newest20160115-4mm-sole-correlation160331\cuda_newest20160115-4mm-sole-correlation\BNAPlatform-weighted-network-win64-cuda7.0-20160115\src\Lp\CUBFW_Lp\CUBFW_Lp\x64\Release\vc110.pdb
E:\project\program\cuda_newest20160115-4mm-sole-correlation160331\cuda_newest20160115-4mm-sole-correlation\BNAPlatform-weighted-network-win64-cuda7.0-20160115\src\Lp\CUBFW_Lp\CUBFW_Lp\..\..\..\..\bin\CUBFW_Lp.exe
