生成启动时间为 2016/4/6 16:57:29。
     1>项目“E:\project\program\cuda_newest20160331\cuda_newest20160331\BNAPlatform-win64-cuda7.0-20160115\src\Newman_Modularity_CPU\Modularity_CPU\Modularity_CPU.vcxproj”在节点 8 上(Rebuild 个目标)。
     1>ClCompile:
         E:\softwareforwork\VS2012\VC\bin\x86_amd64\CL.exe /c /I..\..\common /Zi /nologo /W3 /WX- /Od /D WIN32 /D _DEBUG /D _CONSOLE /D _UNICODE /D UNICODE /Gm /EHsc /RTC1 /MDd /GS /fp:precise /Zc:wchar_t /Zc:forScope /Fo"x64\Debug\\" /Fd"x64\Debug\vc110.pdb" /Gd /TP /errorReport:prompt ..\..\common\Timer.cpp ..\..\Maslov\Maslov\Maslov.cpp Modularity_CPU.cpp
         Modularity_CPU.cpp
     1>Modularity_CPU.cpp(265): warning C4244: “=”: 从“__int64”转换到“double”，可能丢失数据
     1>Modularity_CPU.cpp(320): warning C4244: “参数”: 从“time_t”转换到“unsigned int”，可能丢失数据
     1>Modularity_CPU.cpp(322): warning C4244: “=”: 从“__int64”转换到“double”，可能丢失数据
         Maslov.cpp
     1>..\..\Maslov\Maslov\Maslov.cpp(20): warning C4244: “参数”: 从“time_t”转换到“unsigned int”，可能丢失数据
         Timer.cpp
         正在生成代码...
       Link:
         E:\softwareforwork\VS2012\VC\bin\x86_amd64\link.exe /ERRORREPORT:PROMPT /OUT:"E:\project\program\cuda_newest20160331\cuda_newest20160331\BNAPlatform-win64-cuda7.0-20160115\src\x64\Debug\Newman_Modularity_CPU.exe" /INCREMENTAL /NOLOGO kernel32.lib user32.lib gdi32.lib winspool.lib comdlg32.lib advapi32.lib shell32.lib ole32.lib oleaut32.lib uuid.lib odbc32.lib odbccp32.lib /MANIFEST /MANIFESTUAC:"level='asInvoker' uiAccess='false'" /manifest:embed /DEBUG /PDB:"E:\project\program\cuda_newest20160331\cuda_newest20160331\BNAPlatform-win64-cuda7.0-20160115\src\x64\Debug\Newman_Modularity_CPU.pdb" /SUBSYSTEM:CONSOLE /TLBID:1 /DYNAMICBASE /NXCOMPAT /IMPLIB:"E:\project\program\cuda_newest20160331\cuda_newest20160331\BNAPlatform-win64-cuda7.0-20160115\src\x64\Debug\Newman_Modularity_CPU.lib" /MACHINE:X64 x64\Debug\Timer.obj
         x64\Debug\Maslov.obj
         x64\Debug\Modularity_CPU.obj
         Modularity_CPU.vcxproj -> E:\project\program\cuda_newest20160331\cuda_newest20160331\BNAPlatform-win64-cuda7.0-20160115\src\x64\Debug\Newman_Modularity_CPU.exe
     1>已完成生成项目“E:\project\program\cuda_newest20160331\cuda_newest20160331\BNAPlatform-win64-cuda7.0-20160115\src\Newman_Modularity_CPU\Modularity_CPU\Modularity_CPU.vcxproj”(Rebuild 个目标)的操作。

生成成功。

已用时间 00:00:02.92
